#! /usr/bin/vvp
:ivl_version "10.1 (stable)";
:ivl_delay_selection "TYPICAL";
:vpi_time_precision + 0;
:vpi_module "system";
:vpi_module "vhdl_sys";
:vpi_module "v2005_math";
:vpi_module "va_math";
S_0x561f606d2310 .scope module, "eight_bit_ripple_carry_adder_tb" "eight_bit_ripple_carry_adder_tb" 2 4;
 .timescale 0 0;
v0x561f606f9300_0 .var "a", 7 0;
v0x561f606f93e0_0 .var "b", 7 0;
v0x561f606f94b0_0 .var "cin", 0 0;
v0x561f606f95b0_0 .net "cout", 0 0, L_0x561f6070deb0;  1 drivers
v0x561f606f96a0_0 .net "sum", 7 0, L_0x561f6070e6a0;  1 drivers
S_0x561f606c6f30 .scope module, "Test" "eight_bit_ripple_carry_adder" 2 12, 3 1 0, S_0x561f606d2310;
 .timescale 0 0;
    .port_info 0 /INPUT 8 "a"
    .port_info 1 /INPUT 8 "b"
    .port_info 2 /INPUT 1 "cin"
    .port_info 3 /OUTPUT 1 "cout"
    .port_info 4 /OUTPUT 8 "sum"
L_0x7fd402cfa018 .functor BUFT 1, C4<00000000000000000000000000000000>, C4<0>, C4<0>, C4<0>;
v0x561f606f8c90_0 .net/2s *"_s4", 31 0, L_0x7fd402cfa018;  1 drivers
v0x561f606f8d90_0 .net "a", 7 0, v0x561f606f9300_0;  1 drivers
v0x561f606f8e70_0 .net "b", 7 0, v0x561f606f93e0_0;  1 drivers
v0x561f606f8f30_0 .net "carry", 6 0, L_0x561f6070d870;  1 drivers
v0x561f606f9010_0 .net "cin", 0 0, v0x561f606f94b0_0;  1 drivers
v0x561f606f90d0_0 .net "cout", 0 0, L_0x561f6070deb0;  alias, 1 drivers
v0x561f606f9170_0 .net "sum", 7 0, L_0x561f6070e6a0;  alias, 1 drivers
L_0x561f606f9d70 .part v0x561f606f9300_0, 0, 1;
L_0x561f606f9ea0 .part v0x561f606f93e0_0, 0, 1;
L_0x561f60709fe0 .part L_0x7fd402cfa018, 0, 1;
L_0x561f6070a710 .part v0x561f606f9300_0, 1, 1;
L_0x561f6070a870 .part v0x561f606f93e0_0, 1, 1;
L_0x561f6070a9a0 .part L_0x561f6070d870, 0, 1;
L_0x561f6070b050 .part v0x561f606f9300_0, 2, 1;
L_0x561f6070b210 .part v0x561f606f93e0_0, 2, 1;
L_0x561f6070b420 .part L_0x561f6070d870, 1, 1;
L_0x561f6070ba10 .part v0x561f606f9300_0, 3, 1;
L_0x561f6070bba0 .part v0x561f606f93e0_0, 3, 1;
L_0x561f6070bcd0 .part L_0x561f6070d870, 2, 1;
L_0x561f6070c360 .part v0x561f606f9300_0, 4, 1;
L_0x561f6070c490 .part v0x561f606f93e0_0, 4, 1;
L_0x561f6070c640 .part L_0x561f6070d870, 3, 1;
L_0x561f6070cc80 .part v0x561f606f9300_0, 5, 1;
L_0x561f6070ce40 .part v0x561f606f93e0_0, 5, 1;
L_0x561f6070cf70 .part L_0x561f6070d870, 4, 1;
L_0x561f6070d680 .part v0x561f606f9300_0, 6, 1;
L_0x561f6070d720 .part v0x561f606f93e0_0, 6, 1;
L_0x561f6070d0a0 .part L_0x561f6070d870, 5, 1;
LS_0x561f6070d870_0_0 .concat8 [ 1 1 1 1], L_0x561f606f9af0, L_0x561f6070a490, L_0x561f6070add0, L_0x561f6070b790;
LS_0x561f6070d870_0_4 .concat8 [ 1 1 1 0], L_0x561f6070c0e0, L_0x561f6070ca00, L_0x561f6070d400;
L_0x561f6070d870 .concat8 [ 4 3 0 0], LS_0x561f6070d870_0_0, LS_0x561f6070d870_0_4;
L_0x561f6070e130 .part v0x561f606f9300_0, 7, 1;
L_0x561f6070e260 .part v0x561f606f93e0_0, 7, 1;
L_0x561f6070e460 .part L_0x561f6070d870, 6, 1;
LS_0x561f6070e6a0_0_0 .concat8 [ 1 1 1 1], L_0x561f606f9cb0, L_0x561f6070a650, L_0x561f6070af90, L_0x561f6070b950;
LS_0x561f6070e6a0_0_4 .concat8 [ 1 1 1 1], L_0x561f6070c2a0, L_0x561f6070cbc0, L_0x561f6070d5c0, L_0x561f6070e070;
L_0x561f6070e6a0 .concat8 [ 4 4 0 0], LS_0x561f6070e6a0_0_0, LS_0x561f6070e6a0_0_4;
S_0x561f606c9d40 .scope module, "D1" "one_bit_full_adder" 3 11, 4 1 0, S_0x561f606c6f30;
 .timescale 0 0;
    .port_info 0 /INPUT 1 "a"
    .port_info 1 /INPUT 1 "b"
    .port_info 2 /INPUT 1 "cin"
    .port_info 3 /OUTPUT 1 "sum"
    .port_info 4 /OUTPUT 1 "cout"
L_0x561f606d47b0 .functor AND 1, L_0x561f606f9d70, L_0x561f606f9ea0, C4<1>, C4<1>;
L_0x561f606d4820 .functor AND 1, L_0x561f606f9ea0, L_0x561f60709fe0, C4<1>, C4<1>;
L_0x561f606f9870 .functor OR 1, L_0x561f606d47b0, L_0x561f606d4820, C4<0>, C4<0>;
L_0x561f606f99b0 .functor AND 1, L_0x561f60709fe0, L_0x561f606f9d70, C4<1>, C4<1>;
L_0x561f606f9af0 .functor OR 1, L_0x561f606f9870, L_0x561f606f99b0, C4<0>, C4<0>;
L_0x561f606f9c00 .functor XOR 1, L_0x561f606f9d70, L_0x561f606f9ea0, C4<0>, C4<0>;
L_0x561f606f9cb0 .functor XOR 1, L_0x561f606f9c00, L_0x561f60709fe0, C4<0>, C4<0>;
v0x561f606d1440_0 .net *"_s0", 0 0, L_0x561f606d47b0;  1 drivers
v0x561f606ce630_0 .net *"_s10", 0 0, L_0x561f606f9c00;  1 drivers
v0x561f606cb820_0 .net *"_s2", 0 0, L_0x561f606d4820;  1 drivers
v0x561f606c8a10_0 .net *"_s4", 0 0, L_0x561f606f9870;  1 drivers
v0x561f606c5c00_0 .net *"_s6", 0 0, L_0x561f606f99b0;  1 drivers
v0x561f606c2df0_0 .net "a", 0 0, L_0x561f606f9d70;  1 drivers
v0x561f606bff30_0 .net "b", 0 0, L_0x561f606f9ea0;  1 drivers
v0x561f606f3e40_0 .net "cin", 0 0, L_0x561f60709fe0;  1 drivers
v0x561f606f3f00_0 .net "cout", 0 0, L_0x561f606f9af0;  1 drivers
v0x561f606f3fc0_0 .net "sum", 0 0, L_0x561f606f9cb0;  1 drivers
S_0x561f606ccb50 .scope module, "D2" "one_bit_full_adder" 3 12, 4 1 0, S_0x561f606c6f30;
 .timescale 0 0;
    .port_info 0 /INPUT 1 "a"
    .port_info 1 /INPUT 1 "b"
    .port_info 2 /INPUT 1 "cin"
    .port_info 3 /OUTPUT 1 "sum"
    .port_info 4 /OUTPUT 1 "cout"
L_0x561f6070a110 .functor AND 1, L_0x561f6070a710, L_0x561f6070a870, C4<1>, C4<1>;
L_0x561f6070a180 .functor AND 1, L_0x561f6070a870, L_0x561f6070a9a0, C4<1>, C4<1>;
L_0x561f6070a240 .functor OR 1, L_0x561f6070a110, L_0x561f6070a180, C4<0>, C4<0>;
L_0x561f6070a350 .functor AND 1, L_0x561f6070a9a0, L_0x561f6070a710, C4<1>, C4<1>;
L_0x561f6070a490 .functor OR 1, L_0x561f6070a240, L_0x561f6070a350, C4<0>, C4<0>;
L_0x561f6070a5a0 .functor XOR 1, L_0x561f6070a710, L_0x561f6070a870, C4<0>, C4<0>;
L_0x561f6070a650 .functor XOR 1, L_0x561f6070a5a0, L_0x561f6070a9a0, C4<0>, C4<0>;
v0x561f606f41c0_0 .net *"_s0", 0 0, L_0x561f6070a110;  1 drivers
v0x561f606f4280_0 .net *"_s10", 0 0, L_0x561f6070a5a0;  1 drivers
v0x561f606f4360_0 .net *"_s2", 0 0, L_0x561f6070a180;  1 drivers
v0x561f606f4400_0 .net *"_s4", 0 0, L_0x561f6070a240;  1 drivers
v0x561f606f44c0_0 .net *"_s6", 0 0, L_0x561f6070a350;  1 drivers
v0x561f606f45d0_0 .net "a", 0 0, L_0x561f6070a710;  1 drivers
v0x561f606f4690_0 .net "b", 0 0, L_0x561f6070a870;  1 drivers
v0x561f606f4750_0 .net "cin", 0 0, L_0x561f6070a9a0;  1 drivers
v0x561f606f4810_0 .net "cout", 0 0, L_0x561f6070a490;  1 drivers
v0x561f606f48d0_0 .net "sum", 0 0, L_0x561f6070a650;  1 drivers
S_0x561f606cf960 .scope module, "D3" "one_bit_full_adder" 3 13, 4 1 0, S_0x561f606c6f30;
 .timescale 0 0;
    .port_info 0 /INPUT 1 "a"
    .port_info 1 /INPUT 1 "b"
    .port_info 2 /INPUT 1 "cin"
    .port_info 3 /OUTPUT 1 "sum"
    .port_info 4 /OUTPUT 1 "cout"
L_0x561f6070ab10 .functor AND 1, L_0x561f6070b050, L_0x561f6070b210, C4<1>, C4<1>;
L_0x561f6070ab80 .functor AND 1, L_0x561f6070b210, L_0x561f6070b420, C4<1>, C4<1>;
L_0x561f6070abf0 .functor OR 1, L_0x561f6070ab10, L_0x561f6070ab80, C4<0>, C4<0>;
L_0x561f6070ac90 .functor AND 1, L_0x561f6070b420, L_0x561f6070b050, C4<1>, C4<1>;
L_0x561f6070add0 .functor OR 1, L_0x561f6070abf0, L_0x561f6070ac90, C4<0>, C4<0>;
L_0x561f6070aee0 .functor XOR 1, L_0x561f6070b050, L_0x561f6070b210, C4<0>, C4<0>;
L_0x561f6070af90 .functor XOR 1, L_0x561f6070aee0, L_0x561f6070b420, C4<0>, C4<0>;
v0x561f606f4ab0_0 .net *"_s0", 0 0, L_0x561f6070ab10;  1 drivers
v0x561f606f4b70_0 .net *"_s10", 0 0, L_0x561f6070aee0;  1 drivers
v0x561f606f4c50_0 .net *"_s2", 0 0, L_0x561f6070ab80;  1 drivers
v0x561f606f4d20_0 .net *"_s4", 0 0, L_0x561f6070abf0;  1 drivers
v0x561f606f4de0_0 .net *"_s6", 0 0, L_0x561f6070ac90;  1 drivers
v0x561f606f4ef0_0 .net "a", 0 0, L_0x561f6070b050;  1 drivers
v0x561f606f4fb0_0 .net "b", 0 0, L_0x561f6070b210;  1 drivers
v0x561f606f5070_0 .net "cin", 0 0, L_0x561f6070b420;  1 drivers
v0x561f606f5130_0 .net "cout", 0 0, L_0x561f6070add0;  1 drivers
v0x561f606f5280_0 .net "sum", 0 0, L_0x561f6070af90;  1 drivers
S_0x561f606f53e0 .scope module, "D4" "one_bit_full_adder" 3 14, 4 1 0, S_0x561f606c6f30;
 .timescale 0 0;
    .port_info 0 /INPUT 1 "a"
    .port_info 1 /INPUT 1 "b"
    .port_info 2 /INPUT 1 "cin"
    .port_info 3 /OUTPUT 1 "sum"
    .port_info 4 /OUTPUT 1 "cout"
L_0x561f6070b550 .functor AND 1, L_0x561f6070ba10, L_0x561f6070bba0, C4<1>, C4<1>;
L_0x561f6070b5c0 .functor AND 1, L_0x561f6070bba0, L_0x561f6070bcd0, C4<1>, C4<1>;
L_0x561f6070b630 .functor OR 1, L_0x561f6070b550, L_0x561f6070b5c0, C4<0>, C4<0>;
L_0x561f6070b6a0 .functor AND 1, L_0x561f6070bcd0, L_0x561f6070ba10, C4<1>, C4<1>;
L_0x561f6070b790 .functor OR 1, L_0x561f6070b630, L_0x561f6070b6a0, C4<0>, C4<0>;
L_0x561f6070b8a0 .functor XOR 1, L_0x561f6070ba10, L_0x561f6070bba0, C4<0>, C4<0>;
L_0x561f6070b950 .functor XOR 1, L_0x561f6070b8a0, L_0x561f6070bcd0, C4<0>, C4<0>;
v0x561f606f55e0_0 .net *"_s0", 0 0, L_0x561f6070b550;  1 drivers
v0x561f606f56c0_0 .net *"_s10", 0 0, L_0x561f6070b8a0;  1 drivers
v0x561f606f57a0_0 .net *"_s2", 0 0, L_0x561f6070b5c0;  1 drivers
v0x561f606f5870_0 .net *"_s4", 0 0, L_0x561f6070b630;  1 drivers
v0x561f606f5930_0 .net *"_s6", 0 0, L_0x561f6070b6a0;  1 drivers
v0x561f606f5a40_0 .net "a", 0 0, L_0x561f6070ba10;  1 drivers
v0x561f606f5b00_0 .net "b", 0 0, L_0x561f6070bba0;  1 drivers
v0x561f606f5bc0_0 .net "cin", 0 0, L_0x561f6070bcd0;  1 drivers
v0x561f606f5c80_0 .net "cout", 0 0, L_0x561f6070b790;  1 drivers
v0x561f606f5dd0_0 .net "sum", 0 0, L_0x561f6070b950;  1 drivers
S_0x561f606f5f30 .scope module, "D5" "one_bit_full_adder" 3 15, 4 1 0, S_0x561f606c6f30;
 .timescale 0 0;
    .port_info 0 /INPUT 1 "a"
    .port_info 1 /INPUT 1 "b"
    .port_info 2 /INPUT 1 "cin"
    .port_info 3 /OUTPUT 1 "sum"
    .port_info 4 /OUTPUT 1 "cout"
L_0x561f6070be70 .functor AND 1, L_0x561f6070c360, L_0x561f6070c490, C4<1>, C4<1>;
L_0x561f6070bee0 .functor AND 1, L_0x561f6070c490, L_0x561f6070c640, C4<1>, C4<1>;
L_0x561f6070bf50 .functor OR 1, L_0x561f6070be70, L_0x561f6070bee0, C4<0>, C4<0>;
L_0x561f6070bff0 .functor AND 1, L_0x561f6070c640, L_0x561f6070c360, C4<1>, C4<1>;
L_0x561f6070c0e0 .functor OR 1, L_0x561f6070bf50, L_0x561f6070bff0, C4<0>, C4<0>;
L_0x561f6070c1f0 .functor XOR 1, L_0x561f6070c360, L_0x561f6070c490, C4<0>, C4<0>;
L_0x561f6070c2a0 .functor XOR 1, L_0x561f6070c1f0, L_0x561f6070c640, C4<0>, C4<0>;
v0x561f606f6180_0 .net *"_s0", 0 0, L_0x561f6070be70;  1 drivers
v0x561f606f6260_0 .net *"_s10", 0 0, L_0x561f6070c1f0;  1 drivers
v0x561f606f6340_0 .net *"_s2", 0 0, L_0x561f6070bee0;  1 drivers
v0x561f606f63e0_0 .net *"_s4", 0 0, L_0x561f6070bf50;  1 drivers
v0x561f606f64a0_0 .net *"_s6", 0 0, L_0x561f6070bff0;  1 drivers
v0x561f606f65b0_0 .net "a", 0 0, L_0x561f6070c360;  1 drivers
v0x561f606f6670_0 .net "b", 0 0, L_0x561f6070c490;  1 drivers
v0x561f606f6730_0 .net "cin", 0 0, L_0x561f6070c640;  1 drivers
v0x561f606f67f0_0 .net "cout", 0 0, L_0x561f6070c0e0;  1 drivers
v0x561f606f6940_0 .net "sum", 0 0, L_0x561f6070c2a0;  1 drivers
S_0x561f606f6aa0 .scope module, "D6" "one_bit_full_adder" 3 16, 4 1 0, S_0x561f606c6f30;
 .timescale 0 0;
    .port_info 0 /INPUT 1 "a"
    .port_info 1 /INPUT 1 "b"
    .port_info 2 /INPUT 1 "cin"
    .port_info 3 /OUTPUT 1 "sum"
    .port_info 4 /OUTPUT 1 "cout"
L_0x561f6070be00 .functor AND 1, L_0x561f6070cc80, L_0x561f6070ce40, C4<1>, C4<1>;
L_0x561f6070c800 .functor AND 1, L_0x561f6070ce40, L_0x561f6070cf70, C4<1>, C4<1>;
L_0x561f6070c870 .functor OR 1, L_0x561f6070be00, L_0x561f6070c800, C4<0>, C4<0>;
L_0x561f6070c910 .functor AND 1, L_0x561f6070cf70, L_0x561f6070cc80, C4<1>, C4<1>;
L_0x561f6070ca00 .functor OR 1, L_0x561f6070c870, L_0x561f6070c910, C4<0>, C4<0>;
L_0x561f6070cb10 .functor XOR 1, L_0x561f6070cc80, L_0x561f6070ce40, C4<0>, C4<0>;
L_0x561f6070cbc0 .functor XOR 1, L_0x561f6070cb10, L_0x561f6070cf70, C4<0>, C4<0>;
v0x561f606f6ca0_0 .net *"_s0", 0 0, L_0x561f6070be00;  1 drivers
v0x561f606f6d80_0 .net *"_s10", 0 0, L_0x561f6070cb10;  1 drivers
v0x561f606f6e60_0 .net *"_s2", 0 0, L_0x561f6070c800;  1 drivers
v0x561f606f6f30_0 .net *"_s4", 0 0, L_0x561f6070c870;  1 drivers
v0x561f606f6ff0_0 .net *"_s6", 0 0, L_0x561f6070c910;  1 drivers
v0x561f606f7100_0 .net "a", 0 0, L_0x561f6070cc80;  1 drivers
v0x561f606f71c0_0 .net "b", 0 0, L_0x561f6070ce40;  1 drivers
v0x561f606f7280_0 .net "cin", 0 0, L_0x561f6070cf70;  1 drivers
v0x561f606f7340_0 .net "cout", 0 0, L_0x561f6070ca00;  1 drivers
v0x561f606f7490_0 .net "sum", 0 0, L_0x561f6070cbc0;  1 drivers
S_0x561f606f75f0 .scope module, "D7" "one_bit_full_adder" 3 17, 4 1 0, S_0x561f606c6f30;
 .timescale 0 0;
    .port_info 0 /INPUT 1 "a"
    .port_info 1 /INPUT 1 "b"
    .port_info 2 /INPUT 1 "cin"
    .port_info 3 /OUTPUT 1 "sum"
    .port_info 4 /OUTPUT 1 "cout"
L_0x561f6070d140 .functor AND 1, L_0x561f6070d680, L_0x561f6070d720, C4<1>, C4<1>;
L_0x561f6070d1b0 .functor AND 1, L_0x561f6070d720, L_0x561f6070d0a0, C4<1>, C4<1>;
L_0x561f6070d220 .functor OR 1, L_0x561f6070d140, L_0x561f6070d1b0, C4<0>, C4<0>;
L_0x561f6070d2c0 .functor AND 1, L_0x561f6070d0a0, L_0x561f6070d680, C4<1>, C4<1>;
L_0x561f6070d400 .functor OR 1, L_0x561f6070d220, L_0x561f6070d2c0, C4<0>, C4<0>;
L_0x561f6070d510 .functor XOR 1, L_0x561f6070d680, L_0x561f6070d720, C4<0>, C4<0>;
L_0x561f6070d5c0 .functor XOR 1, L_0x561f6070d510, L_0x561f6070d0a0, C4<0>, C4<0>;
v0x561f606f77f0_0 .net *"_s0", 0 0, L_0x561f6070d140;  1 drivers
v0x561f606f78d0_0 .net *"_s10", 0 0, L_0x561f6070d510;  1 drivers
v0x561f606f79b0_0 .net *"_s2", 0 0, L_0x561f6070d1b0;  1 drivers
v0x561f606f7a80_0 .net *"_s4", 0 0, L_0x561f6070d220;  1 drivers
v0x561f606f7b40_0 .net *"_s6", 0 0, L_0x561f6070d2c0;  1 drivers
v0x561f606f7c50_0 .net "a", 0 0, L_0x561f6070d680;  1 drivers
v0x561f606f7d10_0 .net "b", 0 0, L_0x561f6070d720;  1 drivers
v0x561f606f7dd0_0 .net "cin", 0 0, L_0x561f6070d0a0;  1 drivers
v0x561f606f7e90_0 .net "cout", 0 0, L_0x561f6070d400;  1 drivers
v0x561f606f7fe0_0 .net "sum", 0 0, L_0x561f6070d5c0;  1 drivers
S_0x561f606f8140 .scope module, "D8" "one_bit_full_adder" 3 18, 4 1 0, S_0x561f606c6f30;
 .timescale 0 0;
    .port_info 0 /INPUT 1 "a"
    .port_info 1 /INPUT 1 "b"
    .port_info 2 /INPUT 1 "cin"
    .port_info 3 /OUTPUT 1 "sum"
    .port_info 4 /OUTPUT 1 "cout"
L_0x561f6070db60 .functor AND 1, L_0x561f6070e130, L_0x561f6070e260, C4<1>, C4<1>;
L_0x561f6070dbd0 .functor AND 1, L_0x561f6070e260, L_0x561f6070e460, C4<1>, C4<1>;
L_0x561f6070dc90 .functor OR 1, L_0x561f6070db60, L_0x561f6070dbd0, C4<0>, C4<0>;
L_0x561f6070dda0 .functor AND 1, L_0x561f6070e460, L_0x561f6070e130, C4<1>, C4<1>;
L_0x561f6070deb0 .functor OR 1, L_0x561f6070dc90, L_0x561f6070dda0, C4<0>, C4<0>;
L_0x561f6070dfc0 .functor XOR 1, L_0x561f6070e130, L_0x561f6070e260, C4<0>, C4<0>;
L_0x561f6070e070 .functor XOR 1, L_0x561f6070dfc0, L_0x561f6070e460, C4<0>, C4<0>;
v0x561f606f8340_0 .net *"_s0", 0 0, L_0x561f6070db60;  1 drivers
v0x561f606f8420_0 .net *"_s10", 0 0, L_0x561f6070dfc0;  1 drivers
v0x561f606f8500_0 .net *"_s2", 0 0, L_0x561f6070dbd0;  1 drivers
v0x561f606f85d0_0 .net *"_s4", 0 0, L_0x561f6070dc90;  1 drivers
v0x561f606f8690_0 .net *"_s6", 0 0, L_0x561f6070dda0;  1 drivers
v0x561f606f87a0_0 .net "a", 0 0, L_0x561f6070e130;  1 drivers
v0x561f606f8860_0 .net "b", 0 0, L_0x561f6070e260;  1 drivers
v0x561f606f8920_0 .net "cin", 0 0, L_0x561f6070e460;  1 drivers
v0x561f606f89e0_0 .net "cout", 0 0, L_0x561f6070deb0;  alias, 1 drivers
v0x561f606f8b30_0 .net "sum", 0 0, L_0x561f6070e070;  1 drivers
    .scope S_0x561f606d2310;
T_0 ;
    %vpi_call 2 21 "$monitor", $time, " A = %b , B = %b , Carry_in = %b , Sum = %b , Carry_out  = %b", v0x561f606f9300_0, v0x561f606f93e0_0, v0x561f606f94b0_0, v0x561f606f96a0_0, v0x561f606f95b0_0 {0 0 0};
    %pushi/vec4 8, 0, 8;
    %store/vec4 v0x561f606f9300_0, 0, 8;
    %pushi/vec4 8, 0, 8;
    %store/vec4 v0x561f606f93e0_0, 0, 8;
    %pushi/vec4 0, 0, 1;
    %store/vec4 v0x561f606f94b0_0, 0, 1;
    %delay 5, 0;
    %pushi/vec4 23, 0, 8;
    %store/vec4 v0x561f606f9300_0, 0, 8;
    %pushi/vec4 47, 0, 8;
    %store/vec4 v0x561f606f93e0_0, 0, 8;
    %pushi/vec4 0, 0, 1;
    %store/vec4 v0x561f606f94b0_0, 0, 1;
    %delay 5, 0;
    %pushi/vec4 39, 0, 8;
    %store/vec4 v0x561f606f9300_0, 0, 8;
    %pushi/vec4 68, 0, 8;
    %store/vec4 v0x561f606f93e0_0, 0, 8;
    %pushi/vec4 0, 0, 1;
    %store/vec4 v0x561f606f94b0_0, 0, 1;
    %delay 5, 0;
    %pushi/vec4 110, 0, 8;
    %store/vec4 v0x561f606f9300_0, 0, 8;
    %pushi/vec4 36, 0, 8;
    %store/vec4 v0x561f606f93e0_0, 0, 8;
    %pushi/vec4 0, 0, 1;
    %store/vec4 v0x561f606f94b0_0, 0, 1;
    %delay 5, 0;
    %pushi/vec4 74, 0, 8;
    %store/vec4 v0x561f606f9300_0, 0, 8;
    %pushi/vec4 37, 0, 8;
    %store/vec4 v0x561f606f93e0_0, 0, 8;
    %pushi/vec4 0, 0, 1;
    %store/vec4 v0x561f606f94b0_0, 0, 1;
    %delay 5, 0;
    %pushi/vec4 65, 0, 8;
    %store/vec4 v0x561f606f9300_0, 0, 8;
    %pushi/vec4 45, 0, 8;
    %store/vec4 v0x561f606f93e0_0, 0, 8;
    %pushi/vec4 1, 0, 1;
    %store/vec4 v0x561f606f94b0_0, 0, 1;
    %delay 5, 0;
    %pushi/vec4 23, 0, 8;
    %store/vec4 v0x561f606f9300_0, 0, 8;
    %pushi/vec4 36, 0, 8;
    %store/vec4 v0x561f606f93e0_0, 0, 8;
    %pushi/vec4 0, 0, 1;
    %store/vec4 v0x561f606f94b0_0, 0, 1;
    %delay 5, 0;
    %pushi/vec4 42, 0, 8;
    %store/vec4 v0x561f606f9300_0, 0, 8;
    %pushi/vec4 98, 0, 8;
    %store/vec4 v0x561f606f93e0_0, 0, 8;
    %pushi/vec4 0, 0, 1;
    %store/vec4 v0x561f606f94b0_0, 0, 1;
    %delay 5, 0;
    %pushi/vec4 200, 0, 8;
    %store/vec4 v0x561f606f9300_0, 0, 8;
    %pushi/vec4 57, 0, 8;
    %store/vec4 v0x561f606f93e0_0, 0, 8;
    %pushi/vec4 1, 0, 1;
    %store/vec4 v0x561f606f94b0_0, 0, 1;
    %delay 5, 0;
    %pushi/vec4 123, 0, 8;
    %store/vec4 v0x561f606f9300_0, 0, 8;
    %pushi/vec4 37, 0, 8;
    %store/vec4 v0x561f606f93e0_0, 0, 8;
    %pushi/vec4 0, 0, 1;
    %store/vec4 v0x561f606f94b0_0, 0, 1;
    %delay 5, 0;
    %pushi/vec4 96, 0, 8;
    %store/vec4 v0x561f606f9300_0, 0, 8;
    %pushi/vec4 28, 0, 8;
    %store/vec4 v0x561f606f93e0_0, 0, 8;
    %pushi/vec4 0, 0, 1;
    %store/vec4 v0x561f606f94b0_0, 0, 1;
    %delay 5, 0;
    %pushi/vec4 75, 0, 8;
    %store/vec4 v0x561f606f9300_0, 0, 8;
    %pushi/vec4 91, 0, 8;
    %store/vec4 v0x561f606f93e0_0, 0, 8;
    %pushi/vec4 0, 0, 1;
    %store/vec4 v0x561f606f94b0_0, 0, 1;
    %delay 5, 0;
    %pushi/vec4 33, 0, 8;
    %store/vec4 v0x561f606f9300_0, 0, 8;
    %pushi/vec4 83, 0, 8;
    %store/vec4 v0x561f606f93e0_0, 0, 8;
    %pushi/vec4 0, 0, 1;
    %store/vec4 v0x561f606f94b0_0, 0, 1;
    %delay 5, 0;
    %pushi/vec4 74, 0, 8;
    %store/vec4 v0x561f606f9300_0, 0, 8;
    %pushi/vec4 25, 0, 8;
    %store/vec4 v0x561f606f93e0_0, 0, 8;
    %pushi/vec4 0, 0, 1;
    %store/vec4 v0x561f606f94b0_0, 0, 1;
    %delay 5, 0;
    %pushi/vec4 34, 0, 8;
    %store/vec4 v0x561f606f9300_0, 0, 8;
    %pushi/vec4 46, 0, 8;
    %store/vec4 v0x561f606f93e0_0, 0, 8;
    %pushi/vec4 1, 0, 1;
    %store/vec4 v0x561f606f94b0_0, 0, 1;
    %end;
    .thread T_0;
# The file index is used to find the file name in the following table.
:file_names 5;
    "N/A";
    "<interactive>";
    "eight_bit_ripple_carry_adder_tb.v";
    "./eight_bit_ripple_carry_adder.v";
    "./one_bit_full_adder.v";
