#! /usr/bin/vvp
:ivl_version "10.1 (stable)";
:ivl_delay_selection "TYPICAL";
:vpi_time_precision + 0;
:vpi_module "system";
:vpi_module "vhdl_sys";
:vpi_module "v2005_math";
:vpi_module "va_math";
S_0x560b34ba98d0 .scope module, "carry_look_ahead_eight_tb" "carry_look_ahead_eight_tb" 2 4;
 .timescale 0 0;
v0x560b34bedd60_0 .var "a", 7 0;
v0x560b34bede40_0 .var "b", 7 0;
v0x560b34bedf10_0 .var "cin", 0 0;
v0x560b34bedfe0_0 .net "cout", 0 0, L_0x560b34c127f0;  1 drivers
v0x560b34bee080_0 .net "sum", 7 0, L_0x560b34c14d90;  1 drivers
S_0x560b34bb5590 .scope module, "D1" "carry_look_ahead_eight" 2 12, 3 1 0, S_0x560b34ba98d0;
 .timescale 0 0;
    .port_info 0 /INPUT 8 "a"
    .port_info 1 /INPUT 8 "b"
    .port_info 2 /INPUT 1 "cin"
    .port_info 3 /OUTPUT 1 "cout"
    .port_info 4 /OUTPUT 8 "sum"
L_0x560b34bee380 .functor XOR 1, L_0x560b34bee170, L_0x560b34bee290, C4<0>, C4<0>;
L_0x560b34bee600 .functor AND 1, L_0x560b34bee490, L_0x560b34bee530, C4<1>, C4<1>;
L_0x560b34bee950 .functor XOR 1, L_0x560b34bee740, L_0x560b34bee7e0, C4<0>, C4<0>;
L_0x560b34beeb50 .functor AND 1, L_0x560b34bee9c0, L_0x560b34beea60, C4<1>, C4<1>;
L_0x560b34beee60 .functor XOR 1, L_0x560b34beecc0, L_0x560b34beed60, C4<0>, C4<0>;
L_0x560b34bef100 .functor AND 1, L_0x560b34beef50, L_0x560b34beeff0, C4<1>, C4<1>;
L_0x560b34bef090 .functor XOR 1, L_0x560b34bef280, L_0x560b34bef320, C4<0>, C4<0>;
L_0x560b34bef6b0 .functor AND 1, L_0x560b34bef4e0, L_0x560b34bef580, C4<1>, C4<1>;
L_0x560b34bef9f0 .functor XOR 1, L_0x560b34bef810, L_0x560b34bef8b0, C4<0>, C4<0>;
L_0x560b34befd20 .functor AND 1, L_0x560b34befb30, L_0x560b34befbd0, C4<1>, C4<1>;
L_0x560b34bf0020 .functor XOR 1, L_0x560b34bef950, L_0x560b34befec0, C4<0>, C4<0>;
L_0x560b34bf0320 .functor AND 1, L_0x560b34bf0110, L_0x560b34bf01b0, C4<1>, C4<1>;
L_0x560b34bf06f0 .functor XOR 1, L_0x560b34bf04d0, L_0x560b34bf0570, C4<0>, C4<0>;
L_0x560b34bf0a60 .functor AND 1, L_0x560b34bf0830, L_0x560b34bf08d0, C4<1>, C4<1>;
L_0x560b34bf0460 .functor XOR 1, L_0x560b34bf0f40, L_0x560b34bf10e0, C4<0>, C4<0>;
L_0x560b34bf1b10 .functor AND 1, L_0x560b34bf18b0, L_0x560b34bf1950, C4<1>, C4<1>;
L_0x560b34bf19f0 .functor AND 1, L_0x560b34bf1df0, v0x560b34bedf10_0, C4<1>, C4<1>;
L_0x560b34bf2010 .functor OR 1, L_0x560b34bf1d00, L_0x560b34bf19f0, C4<0>, C4<0>;
L_0x560b34bf2490 .functor AND 1, L_0x560b34bf2210, L_0x560b34bf23f0, C4<1>, C4<1>;
L_0x560b34bf2550 .functor OR 1, L_0x560b34bf2170, L_0x560b34bf2490, C4<0>, C4<0>;
L_0x560b34bf2900 .functor AND 1, L_0x560b34bf20d0, L_0x560b34bf2860, C4<1>, C4<1>;
L_0x560b34bf29c0 .functor AND 1, L_0x560b34bf2900, v0x560b34bedf10_0, C4<1>, C4<1>;
L_0x560b34bf2b40 .functor OR 1, L_0x560b34bf2550, L_0x560b34bf29c0, C4<0>, C4<0>;
L_0x560b34bf30b0 .functor AND 1, L_0x560b34bf2e00, L_0x560b34bf2ea0, C4<1>, C4<1>;
L_0x560b34bf3290 .functor OR 1, L_0x560b34bf2c00, L_0x560b34bf30b0, C4<0>, C4<0>;
L_0x560b34bf3660 .functor AND 1, L_0x560b34bf33a0, L_0x560b34bf3440, C4<1>, C4<1>;
L_0x560b34bf38f0 .functor AND 1, L_0x560b34bf3660, L_0x560b34bf3850, C4<1>, C4<1>;
L_0x560b34bf3a00 .functor OR 1, L_0x560b34bf3290, L_0x560b34bf38f0, C4<0>, C4<0>;
L_0x560b34bf3ed0 .functor AND 1, L_0x560b34bf3c00, L_0x560b34bf3e30, C4<1>, C4<1>;
L_0x560b34bf4220 .functor AND 1, L_0x560b34bf3ed0, L_0x560b34bf3fe0, C4<1>, C4<1>;
L_0x560b34bf4430 .functor AND 1, L_0x560b34bf4220, v0x560b34bedf10_0, C4<1>, C4<1>;
L_0x560b34bf44f0 .functor OR 1, L_0x560b34bf3a00, L_0x560b34bf4430, C4<0>, C4<0>;
L_0x560b34bf4aa0 .functor AND 1, L_0x560b34bf47b0, L_0x560b34bf4a00, C4<1>, C4<1>;
L_0x560b34bf4bb0 .functor OR 1, L_0x560b34bf4710, L_0x560b34bf4aa0, C4<0>, C4<0>;
L_0x560b34bf5350 .functor AND 1, L_0x560b34bf5040, L_0x560b34bf50e0, C4<1>, C4<1>;
L_0x560b34bf5460 .functor AND 1, L_0x560b34bf4de0, L_0x560b34bf5350, C4<1>, C4<1>;
L_0x560b34bf4cc0 .functor OR 1, L_0x560b34bf4bb0, L_0x560b34bf5460, C4<0>, C4<0>;
L_0x560b34bf5c70 .functor AND 1, L_0x560b34bf5740, L_0x560b34bf5bd0, C4<1>, C4<1>;
L_0x560b34bf6150 .functor AND 1, L_0x560b34bf5c70, L_0x560b34bf5ec0, C4<1>, C4<1>;
L_0x560b34bf6260 .functor AND 1, L_0x560b34bf56a0, L_0x560b34bf6150, C4<1>, C4<1>;
L_0x560b34bf64c0 .functor OR 1, L_0x560b34bf4cc0, L_0x560b34bf6260, C4<0>, C4<0>;
L_0x560b34bf69b0 .functor AND 1, L_0x560b34bf6670, L_0x560b34bf6910, C4<1>, C4<1>;
L_0x560b34bf6ed0 .functor AND 1, L_0x560b34bf69b0, L_0x560b34bf6c20, C4<1>, C4<1>;
L_0x560b34bf6fe0 .functor AND 1, L_0x560b34bf6ed0, v0x560b34bedf10_0, C4<1>, C4<1>;
L_0x560b34bf7210 .functor AND 1, L_0x560b34bf65d0, L_0x560b34bf6fe0, C4<1>, C4<1>;
L_0x560b34bf7320 .functor OR 1, L_0x560b34bf64c0, L_0x560b34bf7210, C4<0>, C4<0>;
L_0x560b34bf79b0 .functor AND 1, L_0x560b34bf7650, L_0x560b34bf7910, C4<1>, C4<1>;
L_0x560b34bf7ac0 .functor OR 1, L_0x560b34bf75b0, L_0x560b34bf79b0, C4<0>, C4<0>;
L_0x560b34bf80d0 .functor AND 1, L_0x560b34bf7d60, L_0x560b34bf8030, C4<1>, C4<1>;
L_0x560b34bf84c0 .functor AND 1, L_0x560b34bf80d0, L_0x560b34bf81e0, C4<1>, C4<1>;
L_0x560b34bf8770 .functor OR 1, L_0x560b34bf7ac0, L_0x560b34bf84c0, C4<0>, C4<0>;
L_0x560b34bf8c10 .functor AND 1, L_0x560b34bf8880, L_0x560b34bf8920, C4<1>, C4<1>;
L_0x560b34bf9270 .functor AND 1, L_0x560b34bf8ed0, L_0x560b34bf8f70, C4<1>, C4<1>;
L_0x560b34bf9380 .functor AND 1, L_0x560b34bf8c10, L_0x560b34bf9270, C4<1>, C4<1>;
L_0x560b34bf9650 .functor OR 1, L_0x560b34bf8770, L_0x560b34bf9380, C4<0>, C4<0>;
L_0x560b34bf9b10 .functor AND 1, L_0x560b34bf9760, L_0x560b34bf9800, C4<1>, C4<1>;
L_0x560b34bfa1b0 .functor AND 1, L_0x560b34bf9df0, L_0x560b34bf9e90, C4<1>, C4<1>;
L_0x560b34bfa360 .functor AND 1, L_0x560b34bfa1b0, L_0x560b34bfa2c0, C4<1>, C4<1>;
L_0x560b34bfa650 .functor AND 1, L_0x560b34bf9b10, L_0x560b34bfa360, C4<1>, C4<1>;
L_0x560b34bfa760 .functor OR 1, L_0x560b34bf9650, L_0x560b34bfa650, C4<0>, C4<0>;
L_0x560b34bfae30 .functor AND 1, L_0x560b34bfaa60, L_0x560b34bfad90, C4<1>, C4<1>;
L_0x560b34bfb320 .functor AND 1, L_0x560b34bfaf40, L_0x560b34bfb280, C4<1>, C4<1>;
L_0x560b34bfb980 .functor AND 1, L_0x560b34bfb320, L_0x560b34bfb630, C4<1>, C4<1>;
L_0x560b34bfba90 .functor AND 1, L_0x560b34bfb980, v0x560b34bedf10_0, C4<1>, C4<1>;
L_0x560b34bfbd60 .functor AND 1, L_0x560b34bfae30, L_0x560b34bfba90, C4<1>, C4<1>;
L_0x560b34bfbe70 .functor OR 1, L_0x560b34bfa760, L_0x560b34bfbd60, C4<0>, C4<0>;
L_0x560b34bfc640 .functor AND 1, L_0x560b34bfc240, L_0x560b34bfc5a0, C4<1>, C4<1>;
L_0x560b34bfc750 .functor OR 1, L_0x560b34bfc1a0, L_0x560b34bfc640, C4<0>, C4<0>;
L_0x560b34bfcea0 .functor AND 1, L_0x560b34bfca90, L_0x560b34bfce00, C4<1>, C4<1>;
L_0x560b34bfd330 .functor AND 1, L_0x560b34bfcea0, L_0x560b34bfcfb0, C4<1>, C4<1>;
L_0x560b34bfd680 .functor OR 1, L_0x560b34bfc750, L_0x560b34bfd330, C4<0>, C4<0>;
L_0x560b34bfdbc0 .functor AND 1, L_0x560b34bfd790, L_0x560b34bfd830, C4<1>, C4<1>;
L_0x560b34bfdfc0 .functor AND 1, L_0x560b34bfdbc0, L_0x560b34bfdf20, C4<1>, C4<1>;
L_0x560b34bfe470 .functor AND 1, L_0x560b34bfdfc0, L_0x560b34bfe0d0, C4<1>, C4<1>;
L_0x560b34bfe7e0 .functor OR 1, L_0x560b34bfd680, L_0x560b34bfe470, C4<0>, C4<0>;
L_0x560b34bfed40 .functor AND 1, L_0x560b34bfe8f0, L_0x560b34bfe990, C4<1>, C4<1>;
L_0x560b34bff160 .functor AND 1, L_0x560b34bfed40, L_0x560b34bff0c0, C4<1>, C4<1>;
L_0x560b34bff6d0 .functor AND 1, L_0x560b34bff270, L_0x560b34bff630, C4<1>, C4<1>;
L_0x560b34bffa60 .functor AND 1, L_0x560b34bff160, L_0x560b34bff6d0, C4<1>, C4<1>;
L_0x560b34bffb70 .functor OR 1, L_0x560b34bfe7e0, L_0x560b34bffa60, C4<0>, C4<0>;
L_0x560b34c00380 .functor AND 1, L_0x560b34bfff10, L_0x560b34c002e0, C4<1>, C4<1>;
L_0x560b34c00870 .functor AND 1, L_0x560b34c00380, L_0x560b34c00490, C4<1>, C4<1>;
L_0x560b34c010b0 .functor AND 1, L_0x560b34c00c20, L_0x560b34c00cc0, C4<1>, C4<1>;
L_0x560b34c01260 .functor AND 1, L_0x560b34c010b0, L_0x560b34c011c0, C4<1>, C4<1>;
L_0x560b34c01620 .functor AND 1, L_0x560b34c00870, L_0x560b34c01260, C4<1>, C4<1>;
L_0x560b34c01730 .functor OR 1, L_0x560b34bffb70, L_0x560b34c01620, C4<0>, C4<0>;
L_0x560b34c01fa0 .functor AND 1, L_0x560b34c01b00, L_0x560b34c01f00, C4<1>, C4<1>;
L_0x560b34c024c0 .functor AND 1, L_0x560b34c01fa0, L_0x560b34c020b0, C4<1>, C4<1>;
L_0x560b34c02d60 .functor AND 1, L_0x560b34c028a0, L_0x560b34c02940, C4<1>, C4<1>;
L_0x560b34c02f10 .functor AND 1, L_0x560b34c02d60, L_0x560b34c02e70, C4<1>, C4<1>;
L_0x560b34c03300 .functor AND 1, L_0x560b34c02f10, v0x560b34bedf10_0, C4<1>, C4<1>;
L_0x560b34c033c0 .functor AND 1, L_0x560b34c024c0, L_0x560b34c03300, C4<1>, C4<1>;
L_0x560b34c037c0 .functor OR 1, L_0x560b34c01730, L_0x560b34c033c0, C4<0>, C4<0>;
L_0x560b34c041e0 .functor AND 1, L_0x560b34c03d00, L_0x560b34c03da0, C4<1>, C4<1>;
L_0x560b34c045f0 .functor OR 1, L_0x560b34c038d0, L_0x560b34c041e0, C4<0>, C4<0>;
L_0x560b34c04bf0 .functor AND 1, L_0x560b34c04700, L_0x560b34c047a0, C4<1>, C4<1>;
L_0x560b34c050b0 .functor AND 1, L_0x560b34c04bf0, L_0x560b34c05010, C4<1>, C4<1>;
L_0x560b34c051c0 .functor OR 1, L_0x560b34c045f0, L_0x560b34c050b0, C4<0>, C4<0>;
L_0x560b34c05af0 .functor AND 1, L_0x560b34c055f0, L_0x560b34c05a50, C4<1>, C4<1>;
L_0x560b34c06070 .functor AND 1, L_0x560b34c05af0, L_0x560b34c05c00, C4<1>, C4<1>;
L_0x560b34c06550 .functor AND 1, L_0x560b34c06070, L_0x560b34c064b0, C4<1>, C4<1>;
L_0x560b34c06660 .functor OR 1, L_0x560b34c051c0, L_0x560b34c06550, C4<0>, C4<0>;
L_0x560b34c077e0 .functor AND 1, L_0x560b34c06ab0, L_0x560b34c07740, C4<1>, C4<1>;
L_0x560b34c07d80 .functor AND 1, L_0x560b34c077e0, L_0x560b34c078f0, C4<1>, C4<1>;
L_0x560b34c08280 .functor AND 1, L_0x560b34c07d80, L_0x560b34c081e0, C4<1>, C4<1>;
L_0x560b34c08830 .functor AND 1, L_0x560b34c08280, L_0x560b34c08390, C4<1>, C4<1>;
L_0x560b34c08ca0 .functor OR 1, L_0x560b34c06660, L_0x560b34c08830, C4<0>, C4<0>;
L_0x560b34c09300 .functor AND 1, L_0x560b34c08db0, L_0x560b34c08e50, C4<1>, C4<1>;
L_0x560b34c09820 .functor AND 1, L_0x560b34c09300, L_0x560b34c09780, C4<1>, C4<1>;
L_0x560b34c09df0 .functor AND 1, L_0x560b34c09820, L_0x560b34c09930, C4<1>, C4<1>;
L_0x560b34c099d0 .functor AND 1, L_0x560b34c0a280, L_0x560b34c0a320, C4<1>, C4<1>;
L_0x560b34c09ae0 .functor AND 1, L_0x560b34c09df0, L_0x560b34c099d0, C4<1>, C4<1>;
L_0x560b34c09bf0 .functor OR 1, L_0x560b34c08ca0, L_0x560b34c09ae0, C4<0>, C4<0>;
L_0x560b34c0a3c0 .functor AND 1, L_0x560b34c09d00, L_0x560b34c0ab80, C4<1>, C4<1>;
L_0x560b34c0a520 .functor AND 1, L_0x560b34c0a3c0, L_0x560b34c0a480, C4<1>, C4<1>;
L_0x560b34c0a6d0 .functor AND 1, L_0x560b34c0a520, L_0x560b34c0a630, C4<1>, C4<1>;
L_0x560b34c0afd0 .functor AND 1, L_0x560b34c0b850, L_0x560b34c0b8f0, C4<1>, C4<1>;
L_0x560b34c0b540 .functor AND 1, L_0x560b34c0afd0, L_0x560b34c0b4a0, C4<1>, C4<1>;
L_0x560b34c0b650 .functor AND 1, L_0x560b34c0a6d0, L_0x560b34c0b540, C4<1>, C4<1>;
L_0x560b34c0b760 .functor OR 1, L_0x560b34c09bf0, L_0x560b34c0b650, C4<0>, C4<0>;
L_0x560b34c0ba30 .functor AND 1, L_0x560b34c0c5d0, L_0x560b34c0b990, C4<1>, C4<1>;
L_0x560b34c0bbe0 .functor AND 1, L_0x560b34c0ba30, L_0x560b34c0bb40, C4<1>, C4<1>;
L_0x560b34c0ced0 .functor AND 1, L_0x560b34c0bbe0, L_0x560b34c0bcf0, C4<1>, C4<1>;
L_0x560b34c0c710 .functor AND 1, L_0x560b34c0cf90, L_0x560b34c0c670, C4<1>, C4<1>;
L_0x560b34c0c8c0 .functor AND 1, L_0x560b34c0c710, L_0x560b34c0c820, C4<1>, C4<1>;
L_0x560b34c0c9d0 .functor AND 1, L_0x560b34c0c8c0, v0x560b34bedf10_0, C4<1>, C4<1>;
L_0x560b34c0d430 .functor AND 1, L_0x560b34c0ced0, L_0x560b34c0c9d0, C4<1>, C4<1>;
L_0x560b34c0dda0 .functor OR 1, L_0x560b34c0b760, L_0x560b34c0d430, C4<0>, C4<0>;
L_0x560b34c0d950 .functor AND 1, L_0x560b34c0e360, L_0x560b34c0d8b0, C4<1>, C4<1>;
L_0x560b34c0da60 .functor OR 1, L_0x560b34c0e2c0, L_0x560b34c0d950, C4<0>, C4<0>;
L_0x560b34c0dcb0 .functor AND 1, L_0x560b34c0db70, L_0x560b34c0dc10, C4<1>, C4<1>;
L_0x560b34c0e540 .functor AND 1, L_0x560b34c0dcb0, L_0x560b34c0e4a0, C4<1>, C4<1>;
L_0x560b34c0e650 .functor OR 1, L_0x560b34c0da60, L_0x560b34c0e540, C4<0>, C4<0>;
L_0x560b34c0e8a0 .functor AND 1, L_0x560b34c0e760, L_0x560b34c0e800, C4<1>, C4<1>;
L_0x560b34c0ee90 .functor AND 1, L_0x560b34c0e8a0, L_0x560b34c0edf0, C4<1>, C4<1>;
L_0x560b34c0f040 .functor AND 1, L_0x560b34c0ee90, L_0x560b34c0efa0, C4<1>, C4<1>;
L_0x560b34c0e9b0 .functor OR 1, L_0x560b34c0e650, L_0x560b34c0f040, C4<0>, C4<0>;
L_0x560b34c0ec00 .functor AND 1, L_0x560b34c0eac0, L_0x560b34c0eb60, C4<1>, C4<1>;
L_0x560b34c0fad0 .functor AND 1, L_0x560b34c0ec00, L_0x560b34c0ed10, C4<1>, C4<1>;
L_0x560b34c0f5b0 .functor AND 1, L_0x560b34c0fad0, L_0x560b34c0fbe0, C4<1>, C4<1>;
L_0x560b34c0f760 .functor AND 1, L_0x560b34c0f5b0, L_0x560b34c0f6c0, C4<1>, C4<1>;
L_0x560b34c0f870 .functor OR 1, L_0x560b34c0e9b0, L_0x560b34c0f760, C4<0>, C4<0>;
L_0x560b34c0f150 .functor AND 1, L_0x560b34c0f980, L_0x560b34c0fa20, C4<1>, C4<1>;
L_0x560b34c0f300 .functor AND 1, L_0x560b34c0f150, L_0x560b34c0f260, C4<1>, C4<1>;
L_0x560b34c0f4b0 .functor AND 1, L_0x560b34c0f300, L_0x560b34c0f410, C4<1>, C4<1>;
L_0x560b34c10200 .functor AND 1, L_0x560b34c0f4b0, L_0x560b34c10160, C4<1>, C4<1>;
L_0x560b34c103b0 .functor AND 1, L_0x560b34c10200, L_0x560b34c10310, C4<1>, C4<1>;
L_0x560b34c104c0 .functor OR 1, L_0x560b34c0f870, L_0x560b34c103b0, C4<0>, C4<0>;
L_0x560b34c0fdc0 .functor AND 1, L_0x560b34c0fc80, L_0x560b34c0fd20, C4<1>, C4<1>;
L_0x560b34c0ff70 .functor AND 1, L_0x560b34c0fdc0, L_0x560b34c0fed0, C4<1>, C4<1>;
L_0x560b34c10b30 .functor AND 1, L_0x560b34c0ff70, L_0x560b34c10a90, C4<1>, C4<1>;
L_0x560b34c10ce0 .functor AND 1, L_0x560b34c10b30, L_0x560b34c10c40, C4<1>, C4<1>;
L_0x560b34c10f30 .functor AND 1, L_0x560b34c10df0, L_0x560b34c10e90, C4<1>, C4<1>;
L_0x560b34c11040 .functor AND 1, L_0x560b34c10ce0, L_0x560b34c10f30, C4<1>, C4<1>;
L_0x560b34c11150 .functor OR 1, L_0x560b34c104c0, L_0x560b34c11040, C4<0>, C4<0>;
L_0x560b34c10080 .functor AND 1, L_0x560b34c11260, L_0x560b34c11300, C4<1>, C4<1>;
L_0x560b34c10710 .functor AND 1, L_0x560b34c10080, L_0x560b34c10670, C4<1>, C4<1>;
L_0x560b34c108c0 .functor AND 1, L_0x560b34c10710, L_0x560b34c10820, C4<1>, C4<1>;
L_0x560b34c11940 .functor AND 1, L_0x560b34c108c0, L_0x560b34c109d0, C4<1>, C4<1>;
L_0x560b34c11b90 .functor AND 1, L_0x560b34c11a50, L_0x560b34c11af0, C4<1>, C4<1>;
L_0x560b34c11d40 .functor AND 1, L_0x560b34c11b90, L_0x560b34c11ca0, C4<1>, C4<1>;
L_0x560b34c11e50 .functor AND 1, L_0x560b34c11940, L_0x560b34c11d40, C4<1>, C4<1>;
L_0x560b34c11f60 .functor OR 1, L_0x560b34c11150, L_0x560b34c11e50, C4<0>, C4<0>;
L_0x560b34c121b0 .functor AND 1, L_0x560b34c12070, L_0x560b34c12110, C4<1>, C4<1>;
L_0x560b34c12360 .functor AND 1, L_0x560b34c121b0, L_0x560b34c122c0, C4<1>, C4<1>;
L_0x560b34c11440 .functor AND 1, L_0x560b34c12360, L_0x560b34c113a0, C4<1>, C4<1>;
L_0x560b34c115f0 .functor AND 1, L_0x560b34c11440, L_0x560b34c11550, C4<1>, C4<1>;
L_0x560b34c11840 .functor AND 1, L_0x560b34c11700, L_0x560b34c117a0, C4<1>, C4<1>;
L_0x560b34c12510 .functor AND 1, L_0x560b34c11840, L_0x560b34c12470, C4<1>, C4<1>;
L_0x560b34c12620 .functor AND 1, L_0x560b34c12510, v0x560b34bedf10_0, C4<1>, C4<1>;
L_0x560b34c126e0 .functor AND 1, L_0x560b34c115f0, L_0x560b34c12620, C4<1>, C4<1>;
L_0x560b34c127f0 .functor OR 1, L_0x560b34c11f60, L_0x560b34c126e0, C4<0>, C4<0>;
v0x560b34bd99f0_0 .net *"_s101", 0 0, L_0x560b34bf0570;  1 drivers
v0x560b34bd9af0_0 .net *"_s102", 0 0, L_0x560b34bf06f0;  1 drivers
v0x560b34bd9bd0_0 .net *"_s107", 0 0, L_0x560b34bf0830;  1 drivers
v0x560b34bd9c90_0 .net *"_s109", 0 0, L_0x560b34bf08d0;  1 drivers
v0x560b34bd9d70_0 .net *"_s11", 0 0, L_0x560b34bee490;  1 drivers
v0x560b34bd9ea0_0 .net *"_s110", 0 0, L_0x560b34bf0a60;  1 drivers
v0x560b34bd9f80_0 .net *"_s116", 0 0, L_0x560b34bf0f40;  1 drivers
v0x560b34bda060_0 .net *"_s118", 0 0, L_0x560b34bf10e0;  1 drivers
v0x560b34bda140_0 .net *"_s119", 0 0, L_0x560b34bf0460;  1 drivers
v0x560b34bda220_0 .net *"_s125", 0 0, L_0x560b34bf18b0;  1 drivers
v0x560b34bda300_0 .net *"_s127", 0 0, L_0x560b34bf1950;  1 drivers
v0x560b34bda3e0_0 .net *"_s128", 0 0, L_0x560b34bf1b10;  1 drivers
v0x560b34bda4c0_0 .net *"_s13", 0 0, L_0x560b34bee530;  1 drivers
v0x560b34bda5a0_0 .net *"_s133", 0 0, L_0x560b34bf1d00;  1 drivers
v0x560b34bda680_0 .net *"_s135", 0 0, L_0x560b34bf1df0;  1 drivers
v0x560b34bda760_0 .net *"_s136", 0 0, L_0x560b34bf19f0;  1 drivers
v0x560b34bda820_0 .net *"_s138", 0 0, L_0x560b34bf2010;  1 drivers
v0x560b34bda8e0_0 .net *"_s14", 0 0, L_0x560b34bee600;  1 drivers
v0x560b34bda9c0_0 .net *"_s143", 0 0, L_0x560b34bf2170;  1 drivers
v0x560b34bdaaa0_0 .net *"_s145", 0 0, L_0x560b34bf2210;  1 drivers
v0x560b34bdab80_0 .net *"_s147", 0 0, L_0x560b34bf23f0;  1 drivers
v0x560b34bdac60_0 .net *"_s148", 0 0, L_0x560b34bf2490;  1 drivers
v0x560b34bdad20_0 .net *"_s150", 0 0, L_0x560b34bf2550;  1 drivers
v0x560b34bdade0_0 .net *"_s153", 0 0, L_0x560b34bf20d0;  1 drivers
v0x560b34bdaec0_0 .net *"_s155", 0 0, L_0x560b34bf2860;  1 drivers
v0x560b34bdafa0_0 .net *"_s156", 0 0, L_0x560b34bf2900;  1 drivers
v0x560b34bdb060_0 .net *"_s158", 0 0, L_0x560b34bf29c0;  1 drivers
v0x560b34bdb120_0 .net *"_s160", 0 0, L_0x560b34bf2b40;  1 drivers
v0x560b34bdb1e0_0 .net *"_s165", 0 0, L_0x560b34bf2c00;  1 drivers
v0x560b34bdb2c0_0 .net *"_s167", 0 0, L_0x560b34bf2e00;  1 drivers
v0x560b34bdb3a0_0 .net *"_s169", 0 0, L_0x560b34bf2ea0;  1 drivers
v0x560b34bdb480_0 .net *"_s170", 0 0, L_0x560b34bf30b0;  1 drivers
v0x560b34bdb540_0 .net *"_s172", 0 0, L_0x560b34bf3290;  1 drivers
v0x560b34bdb600_0 .net *"_s175", 0 0, L_0x560b34bf33a0;  1 drivers
v0x560b34bdb6e0_0 .net *"_s177", 0 0, L_0x560b34bf3440;  1 drivers
v0x560b34bdb7c0_0 .net *"_s178", 0 0, L_0x560b34bf3660;  1 drivers
v0x560b34bdb880_0 .net *"_s181", 0 0, L_0x560b34bf3850;  1 drivers
v0x560b34bdb960_0 .net *"_s182", 0 0, L_0x560b34bf38f0;  1 drivers
v0x560b34bdba20_0 .net *"_s184", 0 0, L_0x560b34bf3a00;  1 drivers
v0x560b34bdbae0_0 .net *"_s187", 0 0, L_0x560b34bf3c00;  1 drivers
v0x560b34bdbbc0_0 .net *"_s189", 0 0, L_0x560b34bf3e30;  1 drivers
v0x560b34bdbca0_0 .net *"_s19", 0 0, L_0x560b34bee740;  1 drivers
v0x560b34bdbd80_0 .net *"_s190", 0 0, L_0x560b34bf3ed0;  1 drivers
v0x560b34bdbe40_0 .net *"_s193", 0 0, L_0x560b34bf3fe0;  1 drivers
v0x560b34bdbf20_0 .net *"_s194", 0 0, L_0x560b34bf4220;  1 drivers
v0x560b34bdbfe0_0 .net *"_s196", 0 0, L_0x560b34bf4430;  1 drivers
v0x560b34bdc0a0_0 .net *"_s198", 0 0, L_0x560b34bf44f0;  1 drivers
v0x560b34bdc160_0 .net *"_s203", 0 0, L_0x560b34bf4710;  1 drivers
v0x560b34bdc240_0 .net *"_s205", 0 0, L_0x560b34bf47b0;  1 drivers
v0x560b34bdc320_0 .net *"_s207", 0 0, L_0x560b34bf4a00;  1 drivers
v0x560b34bdc400_0 .net *"_s208", 0 0, L_0x560b34bf4aa0;  1 drivers
v0x560b34bdc4c0_0 .net *"_s21", 0 0, L_0x560b34bee7e0;  1 drivers
v0x560b34bdc5a0_0 .net *"_s210", 0 0, L_0x560b34bf4bb0;  1 drivers
v0x560b34bdc660_0 .net *"_s213", 0 0, L_0x560b34bf4de0;  1 drivers
v0x560b34bdc740_0 .net *"_s215", 0 0, L_0x560b34bf5040;  1 drivers
v0x560b34bdc820_0 .net *"_s217", 0 0, L_0x560b34bf50e0;  1 drivers
v0x560b34bdc900_0 .net *"_s218", 0 0, L_0x560b34bf5350;  1 drivers
v0x560b34bdc9c0_0 .net *"_s22", 0 0, L_0x560b34bee950;  1 drivers
v0x560b34bdcaa0_0 .net *"_s220", 0 0, L_0x560b34bf5460;  1 drivers
v0x560b34bdcb60_0 .net *"_s222", 0 0, L_0x560b34bf4cc0;  1 drivers
v0x560b34bdcc20_0 .net *"_s225", 0 0, L_0x560b34bf56a0;  1 drivers
v0x560b34bdcd00_0 .net *"_s227", 0 0, L_0x560b34bf5740;  1 drivers
v0x560b34bdcde0_0 .net *"_s229", 0 0, L_0x560b34bf5bd0;  1 drivers
v0x560b34bdcec0_0 .net *"_s230", 0 0, L_0x560b34bf5c70;  1 drivers
v0x560b34bdcf80_0 .net *"_s233", 0 0, L_0x560b34bf5ec0;  1 drivers
v0x560b34bdd470_0 .net *"_s234", 0 0, L_0x560b34bf6150;  1 drivers
v0x560b34bdd530_0 .net *"_s236", 0 0, L_0x560b34bf6260;  1 drivers
v0x560b34bdd5f0_0 .net *"_s238", 0 0, L_0x560b34bf64c0;  1 drivers
v0x560b34bdd6b0_0 .net *"_s241", 0 0, L_0x560b34bf65d0;  1 drivers
v0x560b34bdd790_0 .net *"_s243", 0 0, L_0x560b34bf6670;  1 drivers
v0x560b34bdd870_0 .net *"_s245", 0 0, L_0x560b34bf6910;  1 drivers
v0x560b34bdd950_0 .net *"_s246", 0 0, L_0x560b34bf69b0;  1 drivers
v0x560b34bdda10_0 .net *"_s249", 0 0, L_0x560b34bf6c20;  1 drivers
v0x560b34bddaf0_0 .net *"_s250", 0 0, L_0x560b34bf6ed0;  1 drivers
v0x560b34bddbb0_0 .net *"_s252", 0 0, L_0x560b34bf6fe0;  1 drivers
v0x560b34bddc70_0 .net *"_s254", 0 0, L_0x560b34bf7210;  1 drivers
v0x560b34bddd30_0 .net *"_s256", 0 0, L_0x560b34bf7320;  1 drivers
v0x560b34bdddf0_0 .net *"_s261", 0 0, L_0x560b34bf75b0;  1 drivers
v0x560b34bdded0_0 .net *"_s263", 0 0, L_0x560b34bf7650;  1 drivers
v0x560b34bddfb0_0 .net *"_s265", 0 0, L_0x560b34bf7910;  1 drivers
v0x560b34bde090_0 .net *"_s266", 0 0, L_0x560b34bf79b0;  1 drivers
v0x560b34bde150_0 .net *"_s268", 0 0, L_0x560b34bf7ac0;  1 drivers
v0x560b34bde210_0 .net *"_s27", 0 0, L_0x560b34bee9c0;  1 drivers
v0x560b34bde2f0_0 .net *"_s271", 0 0, L_0x560b34bf7d60;  1 drivers
v0x560b34bde3d0_0 .net *"_s273", 0 0, L_0x560b34bf8030;  1 drivers
v0x560b34bde4b0_0 .net *"_s274", 0 0, L_0x560b34bf80d0;  1 drivers
v0x560b34bde570_0 .net *"_s277", 0 0, L_0x560b34bf81e0;  1 drivers
v0x560b34bde650_0 .net *"_s278", 0 0, L_0x560b34bf84c0;  1 drivers
v0x560b34bde710_0 .net *"_s280", 0 0, L_0x560b34bf8770;  1 drivers
v0x560b34bde7d0_0 .net *"_s283", 0 0, L_0x560b34bf8880;  1 drivers
v0x560b34bde8b0_0 .net *"_s285", 0 0, L_0x560b34bf8920;  1 drivers
v0x560b34bde990_0 .net *"_s286", 0 0, L_0x560b34bf8c10;  1 drivers
v0x560b34bdea50_0 .net *"_s289", 0 0, L_0x560b34bf8ed0;  1 drivers
v0x560b34bdeb30_0 .net *"_s29", 0 0, L_0x560b34beea60;  1 drivers
v0x560b34bdec10_0 .net *"_s291", 0 0, L_0x560b34bf8f70;  1 drivers
v0x560b34bdecf0_0 .net *"_s292", 0 0, L_0x560b34bf9270;  1 drivers
v0x560b34bdedb0_0 .net *"_s294", 0 0, L_0x560b34bf9380;  1 drivers
v0x560b34bdee70_0 .net *"_s296", 0 0, L_0x560b34bf9650;  1 drivers
v0x560b34bdef30_0 .net *"_s299", 0 0, L_0x560b34bf9760;  1 drivers
v0x560b34bdf010_0 .net *"_s3", 0 0, L_0x560b34bee170;  1 drivers
v0x560b34bdf0f0_0 .net *"_s30", 0 0, L_0x560b34beeb50;  1 drivers
v0x560b34bdf1d0_0 .net *"_s301", 0 0, L_0x560b34bf9800;  1 drivers
v0x560b34bdf2b0_0 .net *"_s302", 0 0, L_0x560b34bf9b10;  1 drivers
v0x560b34bdf370_0 .net *"_s305", 0 0, L_0x560b34bf9df0;  1 drivers
v0x560b34bdf450_0 .net *"_s307", 0 0, L_0x560b34bf9e90;  1 drivers
v0x560b34bdf530_0 .net *"_s308", 0 0, L_0x560b34bfa1b0;  1 drivers
v0x560b34bdf5f0_0 .net *"_s311", 0 0, L_0x560b34bfa2c0;  1 drivers
v0x560b34bdf6d0_0 .net *"_s312", 0 0, L_0x560b34bfa360;  1 drivers
v0x560b34bdf790_0 .net *"_s314", 0 0, L_0x560b34bfa650;  1 drivers
v0x560b34bdf850_0 .net *"_s316", 0 0, L_0x560b34bfa760;  1 drivers
v0x560b34bdf910_0 .net *"_s319", 0 0, L_0x560b34bfaa60;  1 drivers
v0x560b34bdf9f0_0 .net *"_s321", 0 0, L_0x560b34bfad90;  1 drivers
v0x560b34bdfad0_0 .net *"_s322", 0 0, L_0x560b34bfae30;  1 drivers
v0x560b34bdfb90_0 .net *"_s325", 0 0, L_0x560b34bfaf40;  1 drivers
v0x560b34bdfc70_0 .net *"_s327", 0 0, L_0x560b34bfb280;  1 drivers
v0x560b34bdfd50_0 .net *"_s328", 0 0, L_0x560b34bfb320;  1 drivers
v0x560b34bdfe10_0 .net *"_s331", 0 0, L_0x560b34bfb630;  1 drivers
v0x560b34bdfef0_0 .net *"_s332", 0 0, L_0x560b34bfb980;  1 drivers
v0x560b34bdffb0_0 .net *"_s334", 0 0, L_0x560b34bfba90;  1 drivers
v0x560b34be0070_0 .net *"_s336", 0 0, L_0x560b34bfbd60;  1 drivers
v0x560b34be0130_0 .net *"_s338", 0 0, L_0x560b34bfbe70;  1 drivers
v0x560b34be01f0_0 .net *"_s343", 0 0, L_0x560b34bfc1a0;  1 drivers
v0x560b34be02d0_0 .net *"_s345", 0 0, L_0x560b34bfc240;  1 drivers
v0x560b34be03b0_0 .net *"_s347", 0 0, L_0x560b34bfc5a0;  1 drivers
v0x560b34be0490_0 .net *"_s348", 0 0, L_0x560b34bfc640;  1 drivers
v0x560b34be0550_0 .net *"_s35", 0 0, L_0x560b34beecc0;  1 drivers
v0x560b34be0630_0 .net *"_s350", 0 0, L_0x560b34bfc750;  1 drivers
v0x560b34be06f0_0 .net *"_s353", 0 0, L_0x560b34bfca90;  1 drivers
v0x560b34be07d0_0 .net *"_s355", 0 0, L_0x560b34bfce00;  1 drivers
v0x560b34be10c0_0 .net *"_s356", 0 0, L_0x560b34bfcea0;  1 drivers
v0x560b34be1180_0 .net *"_s359", 0 0, L_0x560b34bfcfb0;  1 drivers
v0x560b34be1260_0 .net *"_s360", 0 0, L_0x560b34bfd330;  1 drivers
v0x560b34be1320_0 .net *"_s362", 0 0, L_0x560b34bfd680;  1 drivers
v0x560b34be13e0_0 .net *"_s365", 0 0, L_0x560b34bfd790;  1 drivers
v0x560b34be14c0_0 .net *"_s367", 0 0, L_0x560b34bfd830;  1 drivers
v0x560b34be15a0_0 .net *"_s368", 0 0, L_0x560b34bfdbc0;  1 drivers
v0x560b34be1660_0 .net *"_s37", 0 0, L_0x560b34beed60;  1 drivers
v0x560b34be1740_0 .net *"_s371", 0 0, L_0x560b34bfdf20;  1 drivers
v0x560b34be1820_0 .net *"_s372", 0 0, L_0x560b34bfdfc0;  1 drivers
v0x560b34be18e0_0 .net *"_s375", 0 0, L_0x560b34bfe0d0;  1 drivers
v0x560b34be19c0_0 .net *"_s376", 0 0, L_0x560b34bfe470;  1 drivers
v0x560b34be1a80_0 .net *"_s378", 0 0, L_0x560b34bfe7e0;  1 drivers
v0x560b34be1b40_0 .net *"_s38", 0 0, L_0x560b34beee60;  1 drivers
v0x560b34be1c20_0 .net *"_s381", 0 0, L_0x560b34bfe8f0;  1 drivers
v0x560b34be1d00_0 .net *"_s383", 0 0, L_0x560b34bfe990;  1 drivers
v0x560b34be1de0_0 .net *"_s384", 0 0, L_0x560b34bfed40;  1 drivers
v0x560b34be1ea0_0 .net *"_s387", 0 0, L_0x560b34bff0c0;  1 drivers
v0x560b34be1f80_0 .net *"_s388", 0 0, L_0x560b34bff160;  1 drivers
v0x560b34be2040_0 .net *"_s391", 0 0, L_0x560b34bff270;  1 drivers
v0x560b34be2120_0 .net *"_s393", 0 0, L_0x560b34bff630;  1 drivers
v0x560b34be2200_0 .net *"_s394", 0 0, L_0x560b34bff6d0;  1 drivers
v0x560b34be22c0_0 .net *"_s396", 0 0, L_0x560b34bffa60;  1 drivers
v0x560b34be2380_0 .net *"_s398", 0 0, L_0x560b34bffb70;  1 drivers
v0x560b34be2440_0 .net *"_s401", 0 0, L_0x560b34bfff10;  1 drivers
v0x560b34be2520_0 .net *"_s403", 0 0, L_0x560b34c002e0;  1 drivers
v0x560b34be2600_0 .net *"_s404", 0 0, L_0x560b34c00380;  1 drivers
v0x560b34be26c0_0 .net *"_s407", 0 0, L_0x560b34c00490;  1 drivers
v0x560b34be27a0_0 .net *"_s408", 0 0, L_0x560b34c00870;  1 drivers
v0x560b34be2860_0 .net *"_s411", 0 0, L_0x560b34c00c20;  1 drivers
v0x560b34be2940_0 .net *"_s413", 0 0, L_0x560b34c00cc0;  1 drivers
v0x560b34be2a20_0 .net *"_s414", 0 0, L_0x560b34c010b0;  1 drivers
v0x560b34be2ae0_0 .net *"_s417", 0 0, L_0x560b34c011c0;  1 drivers
v0x560b34be2bc0_0 .net *"_s418", 0 0, L_0x560b34c01260;  1 drivers
v0x560b34be2c80_0 .net *"_s420", 0 0, L_0x560b34c01620;  1 drivers
v0x560b34be2d40_0 .net *"_s422", 0 0, L_0x560b34c01730;  1 drivers
v0x560b34be2e00_0 .net *"_s425", 0 0, L_0x560b34c01b00;  1 drivers
v0x560b34be2ee0_0 .net *"_s427", 0 0, L_0x560b34c01f00;  1 drivers
v0x560b34be2fc0_0 .net *"_s428", 0 0, L_0x560b34c01fa0;  1 drivers
v0x560b34be3080_0 .net *"_s43", 0 0, L_0x560b34beef50;  1 drivers
v0x560b34be3160_0 .net *"_s431", 0 0, L_0x560b34c020b0;  1 drivers
v0x560b34be3240_0 .net *"_s432", 0 0, L_0x560b34c024c0;  1 drivers
v0x560b34be3300_0 .net *"_s435", 0 0, L_0x560b34c028a0;  1 drivers
v0x560b34be33e0_0 .net *"_s437", 0 0, L_0x560b34c02940;  1 drivers
v0x560b34be34c0_0 .net *"_s438", 0 0, L_0x560b34c02d60;  1 drivers
v0x560b34be3580_0 .net *"_s441", 0 0, L_0x560b34c02e70;  1 drivers
v0x560b34be3660_0 .net *"_s442", 0 0, L_0x560b34c02f10;  1 drivers
v0x560b34be3720_0 .net *"_s444", 0 0, L_0x560b34c03300;  1 drivers
v0x560b34be37e0_0 .net *"_s446", 0 0, L_0x560b34c033c0;  1 drivers
v0x560b34be38a0_0 .net *"_s448", 0 0, L_0x560b34c037c0;  1 drivers
v0x560b34be3960_0 .net *"_s45", 0 0, L_0x560b34beeff0;  1 drivers
v0x560b34be3a40_0 .net *"_s453", 0 0, L_0x560b34c038d0;  1 drivers
v0x560b34be3b20_0 .net *"_s455", 0 0, L_0x560b34c03d00;  1 drivers
v0x560b34be3c00_0 .net *"_s457", 0 0, L_0x560b34c03da0;  1 drivers
v0x560b34be3ce0_0 .net *"_s458", 0 0, L_0x560b34c041e0;  1 drivers
v0x560b34be3da0_0 .net *"_s46", 0 0, L_0x560b34bef100;  1 drivers
v0x560b34be3e80_0 .net *"_s460", 0 0, L_0x560b34c045f0;  1 drivers
v0x560b34be3f40_0 .net *"_s463", 0 0, L_0x560b34c04700;  1 drivers
v0x560b34be4020_0 .net *"_s465", 0 0, L_0x560b34c047a0;  1 drivers
v0x560b34be4100_0 .net *"_s466", 0 0, L_0x560b34c04bf0;  1 drivers
v0x560b34be41c0_0 .net *"_s469", 0 0, L_0x560b34c05010;  1 drivers
v0x560b34be42a0_0 .net *"_s470", 0 0, L_0x560b34c050b0;  1 drivers
v0x560b34be4360_0 .net *"_s472", 0 0, L_0x560b34c051c0;  1 drivers
v0x560b34be4420_0 .net *"_s475", 0 0, L_0x560b34c055f0;  1 drivers
v0x560b34be4500_0 .net *"_s477", 0 0, L_0x560b34c05a50;  1 drivers
v0x560b34be45e0_0 .net *"_s478", 0 0, L_0x560b34c05af0;  1 drivers
v0x560b34be46a0_0 .net *"_s481", 0 0, L_0x560b34c05c00;  1 drivers
v0x560b34be4780_0 .net *"_s482", 0 0, L_0x560b34c06070;  1 drivers
v0x560b34be4840_0 .net *"_s485", 0 0, L_0x560b34c064b0;  1 drivers
v0x560b34be4920_0 .net *"_s486", 0 0, L_0x560b34c06550;  1 drivers
v0x560b34be49e0_0 .net *"_s488", 0 0, L_0x560b34c06660;  1 drivers
v0x560b34be4aa0_0 .net *"_s491", 0 0, L_0x560b34c06ab0;  1 drivers
v0x560b34be4b80_0 .net *"_s493", 0 0, L_0x560b34c07740;  1 drivers
v0x560b34be4c60_0 .net *"_s494", 0 0, L_0x560b34c077e0;  1 drivers
v0x560b34be4d20_0 .net *"_s497", 0 0, L_0x560b34c078f0;  1 drivers
v0x560b34be4e00_0 .net *"_s498", 0 0, L_0x560b34c07d80;  1 drivers
v0x560b34be4ec0_0 .net *"_s5", 0 0, L_0x560b34bee290;  1 drivers
v0x560b34be4fa0_0 .net *"_s501", 0 0, L_0x560b34c081e0;  1 drivers
v0x560b34be5080_0 .net *"_s502", 0 0, L_0x560b34c08280;  1 drivers
v0x560b34be5140_0 .net *"_s505", 0 0, L_0x560b34c08390;  1 drivers
v0x560b34be5220_0 .net *"_s506", 0 0, L_0x560b34c08830;  1 drivers
v0x560b34be52e0_0 .net *"_s508", 0 0, L_0x560b34c08ca0;  1 drivers
v0x560b34be53a0_0 .net *"_s51", 0 0, L_0x560b34bef280;  1 drivers
v0x560b34be5480_0 .net *"_s511", 0 0, L_0x560b34c08db0;  1 drivers
v0x560b34be5560_0 .net *"_s513", 0 0, L_0x560b34c08e50;  1 drivers
v0x560b34be5640_0 .net *"_s514", 0 0, L_0x560b34c09300;  1 drivers
v0x560b34be5700_0 .net *"_s517", 0 0, L_0x560b34c09780;  1 drivers
v0x560b34be57e0_0 .net *"_s518", 0 0, L_0x560b34c09820;  1 drivers
v0x560b34be58a0_0 .net *"_s521", 0 0, L_0x560b34c09930;  1 drivers
v0x560b34be5980_0 .net *"_s522", 0 0, L_0x560b34c09df0;  1 drivers
v0x560b34be5a40_0 .net *"_s525", 0 0, L_0x560b34c0a280;  1 drivers
v0x560b34be5b20_0 .net *"_s527", 0 0, L_0x560b34c0a320;  1 drivers
v0x560b34be5c00_0 .net *"_s528", 0 0, L_0x560b34c099d0;  1 drivers
v0x560b34be5cc0_0 .net *"_s53", 0 0, L_0x560b34bef320;  1 drivers
v0x560b34be5da0_0 .net *"_s530", 0 0, L_0x560b34c09ae0;  1 drivers
v0x560b34be5e60_0 .net *"_s532", 0 0, L_0x560b34c09bf0;  1 drivers
v0x560b34be5f20_0 .net *"_s535", 0 0, L_0x560b34c09d00;  1 drivers
v0x560b34be6000_0 .net *"_s537", 0 0, L_0x560b34c0ab80;  1 drivers
v0x560b34be60e0_0 .net *"_s538", 0 0, L_0x560b34c0a3c0;  1 drivers
v0x560b34be61a0_0 .net *"_s54", 0 0, L_0x560b34bef090;  1 drivers
v0x560b34be6280_0 .net *"_s541", 0 0, L_0x560b34c0a480;  1 drivers
v0x560b34be6360_0 .net *"_s542", 0 0, L_0x560b34c0a520;  1 drivers
v0x560b34be6420_0 .net *"_s545", 0 0, L_0x560b34c0a630;  1 drivers
v0x560b34be6500_0 .net *"_s546", 0 0, L_0x560b34c0a6d0;  1 drivers
v0x560b34be65c0_0 .net *"_s549", 0 0, L_0x560b34c0b850;  1 drivers
v0x560b34be66a0_0 .net *"_s551", 0 0, L_0x560b34c0b8f0;  1 drivers
v0x560b34be6780_0 .net *"_s552", 0 0, L_0x560b34c0afd0;  1 drivers
v0x560b34be6840_0 .net *"_s555", 0 0, L_0x560b34c0b4a0;  1 drivers
v0x560b34be6920_0 .net *"_s556", 0 0, L_0x560b34c0b540;  1 drivers
v0x560b34be69e0_0 .net *"_s558", 0 0, L_0x560b34c0b650;  1 drivers
v0x560b34be6aa0_0 .net *"_s560", 0 0, L_0x560b34c0b760;  1 drivers
v0x560b34be6b60_0 .net *"_s563", 0 0, L_0x560b34c0c5d0;  1 drivers
v0x560b34be6c40_0 .net *"_s565", 0 0, L_0x560b34c0b990;  1 drivers
v0x560b34be6d20_0 .net *"_s566", 0 0, L_0x560b34c0ba30;  1 drivers
v0x560b34be6de0_0 .net *"_s569", 0 0, L_0x560b34c0bb40;  1 drivers
v0x560b34be6ec0_0 .net *"_s570", 0 0, L_0x560b34c0bbe0;  1 drivers
v0x560b34be6f80_0 .net *"_s573", 0 0, L_0x560b34c0bcf0;  1 drivers
v0x560b34be7060_0 .net *"_s574", 0 0, L_0x560b34c0ced0;  1 drivers
v0x560b34be7120_0 .net *"_s577", 0 0, L_0x560b34c0cf90;  1 drivers
v0x560b34be7200_0 .net *"_s579", 0 0, L_0x560b34c0c670;  1 drivers
v0x560b34be72e0_0 .net *"_s580", 0 0, L_0x560b34c0c710;  1 drivers
v0x560b34be73a0_0 .net *"_s583", 0 0, L_0x560b34c0c820;  1 drivers
v0x560b34be7480_0 .net *"_s584", 0 0, L_0x560b34c0c8c0;  1 drivers
v0x560b34be7540_0 .net *"_s586", 0 0, L_0x560b34c0c9d0;  1 drivers
v0x560b34be7600_0 .net *"_s588", 0 0, L_0x560b34c0d430;  1 drivers
v0x560b34be76c0_0 .net *"_s59", 0 0, L_0x560b34bef4e0;  1 drivers
v0x560b34be77a0_0 .net *"_s590", 0 0, L_0x560b34c0dda0;  1 drivers
v0x560b34be7860_0 .net *"_s593", 0 0, L_0x560b34c0e2c0;  1 drivers
v0x560b34be08b0_0 .net *"_s595", 0 0, L_0x560b34c0e360;  1 drivers
v0x560b34be0990_0 .net *"_s597", 0 0, L_0x560b34c0d8b0;  1 drivers
v0x560b34be0a70_0 .net *"_s598", 0 0, L_0x560b34c0d950;  1 drivers
v0x560b34be0b30_0 .net *"_s6", 0 0, L_0x560b34bee380;  1 drivers
v0x560b34be0c10_0 .net *"_s600", 0 0, L_0x560b34c0da60;  1 drivers
v0x560b34be0cd0_0 .net *"_s603", 0 0, L_0x560b34c0db70;  1 drivers
v0x560b34be0db0_0 .net *"_s605", 0 0, L_0x560b34c0dc10;  1 drivers
v0x560b34be0e90_0 .net *"_s606", 0 0, L_0x560b34c0dcb0;  1 drivers
v0x560b34be0f50_0 .net *"_s609", 0 0, L_0x560b34c0e4a0;  1 drivers
v0x560b34be8910_0 .net *"_s61", 0 0, L_0x560b34bef580;  1 drivers
v0x560b34be89b0_0 .net *"_s610", 0 0, L_0x560b34c0e540;  1 drivers
v0x560b34be8a70_0 .net *"_s612", 0 0, L_0x560b34c0e650;  1 drivers
v0x560b34be8b30_0 .net *"_s615", 0 0, L_0x560b34c0e760;  1 drivers
v0x560b34be8c10_0 .net *"_s617", 0 0, L_0x560b34c0e800;  1 drivers
v0x560b34be8cf0_0 .net *"_s618", 0 0, L_0x560b34c0e8a0;  1 drivers
v0x560b34be8db0_0 .net *"_s62", 0 0, L_0x560b34bef6b0;  1 drivers
v0x560b34be8e90_0 .net *"_s621", 0 0, L_0x560b34c0edf0;  1 drivers
v0x560b34be8f70_0 .net *"_s622", 0 0, L_0x560b34c0ee90;  1 drivers
v0x560b34be9030_0 .net *"_s625", 0 0, L_0x560b34c0efa0;  1 drivers
v0x560b34be9110_0 .net *"_s626", 0 0, L_0x560b34c0f040;  1 drivers
v0x560b34be91d0_0 .net *"_s628", 0 0, L_0x560b34c0e9b0;  1 drivers
v0x560b34be9290_0 .net *"_s631", 0 0, L_0x560b34c0eac0;  1 drivers
v0x560b34be9370_0 .net *"_s633", 0 0, L_0x560b34c0eb60;  1 drivers
v0x560b34be9450_0 .net *"_s634", 0 0, L_0x560b34c0ec00;  1 drivers
v0x560b34be9510_0 .net *"_s637", 0 0, L_0x560b34c0ed10;  1 drivers
v0x560b34be95f0_0 .net *"_s638", 0 0, L_0x560b34c0fad0;  1 drivers
v0x560b34be96b0_0 .net *"_s641", 0 0, L_0x560b34c0fbe0;  1 drivers
v0x560b34be9790_0 .net *"_s642", 0 0, L_0x560b34c0f5b0;  1 drivers
v0x560b34be9850_0 .net *"_s645", 0 0, L_0x560b34c0f6c0;  1 drivers
v0x560b34be9930_0 .net *"_s646", 0 0, L_0x560b34c0f760;  1 drivers
v0x560b34be99f0_0 .net *"_s648", 0 0, L_0x560b34c0f870;  1 drivers
v0x560b34be9ab0_0 .net *"_s651", 0 0, L_0x560b34c0f980;  1 drivers
v0x560b34be9b90_0 .net *"_s653", 0 0, L_0x560b34c0fa20;  1 drivers
v0x560b34be9c70_0 .net *"_s654", 0 0, L_0x560b34c0f150;  1 drivers
v0x560b34be9d30_0 .net *"_s657", 0 0, L_0x560b34c0f260;  1 drivers
v0x560b34be9e10_0 .net *"_s658", 0 0, L_0x560b34c0f300;  1 drivers
v0x560b34be9ed0_0 .net *"_s661", 0 0, L_0x560b34c0f410;  1 drivers
v0x560b34be9fb0_0 .net *"_s662", 0 0, L_0x560b34c0f4b0;  1 drivers
v0x560b34bea070_0 .net *"_s665", 0 0, L_0x560b34c10160;  1 drivers
v0x560b34bea150_0 .net *"_s666", 0 0, L_0x560b34c10200;  1 drivers
v0x560b34bea210_0 .net *"_s669", 0 0, L_0x560b34c10310;  1 drivers
v0x560b34bea2f0_0 .net *"_s67", 0 0, L_0x560b34bef810;  1 drivers
v0x560b34bea3d0_0 .net *"_s670", 0 0, L_0x560b34c103b0;  1 drivers
v0x560b34bea490_0 .net *"_s672", 0 0, L_0x560b34c104c0;  1 drivers
v0x560b34bea550_0 .net *"_s675", 0 0, L_0x560b34c0fc80;  1 drivers
v0x560b34bea630_0 .net *"_s677", 0 0, L_0x560b34c0fd20;  1 drivers
v0x560b34bea710_0 .net *"_s678", 0 0, L_0x560b34c0fdc0;  1 drivers
v0x560b34bea7d0_0 .net *"_s681", 0 0, L_0x560b34c0fed0;  1 drivers
v0x560b34bea8b0_0 .net *"_s682", 0 0, L_0x560b34c0ff70;  1 drivers
v0x560b34bea970_0 .net *"_s685", 0 0, L_0x560b34c10a90;  1 drivers
v0x560b34beaa50_0 .net *"_s686", 0 0, L_0x560b34c10b30;  1 drivers
v0x560b34beab10_0 .net *"_s689", 0 0, L_0x560b34c10c40;  1 drivers
v0x560b34beabf0_0 .net *"_s69", 0 0, L_0x560b34bef8b0;  1 drivers
v0x560b34beacd0_0 .net *"_s690", 0 0, L_0x560b34c10ce0;  1 drivers
v0x560b34bead90_0 .net *"_s693", 0 0, L_0x560b34c10df0;  1 drivers
v0x560b34beae70_0 .net *"_s695", 0 0, L_0x560b34c10e90;  1 drivers
v0x560b34beaf50_0 .net *"_s696", 0 0, L_0x560b34c10f30;  1 drivers
v0x560b34beb010_0 .net *"_s698", 0 0, L_0x560b34c11040;  1 drivers
v0x560b34beb0d0_0 .net *"_s70", 0 0, L_0x560b34bef9f0;  1 drivers
v0x560b34beb1b0_0 .net *"_s700", 0 0, L_0x560b34c11150;  1 drivers
v0x560b34beb270_0 .net *"_s703", 0 0, L_0x560b34c11260;  1 drivers
v0x560b34beb350_0 .net *"_s705", 0 0, L_0x560b34c11300;  1 drivers
v0x560b34beb430_0 .net *"_s706", 0 0, L_0x560b34c10080;  1 drivers
v0x560b34beb4f0_0 .net *"_s709", 0 0, L_0x560b34c10670;  1 drivers
v0x560b34beb5d0_0 .net *"_s710", 0 0, L_0x560b34c10710;  1 drivers
v0x560b34beb690_0 .net *"_s713", 0 0, L_0x560b34c10820;  1 drivers
v0x560b34beb770_0 .net *"_s714", 0 0, L_0x560b34c108c0;  1 drivers
v0x560b34beb830_0 .net *"_s717", 0 0, L_0x560b34c109d0;  1 drivers
v0x560b34beb910_0 .net *"_s718", 0 0, L_0x560b34c11940;  1 drivers
v0x560b34beb9d0_0 .net *"_s721", 0 0, L_0x560b34c11a50;  1 drivers
v0x560b34bebab0_0 .net *"_s723", 0 0, L_0x560b34c11af0;  1 drivers
v0x560b34bebb90_0 .net *"_s724", 0 0, L_0x560b34c11b90;  1 drivers
v0x560b34bebc50_0 .net *"_s727", 0 0, L_0x560b34c11ca0;  1 drivers
v0x560b34bebd30_0 .net *"_s728", 0 0, L_0x560b34c11d40;  1 drivers
v0x560b34bebdf0_0 .net *"_s730", 0 0, L_0x560b34c11e50;  1 drivers
v0x560b34bebeb0_0 .net *"_s732", 0 0, L_0x560b34c11f60;  1 drivers
v0x560b34bebf70_0 .net *"_s735", 0 0, L_0x560b34c12070;  1 drivers
v0x560b34bec050_0 .net *"_s737", 0 0, L_0x560b34c12110;  1 drivers
v0x560b34bec130_0 .net *"_s738", 0 0, L_0x560b34c121b0;  1 drivers
v0x560b34bec1f0_0 .net *"_s741", 0 0, L_0x560b34c122c0;  1 drivers
v0x560b34bec2d0_0 .net *"_s742", 0 0, L_0x560b34c12360;  1 drivers
v0x560b34bec390_0 .net *"_s745", 0 0, L_0x560b34c113a0;  1 drivers
v0x560b34bec470_0 .net *"_s746", 0 0, L_0x560b34c11440;  1 drivers
v0x560b34bec530_0 .net *"_s749", 0 0, L_0x560b34c11550;  1 drivers
v0x560b34bec610_0 .net *"_s75", 0 0, L_0x560b34befb30;  1 drivers
v0x560b34bec6f0_0 .net *"_s750", 0 0, L_0x560b34c115f0;  1 drivers
v0x560b34bec7b0_0 .net *"_s753", 0 0, L_0x560b34c11700;  1 drivers
v0x560b34bec890_0 .net *"_s755", 0 0, L_0x560b34c117a0;  1 drivers
v0x560b34bec970_0 .net *"_s756", 0 0, L_0x560b34c11840;  1 drivers
v0x560b34beca30_0 .net *"_s759", 0 0, L_0x560b34c12470;  1 drivers
v0x560b34becb10_0 .net *"_s760", 0 0, L_0x560b34c12510;  1 drivers
v0x560b34becbd0_0 .net *"_s762", 0 0, L_0x560b34c12620;  1 drivers
v0x560b34becc90_0 .net *"_s764", 0 0, L_0x560b34c126e0;  1 drivers
v0x560b34becd50_0 .net *"_s77", 0 0, L_0x560b34befbd0;  1 drivers
v0x560b34bece30_0 .net *"_s78", 0 0, L_0x560b34befd20;  1 drivers
v0x560b34becf10_0 .net *"_s83", 0 0, L_0x560b34bef950;  1 drivers
o0x7f0ac8aa2fc8 .functor BUFZ 1, C4<z>; HiZ drive
; Elide local net with no drivers, v0x560b34becff0_0 name=_s833
v0x560b34bed0d0_0 .net *"_s85", 0 0, L_0x560b34befec0;  1 drivers
v0x560b34bed1b0_0 .net *"_s86", 0 0, L_0x560b34bf0020;  1 drivers
v0x560b34bed290_0 .net *"_s91", 0 0, L_0x560b34bf0110;  1 drivers
v0x560b34bed370_0 .net *"_s93", 0 0, L_0x560b34bf01b0;  1 drivers
v0x560b34bed450_0 .net *"_s94", 0 0, L_0x560b34bf0320;  1 drivers
v0x560b34bed530_0 .net *"_s99", 0 0, L_0x560b34bf04d0;  1 drivers
v0x560b34bed610_0 .net "a", 7 0, v0x560b34bedd60_0;  1 drivers
v0x560b34bed6f0_0 .net "b", 7 0, v0x560b34bede40_0;  1 drivers
v0x560b34bed7d0_0 .net "c", 7 0, L_0x560b34c14f90;  1 drivers
v0x560b34bed8b0_0 .net "cin", 0 0, v0x560b34bedf10_0;  1 drivers
v0x560b34bed950_0 .net "cout", 0 0, L_0x560b34c127f0;  alias, 1 drivers
v0x560b34bed9f0_0 .net "g", 7 0, L_0x560b34bf1480;  1 drivers
v0x560b34bedad0_0 .net "p", 7 0, L_0x560b34bf0c20;  1 drivers
v0x560b34bedbb0_0 .net "sum", 7 0, L_0x560b34c14d90;  alias, 1 drivers
L_0x560b34bee170 .part v0x560b34bedd60_0, 0, 1;
L_0x560b34bee290 .part v0x560b34bede40_0, 0, 1;
L_0x560b34bee490 .part v0x560b34bedd60_0, 0, 1;
L_0x560b34bee530 .part v0x560b34bede40_0, 0, 1;
L_0x560b34bee740 .part v0x560b34bedd60_0, 1, 1;
L_0x560b34bee7e0 .part v0x560b34bede40_0, 1, 1;
L_0x560b34bee9c0 .part v0x560b34bedd60_0, 1, 1;
L_0x560b34beea60 .part v0x560b34bede40_0, 1, 1;
L_0x560b34beecc0 .part v0x560b34bedd60_0, 2, 1;
L_0x560b34beed60 .part v0x560b34bede40_0, 2, 1;
L_0x560b34beef50 .part v0x560b34bedd60_0, 2, 1;
L_0x560b34beeff0 .part v0x560b34bede40_0, 2, 1;
L_0x560b34bef280 .part v0x560b34bedd60_0, 3, 1;
L_0x560b34bef320 .part v0x560b34bede40_0, 3, 1;
L_0x560b34bef4e0 .part v0x560b34bedd60_0, 3, 1;
L_0x560b34bef580 .part v0x560b34bede40_0, 3, 1;
L_0x560b34bef810 .part v0x560b34bedd60_0, 4, 1;
L_0x560b34bef8b0 .part v0x560b34bede40_0, 4, 1;
L_0x560b34befb30 .part v0x560b34bedd60_0, 4, 1;
L_0x560b34befbd0 .part v0x560b34bede40_0, 4, 1;
L_0x560b34bef950 .part v0x560b34bedd60_0, 5, 1;
L_0x560b34befec0 .part v0x560b34bede40_0, 5, 1;
L_0x560b34bf0110 .part v0x560b34bedd60_0, 5, 1;
L_0x560b34bf01b0 .part v0x560b34bede40_0, 5, 1;
L_0x560b34bf04d0 .part v0x560b34bedd60_0, 6, 1;
L_0x560b34bf0570 .part v0x560b34bede40_0, 6, 1;
L_0x560b34bf0830 .part v0x560b34bedd60_0, 6, 1;
L_0x560b34bf08d0 .part v0x560b34bede40_0, 6, 1;
LS_0x560b34bf0c20_0_0 .concat8 [ 1 1 1 1], L_0x560b34bee380, L_0x560b34bee950, L_0x560b34beee60, L_0x560b34bef090;
LS_0x560b34bf0c20_0_4 .concat8 [ 1 1 1 1], L_0x560b34bef9f0, L_0x560b34bf0020, L_0x560b34bf06f0, L_0x560b34bf0460;
L_0x560b34bf0c20 .concat8 [ 4 4 0 0], LS_0x560b34bf0c20_0_0, LS_0x560b34bf0c20_0_4;
L_0x560b34bf0f40 .part v0x560b34bedd60_0, 7, 1;
L_0x560b34bf10e0 .part v0x560b34bede40_0, 7, 1;
LS_0x560b34bf1480_0_0 .concat8 [ 1 1 1 1], L_0x560b34bee600, L_0x560b34beeb50, L_0x560b34bef100, L_0x560b34bef6b0;
LS_0x560b34bf1480_0_4 .concat8 [ 1 1 1 1], L_0x560b34befd20, L_0x560b34bf0320, L_0x560b34bf0a60, L_0x560b34bf1b10;
L_0x560b34bf1480 .concat8 [ 4 4 0 0], LS_0x560b34bf1480_0_0, LS_0x560b34bf1480_0_4;
L_0x560b34bf18b0 .part v0x560b34bedd60_0, 7, 1;
L_0x560b34bf1950 .part v0x560b34bede40_0, 7, 1;
L_0x560b34bf1d00 .part L_0x560b34bf1480, 0, 1;
L_0x560b34bf1df0 .part L_0x560b34bf0c20, 0, 1;
L_0x560b34bf2170 .part L_0x560b34bf1480, 1, 1;
L_0x560b34bf2210 .part L_0x560b34bf0c20, 1, 1;
L_0x560b34bf23f0 .part L_0x560b34bf1480, 0, 1;
L_0x560b34bf20d0 .part L_0x560b34bf0c20, 1, 1;
L_0x560b34bf2860 .part L_0x560b34bf0c20, 0, 1;
L_0x560b34bf2c00 .part L_0x560b34bf1480, 2, 1;
L_0x560b34bf2e00 .part L_0x560b34bf0c20, 2, 1;
L_0x560b34bf2ea0 .part L_0x560b34bf1480, 1, 1;
L_0x560b34bf33a0 .part L_0x560b34bf0c20, 2, 1;
L_0x560b34bf3440 .part L_0x560b34bf0c20, 1, 1;
L_0x560b34bf3850 .part L_0x560b34bf1480, 0, 1;
L_0x560b34bf3c00 .part L_0x560b34bf0c20, 2, 1;
L_0x560b34bf3e30 .part L_0x560b34bf0c20, 1, 1;
L_0x560b34bf3fe0 .part L_0x560b34bf0c20, 0, 1;
L_0x560b34bf4710 .part L_0x560b34bf1480, 3, 1;
L_0x560b34bf47b0 .part L_0x560b34bf0c20, 3, 1;
L_0x560b34bf4a00 .part L_0x560b34bf1480, 2, 1;
L_0x560b34bf4de0 .part L_0x560b34bf0c20, 3, 1;
L_0x560b34bf5040 .part L_0x560b34bf0c20, 2, 1;
L_0x560b34bf50e0 .part L_0x560b34bf1480, 1, 1;
L_0x560b34bf56a0 .part L_0x560b34bf0c20, 3, 1;
L_0x560b34bf5740 .part L_0x560b34bf0c20, 2, 1;
L_0x560b34bf5bd0 .part L_0x560b34bf0c20, 1, 1;
L_0x560b34bf5ec0 .part L_0x560b34bf1480, 0, 1;
L_0x560b34bf65d0 .part L_0x560b34bf0c20, 3, 1;
L_0x560b34bf6670 .part L_0x560b34bf0c20, 2, 1;
L_0x560b34bf6910 .part L_0x560b34bf0c20, 1, 1;
L_0x560b34bf6c20 .part L_0x560b34bf0c20, 0, 1;
L_0x560b34bf75b0 .part L_0x560b34bf1480, 4, 1;
L_0x560b34bf7650 .part L_0x560b34bf0c20, 4, 1;
L_0x560b34bf7910 .part L_0x560b34bf1480, 3, 1;
L_0x560b34bf7d60 .part L_0x560b34bf0c20, 4, 1;
L_0x560b34bf8030 .part L_0x560b34bf0c20, 3, 1;
L_0x560b34bf81e0 .part L_0x560b34bf1480, 2, 1;
L_0x560b34bf8880 .part L_0x560b34bf0c20, 4, 1;
L_0x560b34bf8920 .part L_0x560b34bf0c20, 3, 1;
L_0x560b34bf8ed0 .part L_0x560b34bf0c20, 2, 1;
L_0x560b34bf8f70 .part L_0x560b34bf1480, 1, 1;
L_0x560b34bf9760 .part L_0x560b34bf0c20, 4, 1;
L_0x560b34bf9800 .part L_0x560b34bf0c20, 3, 1;
L_0x560b34bf9df0 .part L_0x560b34bf0c20, 2, 1;
L_0x560b34bf9e90 .part L_0x560b34bf0c20, 1, 1;
L_0x560b34bfa2c0 .part L_0x560b34bf1480, 0, 1;
L_0x560b34bfaa60 .part L_0x560b34bf0c20, 4, 1;
L_0x560b34bfad90 .part L_0x560b34bf0c20, 3, 1;
L_0x560b34bfaf40 .part L_0x560b34bf0c20, 2, 1;
L_0x560b34bfb280 .part L_0x560b34bf0c20, 1, 1;
L_0x560b34bfb630 .part L_0x560b34bf0c20, 0, 1;
L_0x560b34bfc1a0 .part L_0x560b34bf1480, 5, 1;
L_0x560b34bfc240 .part L_0x560b34bf0c20, 5, 1;
L_0x560b34bfc5a0 .part L_0x560b34bf1480, 4, 1;
L_0x560b34bfca90 .part L_0x560b34bf0c20, 5, 1;
L_0x560b34bfce00 .part L_0x560b34bf0c20, 4, 1;
L_0x560b34bfcfb0 .part L_0x560b34bf1480, 3, 1;
L_0x560b34bfd790 .part L_0x560b34bf0c20, 5, 1;
L_0x560b34bfd830 .part L_0x560b34bf0c20, 4, 1;
L_0x560b34bfdf20 .part L_0x560b34bf0c20, 3, 1;
L_0x560b34bfe0d0 .part L_0x560b34bf1480, 2, 1;
L_0x560b34bfe8f0 .part L_0x560b34bf0c20, 5, 1;
L_0x560b34bfe990 .part L_0x560b34bf0c20, 4, 1;
L_0x560b34bff0c0 .part L_0x560b34bf0c20, 3, 1;
L_0x560b34bff270 .part L_0x560b34bf0c20, 2, 1;
L_0x560b34bff630 .part L_0x560b34bf1480, 1, 1;
L_0x560b34bfff10 .part L_0x560b34bf0c20, 5, 1;
L_0x560b34c002e0 .part L_0x560b34bf0c20, 4, 1;
L_0x560b34c00490 .part L_0x560b34bf0c20, 3, 1;
L_0x560b34c00c20 .part L_0x560b34bf0c20, 2, 1;
L_0x560b34c00cc0 .part L_0x560b34bf0c20, 1, 1;
L_0x560b34c011c0 .part L_0x560b34bf1480, 0, 1;
L_0x560b34c01b00 .part L_0x560b34bf0c20, 5, 1;
L_0x560b34c01f00 .part L_0x560b34bf0c20, 4, 1;
L_0x560b34c020b0 .part L_0x560b34bf0c20, 3, 1;
L_0x560b34c028a0 .part L_0x560b34bf0c20, 2, 1;
L_0x560b34c02940 .part L_0x560b34bf0c20, 1, 1;
L_0x560b34c02e70 .part L_0x560b34bf0c20, 0, 1;
L_0x560b34c038d0 .part L_0x560b34bf1480, 6, 1;
L_0x560b34c03d00 .part L_0x560b34bf0c20, 6, 1;
L_0x560b34c03da0 .part L_0x560b34bf1480, 5, 1;
L_0x560b34c04700 .part L_0x560b34bf0c20, 6, 1;
L_0x560b34c047a0 .part L_0x560b34bf0c20, 5, 1;
L_0x560b34c05010 .part L_0x560b34bf1480, 4, 1;
L_0x560b34c055f0 .part L_0x560b34bf0c20, 6, 1;
L_0x560b34c05a50 .part L_0x560b34bf0c20, 5, 1;
L_0x560b34c05c00 .part L_0x560b34bf0c20, 4, 1;
L_0x560b34c064b0 .part L_0x560b34bf1480, 3, 1;
L_0x560b34c06ab0 .part L_0x560b34bf0c20, 6, 1;
L_0x560b34c07740 .part L_0x560b34bf0c20, 5, 1;
L_0x560b34c078f0 .part L_0x560b34bf0c20, 4, 1;
L_0x560b34c081e0 .part L_0x560b34bf0c20, 3, 1;
L_0x560b34c08390 .part L_0x560b34bf1480, 2, 1;
L_0x560b34c08db0 .part L_0x560b34bf0c20, 6, 1;
L_0x560b34c08e50 .part L_0x560b34bf0c20, 5, 1;
L_0x560b34c09780 .part L_0x560b34bf0c20, 4, 1;
L_0x560b34c09930 .part L_0x560b34bf0c20, 3, 1;
L_0x560b34c0a280 .part L_0x560b34bf0c20, 2, 1;
L_0x560b34c0a320 .part L_0x560b34bf1480, 1, 1;
L_0x560b34c09d00 .part L_0x560b34bf0c20, 6, 1;
L_0x560b34c0ab80 .part L_0x560b34bf0c20, 5, 1;
L_0x560b34c0a480 .part L_0x560b34bf0c20, 4, 1;
L_0x560b34c0a630 .part L_0x560b34bf0c20, 3, 1;
L_0x560b34c0b850 .part L_0x560b34bf0c20, 2, 1;
L_0x560b34c0b8f0 .part L_0x560b34bf0c20, 1, 1;
L_0x560b34c0b4a0 .part L_0x560b34bf1480, 0, 1;
L_0x560b34c0c5d0 .part L_0x560b34bf0c20, 6, 1;
L_0x560b34c0b990 .part L_0x560b34bf0c20, 5, 1;
L_0x560b34c0bb40 .part L_0x560b34bf0c20, 4, 1;
L_0x560b34c0bcf0 .part L_0x560b34bf0c20, 3, 1;
L_0x560b34c0cf90 .part L_0x560b34bf0c20, 2, 1;
L_0x560b34c0c670 .part L_0x560b34bf0c20, 1, 1;
L_0x560b34c0c820 .part L_0x560b34bf0c20, 0, 1;
L_0x560b34c0e2c0 .part L_0x560b34bf1480, 7, 1;
L_0x560b34c0e360 .part L_0x560b34bf0c20, 7, 1;
L_0x560b34c0d8b0 .part L_0x560b34bf1480, 6, 1;
L_0x560b34c0db70 .part L_0x560b34bf0c20, 7, 1;
L_0x560b34c0dc10 .part L_0x560b34bf0c20, 6, 1;
L_0x560b34c0e4a0 .part L_0x560b34bf1480, 5, 1;
L_0x560b34c0e760 .part L_0x560b34bf0c20, 7, 1;
L_0x560b34c0e800 .part L_0x560b34bf0c20, 6, 1;
L_0x560b34c0edf0 .part L_0x560b34bf0c20, 5, 1;
L_0x560b34c0efa0 .part L_0x560b34bf1480, 4, 1;
L_0x560b34c0eac0 .part L_0x560b34bf0c20, 7, 1;
L_0x560b34c0eb60 .part L_0x560b34bf0c20, 6, 1;
L_0x560b34c0ed10 .part L_0x560b34bf0c20, 5, 1;
L_0x560b34c0fbe0 .part L_0x560b34bf0c20, 4, 1;
L_0x560b34c0f6c0 .part L_0x560b34bf1480, 3, 1;
L_0x560b34c0f980 .part L_0x560b34bf0c20, 7, 1;
L_0x560b34c0fa20 .part L_0x560b34bf0c20, 6, 1;
L_0x560b34c0f260 .part L_0x560b34bf0c20, 5, 1;
L_0x560b34c0f410 .part L_0x560b34bf0c20, 4, 1;
L_0x560b34c10160 .part L_0x560b34bf0c20, 3, 1;
L_0x560b34c10310 .part L_0x560b34bf1480, 2, 1;
L_0x560b34c0fc80 .part L_0x560b34bf0c20, 7, 1;
L_0x560b34c0fd20 .part L_0x560b34bf0c20, 6, 1;
L_0x560b34c0fed0 .part L_0x560b34bf0c20, 5, 1;
L_0x560b34c10a90 .part L_0x560b34bf0c20, 4, 1;
L_0x560b34c10c40 .part L_0x560b34bf0c20, 3, 1;
L_0x560b34c10df0 .part L_0x560b34bf0c20, 2, 1;
L_0x560b34c10e90 .part L_0x560b34bf1480, 1, 1;
L_0x560b34c11260 .part L_0x560b34bf0c20, 7, 1;
L_0x560b34c11300 .part L_0x560b34bf0c20, 6, 1;
L_0x560b34c10670 .part L_0x560b34bf0c20, 5, 1;
L_0x560b34c10820 .part L_0x560b34bf0c20, 4, 1;
L_0x560b34c109d0 .part L_0x560b34bf0c20, 3, 1;
L_0x560b34c11a50 .part L_0x560b34bf0c20, 2, 1;
L_0x560b34c11af0 .part L_0x560b34bf0c20, 1, 1;
L_0x560b34c11ca0 .part L_0x560b34bf1480, 0, 1;
L_0x560b34c12070 .part L_0x560b34bf0c20, 7, 1;
L_0x560b34c12110 .part L_0x560b34bf0c20, 6, 1;
L_0x560b34c122c0 .part L_0x560b34bf0c20, 5, 1;
L_0x560b34c113a0 .part L_0x560b34bf0c20, 4, 1;
L_0x560b34c11550 .part L_0x560b34bf0c20, 3, 1;
L_0x560b34c11700 .part L_0x560b34bf0c20, 2, 1;
L_0x560b34c117a0 .part L_0x560b34bf0c20, 1, 1;
L_0x560b34c12470 .part L_0x560b34bf0c20, 0, 1;
L_0x560b34c136a0 .part v0x560b34bedd60_0, 0, 1;
L_0x560b34c13790 .part v0x560b34bede40_0, 0, 1;
L_0x560b34c130f0 .part v0x560b34bedd60_0, 1, 1;
L_0x560b34c131e0 .part v0x560b34bede40_0, 1, 1;
L_0x560b34c132d0 .part L_0x560b34c14f90, 1, 1;
L_0x560b34c134f0 .part v0x560b34bedd60_0, 2, 1;
L_0x560b34c13880 .part v0x560b34bede40_0, 2, 1;
L_0x560b34c13970 .part L_0x560b34c14f90, 2, 1;
L_0x560b34c13be0 .part v0x560b34bedd60_0, 3, 1;
L_0x560b34c13cd0 .part v0x560b34bede40_0, 3, 1;
L_0x560b34c13dc0 .part L_0x560b34c14f90, 3, 1;
L_0x560b34c146c0 .part v0x560b34bedd60_0, 4, 1;
L_0x560b34c13ef0 .part v0x560b34bede40_0, 4, 1;
L_0x560b34c13fe0 .part L_0x560b34c14f90, 4, 1;
L_0x560b34c141b0 .part v0x560b34bedd60_0, 5, 1;
L_0x560b34c142a0 .part v0x560b34bede40_0, 5, 1;
L_0x560b34c14390 .part L_0x560b34c14f90, 5, 1;
L_0x560b34c14ea0 .part v0x560b34bedd60_0, 6, 1;
L_0x560b34c147b0 .part v0x560b34bede40_0, 6, 1;
L_0x560b34c148a0 .part L_0x560b34c14f90, 6, 1;
L_0x560b34c14ac0 .part v0x560b34bedd60_0, 7, 1;
L_0x560b34c14bb0 .part v0x560b34bede40_0, 7, 1;
L_0x560b34c14ca0 .part L_0x560b34c14f90, 7, 1;
LS_0x560b34c14d90_0_0 .concat8 [ 1 1 1 1], L_0x560b34c13630, L_0x560b34c13030, L_0x560b34c13430, L_0x560b34c13b20;
LS_0x560b34c14d90_0_4 .concat8 [ 1 1 1 1], L_0x560b34c14600, L_0x560b34c14140, L_0x560b34c14e30, L_0x560b34c14a00;
L_0x560b34c14d90 .concat8 [ 4 4 0 0], LS_0x560b34c14d90_0_0, LS_0x560b34c14d90_0_4;
LS_0x560b34c14f90_0_0 .concat [ 1 1 1 1], o0x7f0ac8aa2fc8, L_0x560b34bf2010, L_0x560b34bf2b40, L_0x560b34bf44f0;
LS_0x560b34c14f90_0_4 .concat [ 1 1 1 1], L_0x560b34bf7320, L_0x560b34bfbe70, L_0x560b34c037c0, L_0x560b34c0dda0;
L_0x560b34c14f90 .concat [ 4 4 0 0], LS_0x560b34c14f90_0_0, LS_0x560b34c14f90_0_4;
S_0x560b34bb51a0 .scope module, "D1" "carry_look_ahead_single" 3 43, 4 1 0, S_0x560b34bb5590;
 .timescale 0 0;
    .port_info 0 /INPUT 1 "a"
    .port_info 1 /INPUT 1 "b"
    .port_info 2 /INPUT 1 "cin"
    .port_info 3 /OUTPUT 1 "s"
L_0x560b34c135c0 .functor XOR 1, L_0x560b34c136a0, L_0x560b34c13790, C4<0>, C4<0>;
L_0x560b34c13630 .functor XOR 1, L_0x560b34c135c0, v0x560b34bedf10_0, C4<0>, C4<0>;
v0x560b34b49930_0 .net *"_s0", 0 0, L_0x560b34c135c0;  1 drivers
v0x560b34bb2980_0 .net "a", 0 0, L_0x560b34c136a0;  1 drivers
v0x560b34bb1170_0 .net "b", 0 0, L_0x560b34c13790;  1 drivers
v0x560b34baf960_0 .net "cin", 0 0, v0x560b34bedf10_0;  alias, 1 drivers
v0x560b34bae150_0 .net "s", 0 0, L_0x560b34c13630;  1 drivers
S_0x560b34bd6b30 .scope module, "D2" "carry_look_ahead_single" 3 44, 4 1 0, S_0x560b34bb5590;
 .timescale 0 0;
    .port_info 0 /INPUT 1 "a"
    .port_info 1 /INPUT 1 "b"
    .port_info 2 /INPUT 1 "cin"
    .port_info 3 /OUTPUT 1 "s"
L_0x560b34c12fc0 .functor XOR 1, L_0x560b34c130f0, L_0x560b34c131e0, C4<0>, C4<0>;
L_0x560b34c13030 .functor XOR 1, L_0x560b34c12fc0, L_0x560b34c132d0, C4<0>, C4<0>;
v0x560b34bac940_0 .net *"_s0", 0 0, L_0x560b34c12fc0;  1 drivers
v0x560b34bab100_0 .net "a", 0 0, L_0x560b34c130f0;  1 drivers
v0x560b34bd6d30_0 .net "b", 0 0, L_0x560b34c131e0;  1 drivers
v0x560b34bd6dd0_0 .net "cin", 0 0, L_0x560b34c132d0;  1 drivers
v0x560b34bd6e90_0 .net "s", 0 0, L_0x560b34c13030;  1 drivers
S_0x560b34bd6fd0 .scope module, "D3" "carry_look_ahead_single" 3 45, 4 1 0, S_0x560b34bb5590;
 .timescale 0 0;
    .port_info 0 /INPUT 1 "a"
    .port_info 1 /INPUT 1 "b"
    .port_info 2 /INPUT 1 "cin"
    .port_info 3 /OUTPUT 1 "s"
L_0x560b34c133c0 .functor XOR 1, L_0x560b34c134f0, L_0x560b34c13880, C4<0>, C4<0>;
L_0x560b34c13430 .functor XOR 1, L_0x560b34c133c0, L_0x560b34c13970, C4<0>, C4<0>;
v0x560b34bd71c0_0 .net *"_s0", 0 0, L_0x560b34c133c0;  1 drivers
v0x560b34bd72a0_0 .net "a", 0 0, L_0x560b34c134f0;  1 drivers
v0x560b34bd7360_0 .net "b", 0 0, L_0x560b34c13880;  1 drivers
v0x560b34bd7430_0 .net "cin", 0 0, L_0x560b34c13970;  1 drivers
v0x560b34bd74f0_0 .net "s", 0 0, L_0x560b34c13430;  1 drivers
S_0x560b34bd7630 .scope module, "D4" "carry_look_ahead_single" 3 46, 4 1 0, S_0x560b34bb5590;
 .timescale 0 0;
    .port_info 0 /INPUT 1 "a"
    .port_info 1 /INPUT 1 "b"
    .port_info 2 /INPUT 1 "cin"
    .port_info 3 /OUTPUT 1 "s"
L_0x560b34c13ab0 .functor XOR 1, L_0x560b34c13be0, L_0x560b34c13cd0, C4<0>, C4<0>;
L_0x560b34c13b20 .functor XOR 1, L_0x560b34c13ab0, L_0x560b34c13dc0, C4<0>, C4<0>;
v0x560b34bd7870_0 .net *"_s0", 0 0, L_0x560b34c13ab0;  1 drivers
v0x560b34bd7970_0 .net "a", 0 0, L_0x560b34c13be0;  1 drivers
v0x560b34bd7a30_0 .net "b", 0 0, L_0x560b34c13cd0;  1 drivers
v0x560b34bd7b00_0 .net "cin", 0 0, L_0x560b34c13dc0;  1 drivers
v0x560b34bd7bc0_0 .net "s", 0 0, L_0x560b34c13b20;  1 drivers
S_0x560b34bd7d50 .scope module, "D5" "carry_look_ahead_single" 3 47, 4 1 0, S_0x560b34bb5590;
 .timescale 0 0;
    .port_info 0 /INPUT 1 "a"
    .port_info 1 /INPUT 1 "b"
    .port_info 2 /INPUT 1 "cin"
    .port_info 3 /OUTPUT 1 "s"
L_0x560b34c14590 .functor XOR 1, L_0x560b34c146c0, L_0x560b34c13ef0, C4<0>, C4<0>;
L_0x560b34c14600 .functor XOR 1, L_0x560b34c14590, L_0x560b34c13fe0, C4<0>, C4<0>;
v0x560b34bd7fe0_0 .net *"_s0", 0 0, L_0x560b34c14590;  1 drivers
v0x560b34bd80e0_0 .net "a", 0 0, L_0x560b34c146c0;  1 drivers
v0x560b34bd81a0_0 .net "b", 0 0, L_0x560b34c13ef0;  1 drivers
v0x560b34bd8240_0 .net "cin", 0 0, L_0x560b34c13fe0;  1 drivers
v0x560b34bd8300_0 .net "s", 0 0, L_0x560b34c14600;  1 drivers
S_0x560b34bd8490 .scope module, "D6" "carry_look_ahead_single" 3 48, 4 1 0, S_0x560b34bb5590;
 .timescale 0 0;
    .port_info 0 /INPUT 1 "a"
    .port_info 1 /INPUT 1 "b"
    .port_info 2 /INPUT 1 "cin"
    .port_info 3 /OUTPUT 1 "s"
L_0x560b34c140d0 .functor XOR 1, L_0x560b34c141b0, L_0x560b34c142a0, C4<0>, C4<0>;
L_0x560b34c14140 .functor XOR 1, L_0x560b34c140d0, L_0x560b34c14390, C4<0>, C4<0>;
v0x560b34bd86d0_0 .net *"_s0", 0 0, L_0x560b34c140d0;  1 drivers
v0x560b34bd87d0_0 .net "a", 0 0, L_0x560b34c141b0;  1 drivers
v0x560b34bd8890_0 .net "b", 0 0, L_0x560b34c142a0;  1 drivers
v0x560b34bd8960_0 .net "cin", 0 0, L_0x560b34c14390;  1 drivers
v0x560b34bd8a20_0 .net "s", 0 0, L_0x560b34c14140;  1 drivers
S_0x560b34bd8bb0 .scope module, "D7" "carry_look_ahead_single" 3 49, 4 1 0, S_0x560b34bb5590;
 .timescale 0 0;
    .port_info 0 /INPUT 1 "a"
    .port_info 1 /INPUT 1 "b"
    .port_info 2 /INPUT 1 "cin"
    .port_info 3 /OUTPUT 1 "s"
L_0x560b34c14480 .functor XOR 1, L_0x560b34c14ea0, L_0x560b34c147b0, C4<0>, C4<0>;
L_0x560b34c14e30 .functor XOR 1, L_0x560b34c14480, L_0x560b34c148a0, C4<0>, C4<0>;
v0x560b34bd8df0_0 .net *"_s0", 0 0, L_0x560b34c14480;  1 drivers
v0x560b34bd8ef0_0 .net "a", 0 0, L_0x560b34c14ea0;  1 drivers
v0x560b34bd8fb0_0 .net "b", 0 0, L_0x560b34c147b0;  1 drivers
v0x560b34bd9080_0 .net "cin", 0 0, L_0x560b34c148a0;  1 drivers
v0x560b34bd9140_0 .net "s", 0 0, L_0x560b34c14e30;  1 drivers
S_0x560b34bd92d0 .scope module, "D8" "carry_look_ahead_single" 3 50, 4 1 0, S_0x560b34bb5590;
 .timescale 0 0;
    .port_info 0 /INPUT 1 "a"
    .port_info 1 /INPUT 1 "b"
    .port_info 2 /INPUT 1 "cin"
    .port_info 3 /OUTPUT 1 "s"
L_0x560b34c14990 .functor XOR 1, L_0x560b34c14ac0, L_0x560b34c14bb0, C4<0>, C4<0>;
L_0x560b34c14a00 .functor XOR 1, L_0x560b34c14990, L_0x560b34c14ca0, C4<0>, C4<0>;
v0x560b34bd9510_0 .net *"_s0", 0 0, L_0x560b34c14990;  1 drivers
v0x560b34bd9610_0 .net "a", 0 0, L_0x560b34c14ac0;  1 drivers
v0x560b34bd96d0_0 .net "b", 0 0, L_0x560b34c14bb0;  1 drivers
v0x560b34bd97a0_0 .net "cin", 0 0, L_0x560b34c14ca0;  1 drivers
v0x560b34bd9860_0 .net "s", 0 0, L_0x560b34c14a00;  1 drivers
    .scope S_0x560b34ba98d0;
T_0 ;
    %vpi_call 2 16 "$monitor", $time, " A = %b, B = %b, Carry_in = %b, Sum = %b, Carry_out = %b", v0x560b34bedd60_0, v0x560b34bede40_0, v0x560b34bedf10_0, v0x560b34bee080_0, v0x560b34bedfe0_0 {0 0 0};
    %pushi/vec4 8, 0, 8;
    %store/vec4 v0x560b34bedd60_0, 0, 8;
    %pushi/vec4 8, 0, 8;
    %store/vec4 v0x560b34bede40_0, 0, 8;
    %pushi/vec4 0, 0, 1;
    %store/vec4 v0x560b34bedf10_0, 0, 1;
    %delay 5, 0;
    %pushi/vec4 23, 0, 8;
    %store/vec4 v0x560b34bedd60_0, 0, 8;
    %pushi/vec4 47, 0, 8;
    %store/vec4 v0x560b34bede40_0, 0, 8;
    %pushi/vec4 0, 0, 1;
    %store/vec4 v0x560b34bedf10_0, 0, 1;
    %delay 5, 0;
    %pushi/vec4 39, 0, 8;
    %store/vec4 v0x560b34bedd60_0, 0, 8;
    %pushi/vec4 68, 0, 8;
    %store/vec4 v0x560b34bede40_0, 0, 8;
    %pushi/vec4 0, 0, 1;
    %store/vec4 v0x560b34bedf10_0, 0, 1;
    %delay 5, 0;
    %pushi/vec4 110, 0, 8;
    %store/vec4 v0x560b34bedd60_0, 0, 8;
    %pushi/vec4 36, 0, 8;
    %store/vec4 v0x560b34bede40_0, 0, 8;
    %pushi/vec4 0, 0, 1;
    %store/vec4 v0x560b34bedf10_0, 0, 1;
    %delay 5, 0;
    %pushi/vec4 74, 0, 8;
    %store/vec4 v0x560b34bedd60_0, 0, 8;
    %pushi/vec4 37, 0, 8;
    %store/vec4 v0x560b34bede40_0, 0, 8;
    %pushi/vec4 0, 0, 1;
    %store/vec4 v0x560b34bedf10_0, 0, 1;
    %delay 5, 0;
    %pushi/vec4 65, 0, 8;
    %store/vec4 v0x560b34bedd60_0, 0, 8;
    %pushi/vec4 45, 0, 8;
    %store/vec4 v0x560b34bede40_0, 0, 8;
    %pushi/vec4 1, 0, 1;
    %store/vec4 v0x560b34bedf10_0, 0, 1;
    %delay 5, 0;
    %pushi/vec4 23, 0, 8;
    %store/vec4 v0x560b34bedd60_0, 0, 8;
    %pushi/vec4 36, 0, 8;
    %store/vec4 v0x560b34bede40_0, 0, 8;
    %pushi/vec4 0, 0, 1;
    %store/vec4 v0x560b34bedf10_0, 0, 1;
    %delay 5, 0;
    %pushi/vec4 42, 0, 8;
    %store/vec4 v0x560b34bedd60_0, 0, 8;
    %pushi/vec4 98, 0, 8;
    %store/vec4 v0x560b34bede40_0, 0, 8;
    %pushi/vec4 0, 0, 1;
    %store/vec4 v0x560b34bedf10_0, 0, 1;
    %delay 5, 0;
    %pushi/vec4 200, 0, 8;
    %store/vec4 v0x560b34bedd60_0, 0, 8;
    %pushi/vec4 57, 0, 8;
    %store/vec4 v0x560b34bede40_0, 0, 8;
    %pushi/vec4 1, 0, 1;
    %store/vec4 v0x560b34bedf10_0, 0, 1;
    %delay 5, 0;
    %pushi/vec4 123, 0, 8;
    %store/vec4 v0x560b34bedd60_0, 0, 8;
    %pushi/vec4 37, 0, 8;
    %store/vec4 v0x560b34bede40_0, 0, 8;
    %pushi/vec4 0, 0, 1;
    %store/vec4 v0x560b34bedf10_0, 0, 1;
    %delay 5, 0;
    %pushi/vec4 96, 0, 8;
    %store/vec4 v0x560b34bedd60_0, 0, 8;
    %pushi/vec4 28, 0, 8;
    %store/vec4 v0x560b34bede40_0, 0, 8;
    %pushi/vec4 0, 0, 1;
    %store/vec4 v0x560b34bedf10_0, 0, 1;
    %delay 5, 0;
    %pushi/vec4 75, 0, 8;
    %store/vec4 v0x560b34bedd60_0, 0, 8;
    %pushi/vec4 91, 0, 8;
    %store/vec4 v0x560b34bede40_0, 0, 8;
    %pushi/vec4 0, 0, 1;
    %store/vec4 v0x560b34bedf10_0, 0, 1;
    %delay 5, 0;
    %pushi/vec4 33, 0, 8;
    %store/vec4 v0x560b34bedd60_0, 0, 8;
    %pushi/vec4 83, 0, 8;
    %store/vec4 v0x560b34bede40_0, 0, 8;
    %pushi/vec4 0, 0, 1;
    %store/vec4 v0x560b34bedf10_0, 0, 1;
    %delay 5, 0;
    %pushi/vec4 74, 0, 8;
    %store/vec4 v0x560b34bedd60_0, 0, 8;
    %pushi/vec4 25, 0, 8;
    %store/vec4 v0x560b34bede40_0, 0, 8;
    %pushi/vec4 0, 0, 1;
    %store/vec4 v0x560b34bedf10_0, 0, 1;
    %delay 5, 0;
    %pushi/vec4 34, 0, 8;
    %store/vec4 v0x560b34bedd60_0, 0, 8;
    %pushi/vec4 46, 0, 8;
    %store/vec4 v0x560b34bede40_0, 0, 8;
    %pushi/vec4 1, 0, 1;
    %store/vec4 v0x560b34bedf10_0, 0, 1;
    %end;
    .thread T_0;
# The file index is used to find the file name in the following table.
:file_names 5;
    "N/A";
    "<interactive>";
    "carry_look_ahead_eight_tb.v";
    "./carry_look_ahead_eight.v";
    "./carry_look_ahead_single.v";
