#! /usr/bin/vvp
:ivl_version "10.1 (stable)";
:ivl_delay_selection "TYPICAL";
:vpi_time_precision + 0;
:vpi_module "system";
:vpi_module "vhdl_sys";
:vpi_module "v2005_math";
:vpi_module "va_math";
S_0x562f954728e0 .scope module, "testbench" "testbench" 2 4;
 .timescale 0 0;
v0x562f954982b0_0 .var "a", 7 0;
v0x562f954983a0_0 .net "b", 2 0, L_0x562f9549b4f0;  1 drivers
S_0x562f95475610 .scope module, "D1" "eight_to_three_priority" 2 8, 3 1 0, S_0x562f954728e0;
 .timescale 0 0;
    .port_info 0 /INPUT 8 "a"
    .port_info 1 /OUTPUT 3 "c"
v0x562f95497ed0_0 .net "a", 7 0, v0x562f954982b0_0;  1 drivers
v0x562f95497fd0_0 .net "b", 23 0, L_0x562f9549ad90;  1 drivers
v0x562f954980b0_0 .net "c", 2 0, L_0x562f9549b4f0;  alias, 1 drivers
v0x562f95498170_0 .net "p", 7 0, L_0x562f9549afa0;  1 drivers
L_0x562f95498770 .part v0x562f954982b0_0, 0, 1;
L_0x562f95498b20 .part v0x562f954982b0_0, 1, 1;
L_0x562f95498c10 .part L_0x562f9549afa0, 0, 1;
L_0x562f95498cb0 .part L_0x562f9549ad90, 0, 3;
L_0x562f95499080 .part v0x562f954982b0_0, 2, 1;
L_0x562f95499170 .part L_0x562f9549afa0, 1, 1;
L_0x562f95499250 .part L_0x562f9549ad90, 3, 3;
L_0x562f95499580 .part v0x562f954982b0_0, 3, 1;
L_0x562f954996c0 .part L_0x562f9549afa0, 2, 1;
L_0x562f95499760 .part L_0x562f9549ad90, 6, 3;
L_0x562f95499a80 .part v0x562f954982b0_0, 4, 1;
L_0x562f95499b70 .part L_0x562f9549afa0, 3, 1;
L_0x562f95499c80 .part L_0x562f9549ad90, 9, 3;
L_0x562f95499fb0 .part v0x562f954982b0_0, 5, 1;
L_0x562f9549a120 .part L_0x562f9549afa0, 4, 1;
L_0x562f9549a1c0 .part L_0x562f9549ad90, 12, 3;
L_0x562f9549a520 .part v0x562f954982b0_0, 6, 1;
L_0x562f9549a610 .part L_0x562f9549afa0, 5, 1;
L_0x562f9549a750 .part L_0x562f9549ad90, 15, 3;
L_0x562f9549aa90 .part v0x562f954982b0_0, 7, 1;
L_0x562f9549a6b0 .part L_0x562f9549afa0, 6, 1;
L_0x562f9549ac30 .part L_0x562f9549ad90, 18, 3;
LS_0x562f9549ad90_0_0 .concat8 [ 3 3 3 3], v0x562f95469c90_0, v0x562f95494490_0, v0x562f95494d70_0, v0x562f954956a0_0;
LS_0x562f9549ad90_0_4 .concat8 [ 3 3 3 3], v0x562f95495ff0_0, v0x562f95496920_0, v0x562f95497250_0, v0x562f95497b80_0;
L_0x562f9549ad90 .concat8 [ 12 12 0 0], LS_0x562f9549ad90_0_0, LS_0x562f9549ad90_0_4;
LS_0x562f9549afa0_0_0 .concat8 [ 1 1 1 1], L_0x562f95498630, L_0x562f954989e0, L_0x562f95498f40, L_0x562f95499470;
LS_0x562f9549afa0_0_4 .concat8 [ 1 1 1 1], L_0x562f95499940, L_0x562f95499ec0, L_0x562f9549a3e0, L_0x562f9549a950;
L_0x562f9549afa0 .concat8 [ 4 4 0 0], LS_0x562f9549afa0_0_0, LS_0x562f9549afa0_0_4;
L_0x562f9549b4f0 .part L_0x562f9549ad90, 21, 3;
S_0x562f954609c0 .scope module, "D1" "priority_logic" 3 10, 4 1 0, S_0x562f95475610;
 .timescale 0 0;
    .port_info 0 /INPUT 1 "a"
    .port_info 1 /INPUT 1 "pp"
    .port_info 2 /INPUT 3 "b"
    .port_info 3 /OUTPUT 3 "c"
    .port_info 4 /OUTPUT 1 "pc"
L_0x7fcd21b14018 .functor BUFT 1, C4<0>, C4<0>, C4<0>, C4<0>;
L_0x562f95498470 .functor NOT 1, L_0x7fcd21b14018, C4<0>, C4<0>, C4<0>;
L_0x562f95498540 .functor AND 1, L_0x562f95498470, L_0x562f95498770, C4<1>, C4<1>;
L_0x562f95498630 .functor OR 1, L_0x562f95498540, L_0x7fcd21b14018, C4<0>, C4<0>;
v0x562f95472750_0 .net *"_s0", 0 0, L_0x562f95498470;  1 drivers
v0x562f954704a0_0 .net *"_s2", 0 0, L_0x562f95498540;  1 drivers
v0x562f9546e1f0_0 .net "a", 0 0, L_0x562f95498770;  1 drivers
L_0x7fcd21b14060 .functor BUFT 1, C4<000>, C4<0>, C4<0>, C4<0>;
v0x562f9546bf40_0 .net "b", 2 0, L_0x7fcd21b14060;  1 drivers
v0x562f95469c90_0 .var "c", 2 0;
v0x562f954678b0_0 .net "pc", 0 0, L_0x562f95498630;  1 drivers
v0x562f95493d80_0 .net "pp", 0 0, L_0x7fcd21b14018;  1 drivers
S_0x562f95493ee0 .scope module, "D2" "priority_logic" 3 11, 4 1 0, S_0x562f95475610;
 .timescale 0 0;
    .port_info 0 /INPUT 1 "a"
    .port_info 1 /INPUT 1 "pp"
    .port_info 2 /INPUT 3 "b"
    .port_info 3 /OUTPUT 3 "c"
    .port_info 4 /OUTPUT 1 "pc"
L_0x562f954988b0 .functor NOT 1, L_0x562f95498c10, C4<0>, C4<0>, C4<0>;
L_0x562f95498920 .functor AND 1, L_0x562f954988b0, L_0x562f95498b20, C4<1>, C4<1>;
L_0x562f954989e0 .functor OR 1, L_0x562f95498920, L_0x562f95498c10, C4<0>, C4<0>;
v0x562f95494150_0 .net *"_s0", 0 0, L_0x562f954988b0;  1 drivers
v0x562f95494230_0 .net *"_s2", 0 0, L_0x562f95498920;  1 drivers
v0x562f95494310_0 .net "a", 0 0, L_0x562f95498b20;  1 drivers
v0x562f954943b0_0 .net "b", 2 0, L_0x562f95498cb0;  1 drivers
v0x562f95494490_0 .var "c", 2 0;
v0x562f954945c0_0 .net "pc", 0 0, L_0x562f954989e0;  1 drivers
v0x562f95494680_0 .net "pp", 0 0, L_0x562f95498c10;  1 drivers
S_0x562f954947e0 .scope module, "D3" "priority_logic" 3 12, 4 1 0, S_0x562f95475610;
 .timescale 0 0;
    .port_info 0 /INPUT 1 "a"
    .port_info 1 /INPUT 1 "pp"
    .port_info 2 /INPUT 3 "b"
    .port_info 3 /OUTPUT 3 "c"
    .port_info 4 /OUTPUT 1 "pc"
L_0x562f95498d80 .functor NOT 1, L_0x562f95499170, C4<0>, C4<0>, C4<0>;
L_0x562f95498e50 .functor AND 1, L_0x562f95498d80, L_0x562f95499080, C4<1>, C4<1>;
L_0x562f95498f40 .functor OR 1, L_0x562f95498e50, L_0x562f95499170, C4<0>, C4<0>;
v0x562f95494a30_0 .net *"_s0", 0 0, L_0x562f95498d80;  1 drivers
v0x562f95494b10_0 .net *"_s2", 0 0, L_0x562f95498e50;  1 drivers
v0x562f95494bf0_0 .net "a", 0 0, L_0x562f95499080;  1 drivers
v0x562f95494c90_0 .net "b", 2 0, L_0x562f95499250;  1 drivers
v0x562f95494d70_0 .var "c", 2 0;
v0x562f95494ea0_0 .net "pc", 0 0, L_0x562f95498f40;  1 drivers
v0x562f95494f60_0 .net "pp", 0 0, L_0x562f95499170;  1 drivers
S_0x562f954950c0 .scope module, "D4" "priority_logic" 3 13, 4 1 0, S_0x562f95475610;
 .timescale 0 0;
    .port_info 0 /INPUT 1 "a"
    .port_info 1 /INPUT 1 "pp"
    .port_info 2 /INPUT 3 "b"
    .port_info 3 /OUTPUT 3 "c"
    .port_info 4 /OUTPUT 1 "pc"
L_0x562f95499340 .functor NOT 1, L_0x562f954996c0, C4<0>, C4<0>, C4<0>;
L_0x562f954993b0 .functor AND 1, L_0x562f95499340, L_0x562f95499580, C4<1>, C4<1>;
L_0x562f95499470 .functor OR 1, L_0x562f954993b0, L_0x562f954996c0, C4<0>, C4<0>;
v0x562f95495310_0 .net *"_s0", 0 0, L_0x562f95499340;  1 drivers
v0x562f95495410_0 .net *"_s2", 0 0, L_0x562f954993b0;  1 drivers
v0x562f954954f0_0 .net "a", 0 0, L_0x562f95499580;  1 drivers
v0x562f954955c0_0 .net "b", 2 0, L_0x562f95499760;  1 drivers
v0x562f954956a0_0 .var "c", 2 0;
v0x562f954957d0_0 .net "pc", 0 0, L_0x562f95499470;  1 drivers
v0x562f95495890_0 .net "pp", 0 0, L_0x562f954996c0;  1 drivers
S_0x562f954959f0 .scope module, "D5" "priority_logic" 3 14, 4 1 0, S_0x562f95475610;
 .timescale 0 0;
    .port_info 0 /INPUT 1 "a"
    .port_info 1 /INPUT 1 "pp"
    .port_info 2 /INPUT 3 "b"
    .port_info 3 /OUTPUT 3 "c"
    .port_info 4 /OUTPUT 1 "pc"
L_0x562f95499860 .functor NOT 1, L_0x562f95499b70, C4<0>, C4<0>, C4<0>;
L_0x562f954998d0 .functor AND 1, L_0x562f95499860, L_0x562f95499a80, C4<1>, C4<1>;
L_0x562f95499940 .functor OR 1, L_0x562f954998d0, L_0x562f95499b70, C4<0>, C4<0>;
v0x562f95495c90_0 .net *"_s0", 0 0, L_0x562f95499860;  1 drivers
v0x562f95495d90_0 .net *"_s2", 0 0, L_0x562f954998d0;  1 drivers
v0x562f95495e70_0 .net "a", 0 0, L_0x562f95499a80;  1 drivers
v0x562f95495f10_0 .net "b", 2 0, L_0x562f95499c80;  1 drivers
v0x562f95495ff0_0 .var "c", 2 0;
v0x562f95496120_0 .net "pc", 0 0, L_0x562f95499940;  1 drivers
v0x562f954961e0_0 .net "pp", 0 0, L_0x562f95499b70;  1 drivers
S_0x562f95496340 .scope module, "D6" "priority_logic" 3 15, 4 1 0, S_0x562f95475610;
 .timescale 0 0;
    .port_info 0 /INPUT 1 "a"
    .port_info 1 /INPUT 1 "pp"
    .port_info 2 /INPUT 3 "b"
    .port_info 3 /OUTPUT 3 "c"
    .port_info 4 /OUTPUT 1 "pc"
L_0x562f95499db0 .functor NOT 1, L_0x562f9549a120, C4<0>, C4<0>, C4<0>;
L_0x562f95499e20 .functor AND 1, L_0x562f95499db0, L_0x562f95499fb0, C4<1>, C4<1>;
L_0x562f95499ec0 .functor OR 1, L_0x562f95499e20, L_0x562f9549a120, C4<0>, C4<0>;
v0x562f95496590_0 .net *"_s0", 0 0, L_0x562f95499db0;  1 drivers
v0x562f95496690_0 .net *"_s2", 0 0, L_0x562f95499e20;  1 drivers
v0x562f95496770_0 .net "a", 0 0, L_0x562f95499fb0;  1 drivers
v0x562f95496840_0 .net "b", 2 0, L_0x562f9549a1c0;  1 drivers
v0x562f95496920_0 .var "c", 2 0;
v0x562f95496a50_0 .net "pc", 0 0, L_0x562f95499ec0;  1 drivers
v0x562f95496b10_0 .net "pp", 0 0, L_0x562f9549a120;  1 drivers
S_0x562f95496c70 .scope module, "D7" "priority_logic" 3 16, 4 1 0, S_0x562f95475610;
 .timescale 0 0;
    .port_info 0 /INPUT 1 "a"
    .port_info 1 /INPUT 1 "pp"
    .port_info 2 /INPUT 3 "b"
    .port_info 3 /OUTPUT 3 "c"
    .port_info 4 /OUTPUT 1 "pc"
L_0x562f95499c10 .functor NOT 1, L_0x562f9549a610, C4<0>, C4<0>, C4<0>;
L_0x562f9549a2f0 .functor AND 1, L_0x562f95499c10, L_0x562f9549a520, C4<1>, C4<1>;
L_0x562f9549a3e0 .functor OR 1, L_0x562f9549a2f0, L_0x562f9549a610, C4<0>, C4<0>;
v0x562f95496ec0_0 .net *"_s0", 0 0, L_0x562f95499c10;  1 drivers
v0x562f95496fc0_0 .net *"_s2", 0 0, L_0x562f9549a2f0;  1 drivers
v0x562f954970a0_0 .net "a", 0 0, L_0x562f9549a520;  1 drivers
v0x562f95497170_0 .net "b", 2 0, L_0x562f9549a750;  1 drivers
v0x562f95497250_0 .var "c", 2 0;
v0x562f95497380_0 .net "pc", 0 0, L_0x562f9549a3e0;  1 drivers
v0x562f95497440_0 .net "pp", 0 0, L_0x562f9549a610;  1 drivers
S_0x562f954975a0 .scope module, "D8" "priority_logic" 3 17, 4 1 0, S_0x562f95475610;
 .timescale 0 0;
    .port_info 0 /INPUT 1 "a"
    .port_info 1 /INPUT 1 "pp"
    .port_info 2 /INPUT 3 "b"
    .port_info 3 /OUTPUT 3 "c"
    .port_info 4 /OUTPUT 1 "pc"
L_0x562f9549a7f0 .functor NOT 1, L_0x562f9549a6b0, C4<0>, C4<0>, C4<0>;
L_0x562f9549a860 .functor AND 1, L_0x562f9549a7f0, L_0x562f9549aa90, C4<1>, C4<1>;
L_0x562f9549a950 .functor OR 1, L_0x562f9549a860, L_0x562f9549a6b0, C4<0>, C4<0>;
v0x562f954977f0_0 .net *"_s0", 0 0, L_0x562f9549a7f0;  1 drivers
v0x562f954978f0_0 .net *"_s2", 0 0, L_0x562f9549a860;  1 drivers
v0x562f954979d0_0 .net "a", 0 0, L_0x562f9549aa90;  1 drivers
v0x562f95497aa0_0 .net "b", 2 0, L_0x562f9549ac30;  1 drivers
v0x562f95497b80_0 .var "c", 2 0;
v0x562f95497cb0_0 .net "pc", 0 0, L_0x562f9549a950;  1 drivers
v0x562f95497d70_0 .net "pp", 0 0, L_0x562f9549a6b0;  1 drivers
    .scope S_0x562f954609c0;
T_0 ;
    %load/vec4 v0x562f95493d80_0;
    %pad/u 32;
    %cmpi/e 1, 0, 32;
    %jmp/0xz  T_0.0, 6;
    %load/vec4 v0x562f9546bf40_0;
    %addi 1, 0, 3;
    %store/vec4 v0x562f95469c90_0, 0, 3;
T_0.0 ;
    %end;
    .thread T_0;
    .scope S_0x562f95493ee0;
T_1 ;
    %load/vec4 v0x562f95494680_0;
    %pad/u 32;
    %cmpi/e 1, 0, 32;
    %jmp/0xz  T_1.0, 6;
    %load/vec4 v0x562f954943b0_0;
    %addi 1, 0, 3;
    %store/vec4 v0x562f95494490_0, 0, 3;
T_1.0 ;
    %end;
    .thread T_1;
    .scope S_0x562f954947e0;
T_2 ;
    %load/vec4 v0x562f95494f60_0;
    %pad/u 32;
    %cmpi/e 1, 0, 32;
    %jmp/0xz  T_2.0, 6;
    %load/vec4 v0x562f95494c90_0;
    %addi 1, 0, 3;
    %store/vec4 v0x562f95494d70_0, 0, 3;
T_2.0 ;
    %end;
    .thread T_2;
    .scope S_0x562f954950c0;
T_3 ;
    %load/vec4 v0x562f95495890_0;
    %pad/u 32;
    %cmpi/e 1, 0, 32;
    %jmp/0xz  T_3.0, 6;
    %load/vec4 v0x562f954955c0_0;
    %addi 1, 0, 3;
    %store/vec4 v0x562f954956a0_0, 0, 3;
T_3.0 ;
    %end;
    .thread T_3;
    .scope S_0x562f954959f0;
T_4 ;
    %load/vec4 v0x562f954961e0_0;
    %pad/u 32;
    %cmpi/e 1, 0, 32;
    %jmp/0xz  T_4.0, 6;
    %load/vec4 v0x562f95495f10_0;
    %addi 1, 0, 3;
    %store/vec4 v0x562f95495ff0_0, 0, 3;
T_4.0 ;
    %end;
    .thread T_4;
    .scope S_0x562f95496340;
T_5 ;
    %load/vec4 v0x562f95496b10_0;
    %pad/u 32;
    %cmpi/e 1, 0, 32;
    %jmp/0xz  T_5.0, 6;
    %load/vec4 v0x562f95496840_0;
    %addi 1, 0, 3;
    %store/vec4 v0x562f95496920_0, 0, 3;
T_5.0 ;
    %end;
    .thread T_5;
    .scope S_0x562f95496c70;
T_6 ;
    %load/vec4 v0x562f95497440_0;
    %pad/u 32;
    %cmpi/e 1, 0, 32;
    %jmp/0xz  T_6.0, 6;
    %load/vec4 v0x562f95497170_0;
    %addi 1, 0, 3;
    %store/vec4 v0x562f95497250_0, 0, 3;
T_6.0 ;
    %end;
    .thread T_6;
    .scope S_0x562f954975a0;
T_7 ;
    %load/vec4 v0x562f95497d70_0;
    %pad/u 32;
    %cmpi/e 1, 0, 32;
    %jmp/0xz  T_7.0, 6;
    %load/vec4 v0x562f95497aa0_0;
    %addi 1, 0, 3;
    %store/vec4 v0x562f95497b80_0, 0, 3;
T_7.0 ;
    %end;
    .thread T_7;
    .scope S_0x562f954728e0;
T_8 ;
    %vpi_call 2 11 "$monitor", $time, " a = %b, b = %b", v0x562f954982b0_0, v0x562f954983a0_0 {0 0 0};
    %delay 5, 0;
    %pushi/vec4 192, 0, 8;
    %store/vec4 v0x562f954982b0_0, 0, 8;
    %end;
    .thread T_8;
# The file index is used to find the file name in the following table.
:file_names 5;
    "N/A";
    "<interactive>";
    "eight_to_three_priority_tb.v";
    "./eight_to_three_priority.v";
    "./priority_logic.v";
