#! /usr/bin/vvp
:ivl_version "10.1 (stable)";
:ivl_delay_selection "TYPICAL";
:vpi_time_precision + 0;
:vpi_module "system";
:vpi_module "vhdl_sys";
:vpi_module "v2005_math";
:vpi_module "va_math";
S_0x5618c3bb1890 .scope module, "testbench" "testbench" 2 4;
 .timescale 0 0;
v0x5618c3bd9d90_0 .var "a", 0 0;
v0x5618c3bd9e80_0 .var "b", 0 0;
v0x5618c3bd9f20_0 .var "c", 0 0;
v0x5618c3bd9ff0_0 .net "o1", 0 0, L_0x5618c3bdb5b0;  1 drivers
v0x5618c3bda0c0_0 .net "o2", 0 0, L_0x5618c3bdb750;  1 drivers
v0x5618c3bda160_0 .net "o3", 0 0, L_0x5618c3bdb8d0;  1 drivers
v0x5618c3bda230_0 .net "o4", 0 0, L_0x5618c3bdba60;  1 drivers
v0x5618c3bda300_0 .net "o5", 0 0, L_0x5618c3bdbbc0;  1 drivers
v0x5618c3bda3d0_0 .net "o6", 0 0, L_0x5618c3bdbca0;  1 drivers
v0x5618c3bda4a0_0 .net "o7", 0 0, L_0x5618c3bdbde0;  1 drivers
v0x5618c3bda570_0 .net "o8", 0 0, L_0x5618c3bdbf80;  1 drivers
S_0x5618c3bb2030 .scope module, "D1" "four_to_eight_decoder" 2 10, 3 1 0, S_0x5618c3bb1890;
 .timescale 0 0;
    .port_info 0 /INPUT 1 "a"
    .port_info 1 /INPUT 1 "b"
    .port_info 2 /INPUT 1 "c"
    .port_info 3 /OUTPUT 1 "o1"
    .port_info 4 /OUTPUT 1 "o2"
    .port_info 5 /OUTPUT 1 "o3"
    .port_info 6 /OUTPUT 1 "o4"
    .port_info 7 /OUTPUT 1 "o5"
    .port_info 8 /OUTPUT 1 "o6"
    .port_info 9 /OUTPUT 1 "o7"
    .port_info 10 /OUTPUT 1 "o8"
L_0x5618c3bdb4f0 .functor NOT 1, v0x5618c3bd9d90_0, C4<0>, C4<0>, C4<0>;
L_0x5618c3bdb5b0 .functor AND 1, L_0x5618c3bdb4f0, L_0x5618c3bb5120, C4<1>, C4<1>;
L_0x5618c3bdb6c0 .functor NOT 1, v0x5618c3bd9d90_0, C4<0>, C4<0>, C4<0>;
L_0x5618c3bdb750 .functor AND 1, L_0x5618c3bdb6c0, L_0x5618c3bda860, C4<1>, C4<1>;
L_0x5618c3bdb860 .functor NOT 1, v0x5618c3bd9d90_0, C4<0>, C4<0>, C4<0>;
L_0x5618c3bdb8d0 .functor AND 1, L_0x5618c3bdb860, L_0x5618c3bdaa20, C4<1>, C4<1>;
L_0x5618c3bdb9d0 .functor NOT 1, v0x5618c3bd9d90_0, C4<0>, C4<0>, C4<0>;
L_0x5618c3bdba60 .functor AND 1, L_0x5618c3bdb9d0, L_0x5618c3bdab30, C4<1>, C4<1>;
L_0x5618c3bdbbc0 .functor AND 1, v0x5618c3bd9d90_0, L_0x5618c3bdaf40, C4<1>, C4<1>;
L_0x5618c3bdbca0 .functor AND 1, v0x5618c3bd9d90_0, L_0x5618c3bdb110, C4<1>, C4<1>;
L_0x5618c3bdbde0 .functor AND 1, v0x5618c3bd9d90_0, L_0x5618c3bdb2d0, C4<1>, C4<1>;
L_0x5618c3bdbf80 .functor AND 1, v0x5618c3bd9d90_0, L_0x5618c3bdb3e0, C4<1>, C4<1>;
v0x5618c3bd8a90_0 .net *"_s0", 0 0, L_0x5618c3bdb4f0;  1 drivers
v0x5618c3bd8b90_0 .net *"_s12", 0 0, L_0x5618c3bdb9d0;  1 drivers
v0x5618c3bd8c70_0 .net *"_s4", 0 0, L_0x5618c3bdb6c0;  1 drivers
v0x5618c3bd8d30_0 .net *"_s8", 0 0, L_0x5618c3bdb860;  1 drivers
v0x5618c3bd8e10_0 .net "a", 0 0, v0x5618c3bd9d90_0;  1 drivers
v0x5618c3bd8ed0_0 .net "b", 0 0, v0x5618c3bd9e80_0;  1 drivers
v0x5618c3bd8fc0_0 .net "c", 0 0, v0x5618c3bd9f20_0;  1 drivers
v0x5618c3bd90b0_0 .net "o1", 0 0, L_0x5618c3bdb5b0;  alias, 1 drivers
v0x5618c3bd9170_0 .net "o1p", 0 0, L_0x5618c3bb5120;  1 drivers
v0x5618c3bd92a0_0 .net "o2", 0 0, L_0x5618c3bdb750;  alias, 1 drivers
v0x5618c3bd9340_0 .net "o2p", 0 0, L_0x5618c3bda860;  1 drivers
v0x5618c3bd93e0_0 .net "o3", 0 0, L_0x5618c3bdb8d0;  alias, 1 drivers
v0x5618c3bd9480_0 .net "o3p", 0 0, L_0x5618c3bdaa20;  1 drivers
v0x5618c3bd9520_0 .net "o4", 0 0, L_0x5618c3bdba60;  alias, 1 drivers
v0x5618c3bd95c0_0 .net "o4p", 0 0, L_0x5618c3bdab30;  1 drivers
v0x5618c3bd9660_0 .net "o5", 0 0, L_0x5618c3bdbbc0;  alias, 1 drivers
v0x5618c3bd9700_0 .net "o5p", 0 0, L_0x5618c3bdaf40;  1 drivers
v0x5618c3bd97a0_0 .net "o6", 0 0, L_0x5618c3bdbca0;  alias, 1 drivers
v0x5618c3bd9840_0 .net "o6p", 0 0, L_0x5618c3bdb110;  1 drivers
v0x5618c3bd9910_0 .net "o7", 0 0, L_0x5618c3bdbde0;  alias, 1 drivers
v0x5618c3bd99b0_0 .net "o7p", 0 0, L_0x5618c3bdb2d0;  1 drivers
v0x5618c3bd9a80_0 .net "o8", 0 0, L_0x5618c3bdbf80;  alias, 1 drivers
v0x5618c3bd9b20_0 .net "o8p", 0 0, L_0x5618c3bdb3e0;  1 drivers
S_0x5618c3bb2fb0 .scope module, "D1" "two_to_four_decoder" 3 9, 4 1 0, S_0x5618c3bb2030;
 .timescale 0 0;
    .port_info 0 /INPUT 1 "a"
    .port_info 1 /INPUT 1 "b"
    .port_info 2 /OUTPUT 1 "o1"
    .port_info 3 /OUTPUT 1 "o2"
    .port_info 4 /OUTPUT 1 "o3"
    .port_info 5 /OUTPUT 1 "o4"
L_0x5618c3bb45d0 .functor NOT 1, v0x5618c3bd9e80_0, C4<0>, C4<0>, C4<0>;
L_0x5618c3bb50b0 .functor NOT 1, v0x5618c3bd9f20_0, C4<0>, C4<0>, C4<0>;
L_0x5618c3bb5120 .functor AND 1, L_0x5618c3bb45d0, L_0x5618c3bb50b0, C4<1>, C4<1>;
L_0x5618c3bda7c0 .functor NOT 1, v0x5618c3bd9e80_0, C4<0>, C4<0>, C4<0>;
L_0x5618c3bda860 .functor AND 1, L_0x5618c3bda7c0, v0x5618c3bd9f20_0, C4<1>, C4<1>;
L_0x5618c3bda970 .functor NOT 1, v0x5618c3bd9f20_0, C4<0>, C4<0>, C4<0>;
L_0x5618c3bdaa20 .functor AND 1, v0x5618c3bd9e80_0, L_0x5618c3bda970, C4<1>, C4<1>;
L_0x5618c3bdab30 .functor AND 1, v0x5618c3bd9e80_0, v0x5618c3bd9f20_0, C4<1>, C4<1>;
v0x5618c3bb5450_0 .net *"_s0", 0 0, L_0x5618c3bb45d0;  1 drivers
v0x5618c3bd77d0_0 .net *"_s10", 0 0, L_0x5618c3bda970;  1 drivers
v0x5618c3bd78b0_0 .net *"_s2", 0 0, L_0x5618c3bb50b0;  1 drivers
v0x5618c3bd7970_0 .net *"_s6", 0 0, L_0x5618c3bda7c0;  1 drivers
v0x5618c3bd7a50_0 .net "a", 0 0, v0x5618c3bd9e80_0;  alias, 1 drivers
v0x5618c3bd7b60_0 .net "b", 0 0, v0x5618c3bd9f20_0;  alias, 1 drivers
v0x5618c3bd7c20_0 .net "o1", 0 0, L_0x5618c3bb5120;  alias, 1 drivers
v0x5618c3bd7ce0_0 .net "o2", 0 0, L_0x5618c3bda860;  alias, 1 drivers
v0x5618c3bd7da0_0 .net "o3", 0 0, L_0x5618c3bdaa20;  alias, 1 drivers
v0x5618c3bd7e60_0 .net "o4", 0 0, L_0x5618c3bdab30;  alias, 1 drivers
S_0x5618c3bd7fe0 .scope module, "D2" "two_to_four_decoder" 3 10, 4 1 0, S_0x5618c3bb2030;
 .timescale 0 0;
    .port_info 0 /INPUT 1 "a"
    .port_info 1 /INPUT 1 "b"
    .port_info 2 /OUTPUT 1 "o1"
    .port_info 3 /OUTPUT 1 "o2"
    .port_info 4 /OUTPUT 1 "o3"
    .port_info 5 /OUTPUT 1 "o4"
L_0x5618c3bdac40 .functor NOT 1, v0x5618c3bd9e80_0, C4<0>, C4<0>, C4<0>;
L_0x5618c3bdadc0 .functor NOT 1, v0x5618c3bd9f20_0, C4<0>, C4<0>, C4<0>;
L_0x5618c3bdaf40 .functor AND 1, L_0x5618c3bdac40, L_0x5618c3bdadc0, C4<1>, C4<1>;
L_0x5618c3bdb0a0 .functor NOT 1, v0x5618c3bd9e80_0, C4<0>, C4<0>, C4<0>;
L_0x5618c3bdb110 .functor AND 1, L_0x5618c3bdb0a0, v0x5618c3bd9f20_0, C4<1>, C4<1>;
L_0x5618c3bdb220 .functor NOT 1, v0x5618c3bd9f20_0, C4<0>, C4<0>, C4<0>;
L_0x5618c3bdb2d0 .functor AND 1, v0x5618c3bd9e80_0, L_0x5618c3bdb220, C4<1>, C4<1>;
L_0x5618c3bdb3e0 .functor AND 1, v0x5618c3bd9e80_0, v0x5618c3bd9f20_0, C4<1>, C4<1>;
v0x5618c3bd8220_0 .net *"_s0", 0 0, L_0x5618c3bdac40;  1 drivers
v0x5618c3bd8300_0 .net *"_s10", 0 0, L_0x5618c3bdb220;  1 drivers
v0x5618c3bd83e0_0 .net *"_s2", 0 0, L_0x5618c3bdadc0;  1 drivers
v0x5618c3bd84a0_0 .net *"_s6", 0 0, L_0x5618c3bdb0a0;  1 drivers
v0x5618c3bd8580_0 .net "a", 0 0, v0x5618c3bd9e80_0;  alias, 1 drivers
v0x5618c3bd8670_0 .net "b", 0 0, v0x5618c3bd9f20_0;  alias, 1 drivers
v0x5618c3bd8710_0 .net "o1", 0 0, L_0x5618c3bdaf40;  alias, 1 drivers
v0x5618c3bd87b0_0 .net "o2", 0 0, L_0x5618c3bdb110;  alias, 1 drivers
v0x5618c3bd8850_0 .net "o3", 0 0, L_0x5618c3bdb2d0;  alias, 1 drivers
v0x5618c3bd8910_0 .net "o4", 0 0, L_0x5618c3bdb3e0;  alias, 1 drivers
    .scope S_0x5618c3bb1890;
T_0 ;
    %vpi_call 2 13 "$monitor", $time, " a = %d , b = %d , c = %d , o1 = %d , o2 = %d , o3 = %d , o4 = %d , o5 = %d , o6 = %d, o7 = %d, o8 = %d", v0x5618c3bd9d90_0, v0x5618c3bd9e80_0, v0x5618c3bd9f20_0, v0x5618c3bd9ff0_0, v0x5618c3bda0c0_0, v0x5618c3bda160_0, v0x5618c3bda230_0, v0x5618c3bda300_0, v0x5618c3bda3d0_0, v0x5618c3bda4a0_0, v0x5618c3bda570_0 {0 0 0};
    %delay 5, 0;
    %pushi/vec4 0, 0, 1;
    %store/vec4 v0x5618c3bd9d90_0, 0, 1;
    %pushi/vec4 0, 0, 1;
    %store/vec4 v0x5618c3bd9e80_0, 0, 1;
    %pushi/vec4 0, 0, 1;
    %store/vec4 v0x5618c3bd9f20_0, 0, 1;
    %delay 5, 0;
    %pushi/vec4 0, 0, 1;
    %store/vec4 v0x5618c3bd9d90_0, 0, 1;
    %pushi/vec4 0, 0, 1;
    %store/vec4 v0x5618c3bd9e80_0, 0, 1;
    %pushi/vec4 1, 0, 1;
    %store/vec4 v0x5618c3bd9f20_0, 0, 1;
    %delay 5, 0;
    %pushi/vec4 0, 0, 1;
    %store/vec4 v0x5618c3bd9d90_0, 0, 1;
    %pushi/vec4 1, 0, 1;
    %store/vec4 v0x5618c3bd9e80_0, 0, 1;
    %pushi/vec4 0, 0, 1;
    %store/vec4 v0x5618c3bd9f20_0, 0, 1;
    %delay 5, 0;
    %pushi/vec4 0, 0, 1;
    %store/vec4 v0x5618c3bd9d90_0, 0, 1;
    %pushi/vec4 1, 0, 1;
    %store/vec4 v0x5618c3bd9e80_0, 0, 1;
    %pushi/vec4 1, 0, 1;
    %store/vec4 v0x5618c3bd9f20_0, 0, 1;
    %delay 5, 0;
    %pushi/vec4 1, 0, 1;
    %store/vec4 v0x5618c3bd9d90_0, 0, 1;
    %pushi/vec4 0, 0, 1;
    %store/vec4 v0x5618c3bd9e80_0, 0, 1;
    %pushi/vec4 0, 0, 1;
    %store/vec4 v0x5618c3bd9f20_0, 0, 1;
    %delay 5, 0;
    %pushi/vec4 1, 0, 1;
    %store/vec4 v0x5618c3bd9d90_0, 0, 1;
    %pushi/vec4 0, 0, 1;
    %store/vec4 v0x5618c3bd9e80_0, 0, 1;
    %pushi/vec4 1, 0, 1;
    %store/vec4 v0x5618c3bd9f20_0, 0, 1;
    %delay 5, 0;
    %pushi/vec4 1, 0, 1;
    %store/vec4 v0x5618c3bd9d90_0, 0, 1;
    %pushi/vec4 1, 0, 1;
    %store/vec4 v0x5618c3bd9e80_0, 0, 1;
    %pushi/vec4 0, 0, 1;
    %store/vec4 v0x5618c3bd9f20_0, 0, 1;
    %delay 5, 0;
    %pushi/vec4 1, 0, 1;
    %store/vec4 v0x5618c3bd9d90_0, 0, 1;
    %pushi/vec4 1, 0, 1;
    %store/vec4 v0x5618c3bd9e80_0, 0, 1;
    %pushi/vec4 1, 0, 1;
    %store/vec4 v0x5618c3bd9f20_0, 0, 1;
    %end;
    .thread T_0;
# The file index is used to find the file name in the following table.
:file_names 5;
    "N/A";
    "<interactive>";
    "four_to_eight_tb.v";
    "./four_to_eight_decoder.v";
    "./two_to_four_decoder.v";
