#! /usr/bin/vvp
:ivl_version "10.1 (stable)";
:ivl_delay_selection "TYPICAL";
:vpi_time_precision + 0;
:vpi_module "system";
:vpi_module "vhdl_sys";
:vpi_module "v2005_math";
:vpi_module "va_math";
S_0x55e454c995f0 .scope module, "tb" "tb" 2 4;
 .timescale 0 0;
v0x55e454cbf380_0 .var "a", 2 0;
v0x55e454cbf470_0 .net "p", 0 0, L_0x55e454c8d7d0;  1 drivers
S_0x55e454c99210 .scope module, "p1" "parity" 2 7, 3 1 0, S_0x55e454c995f0;
 .timescale 0 0;
    .port_info 0 /INPUT 3 "a"
    .port_info 1 /OUTPUT 1 "p"
L_0x55e454c8d7d0 .functor NOT 1, L_0x55e454cbfc00, C4<0>, C4<0>, C4<0>;
v0x55e454cbefe0_0 .net *"_s20", 0 0, L_0x55e454cbfc00;  1 drivers
v0x55e454cbf0c0_0 .net "a", 2 0, v0x55e454cbf380_0;  1 drivers
v0x55e454cbf1a0_0 .net "p", 0 0, L_0x55e454c8d7d0;  alias, 1 drivers
v0x55e454cbf240_0 .net "temp", 2 0, L_0x55e454cbfa90;  1 drivers
L_0x55e454cbf540 .part v0x55e454cbf380_0, 0, 1;
L_0x55e454cbf660 .part v0x55e454cbf380_0, 1, 1;
L_0x55e454cbf730 .part L_0x55e454cbfa90, 0, 1;
L_0x55e454cbf830 .part v0x55e454cbf380_0, 2, 1;
L_0x55e454cbf9c0 .part L_0x55e454cbfa90, 1, 1;
L_0x55e454cbfa90 .concat8 [ 1 1 1 0], v0x55e454cbe190_0, v0x55e454cbe790_0, v0x55e454cbee00_0;
L_0x55e454cbfc00 .part L_0x55e454cbfa90, 2, 1;
S_0x55e454c9e470 .scope module, "a1" "fsm" 3 5, 4 1 0, S_0x55e454c99210;
 .timescale 0 0;
    .port_info 0 /INPUT 1 "a"
    .port_info 1 /INPUT 1 "is"
    .port_info 2 /OUTPUT 1 "fs"
P_0x55e454c9b8d0 .param/l "even" 0 4 5, C4<0>;
P_0x55e454c9b910 .param/l "odd" 0 4 5, C4<1>;
v0x55e454c97ce0_0 .net "a", 0 0, L_0x55e454cbf540;  1 drivers
v0x55e454cbe190_0 .var "fs", 0 0;
L_0x7ff3e69ee018 .functor BUFT 1, C4<0>, C4<0>, C4<0>, C4<0>;
v0x55e454cbe250_0 .net "is", 0 0, L_0x7ff3e69ee018;  1 drivers
E_0x55e454c58b70 .event edge, v0x55e454cbe250_0, v0x55e454c97ce0_0;
S_0x55e454cbe370 .scope module, "a2" "fsm" 3 6, 4 1 0, S_0x55e454c99210;
 .timescale 0 0;
    .port_info 0 /INPUT 1 "a"
    .port_info 1 /INPUT 1 "is"
    .port_info 2 /OUTPUT 1 "fs"
P_0x55e454c9d110 .param/l "even" 0 4 5, C4<0>;
P_0x55e454c9d150 .param/l "odd" 0 4 5, C4<1>;
v0x55e454cbe6b0_0 .net "a", 0 0, L_0x55e454cbf660;  1 drivers
v0x55e454cbe790_0 .var "fs", 0 0;
v0x55e454cbe850_0 .net "is", 0 0, L_0x55e454cbf730;  1 drivers
E_0x55e454c58d90 .event edge, v0x55e454cbe850_0, v0x55e454cbe6b0_0;
S_0x55e454cbe970 .scope module, "a3" "fsm" 3 7, 4 1 0, S_0x55e454c99210;
 .timescale 0 0;
    .port_info 0 /INPUT 1 "a"
    .port_info 1 /INPUT 1 "is"
    .port_info 2 /OUTPUT 1 "fs"
P_0x55e454cbeb40 .param/l "even" 0 4 5, C4<0>;
P_0x55e454cbeb80 .param/l "odd" 0 4 5, C4<1>;
v0x55e454cbed20_0 .net "a", 0 0, L_0x55e454cbf830;  1 drivers
v0x55e454cbee00_0 .var "fs", 0 0;
v0x55e454cbeec0_0 .net "is", 0 0, L_0x55e454cbf9c0;  1 drivers
E_0x55e454c58c80 .event edge, v0x55e454cbeec0_0, v0x55e454cbed20_0;
    .scope S_0x55e454c9e470;
T_0 ;
    %wait E_0x55e454c58b70;
    %pushi/vec4 0, 0, 1;
    %store/vec4 v0x55e454cbe190_0, 0, 1;
    %load/vec4 v0x55e454cbe250_0;
    %dup/vec4;
    %pushi/vec4 1, 0, 1;
    %cmp/u;
    %jmp/1 T_0.0, 6;
    %dup/vec4;
    %pushi/vec4 0, 0, 1;
    %cmp/u;
    %jmp/1 T_0.1, 6;
    %pushi/vec4 0, 0, 1;
    %store/vec4 v0x55e454cbe190_0, 0, 1;
    %jmp T_0.3;
T_0.0 ;
    %load/vec4 v0x55e454c97ce0_0;
    %pad/u 32;
    %cmpi/e 0, 0, 32;
    %jmp/0xz  T_0.4, 4;
    %pushi/vec4 1, 0, 1;
    %store/vec4 v0x55e454cbe190_0, 0, 1;
    %jmp T_0.5;
T_0.4 ;
    %pushi/vec4 0, 0, 1;
    %store/vec4 v0x55e454cbe190_0, 0, 1;
T_0.5 ;
    %jmp T_0.3;
T_0.1 ;
    %load/vec4 v0x55e454c97ce0_0;
    %pad/u 32;
    %cmpi/e 0, 0, 32;
    %jmp/0xz  T_0.6, 4;
    %pushi/vec4 0, 0, 1;
    %store/vec4 v0x55e454cbe190_0, 0, 1;
    %jmp T_0.7;
T_0.6 ;
    %pushi/vec4 1, 0, 1;
    %store/vec4 v0x55e454cbe190_0, 0, 1;
T_0.7 ;
    %jmp T_0.3;
T_0.3 ;
    %pop/vec4 1;
    %jmp T_0;
    .thread T_0, $push;
    .scope S_0x55e454cbe370;
T_1 ;
    %wait E_0x55e454c58d90;
    %pushi/vec4 0, 0, 1;
    %store/vec4 v0x55e454cbe790_0, 0, 1;
    %load/vec4 v0x55e454cbe850_0;
    %dup/vec4;
    %pushi/vec4 1, 0, 1;
    %cmp/u;
    %jmp/1 T_1.0, 6;
    %dup/vec4;
    %pushi/vec4 0, 0, 1;
    %cmp/u;
    %jmp/1 T_1.1, 6;
    %pushi/vec4 0, 0, 1;
    %store/vec4 v0x55e454cbe790_0, 0, 1;
    %jmp T_1.3;
T_1.0 ;
    %load/vec4 v0x55e454cbe6b0_0;
    %pad/u 32;
    %cmpi/e 0, 0, 32;
    %jmp/0xz  T_1.4, 4;
    %pushi/vec4 1, 0, 1;
    %store/vec4 v0x55e454cbe790_0, 0, 1;
    %jmp T_1.5;
T_1.4 ;
    %pushi/vec4 0, 0, 1;
    %store/vec4 v0x55e454cbe790_0, 0, 1;
T_1.5 ;
    %jmp T_1.3;
T_1.1 ;
    %load/vec4 v0x55e454cbe6b0_0;
    %pad/u 32;
    %cmpi/e 0, 0, 32;
    %jmp/0xz  T_1.6, 4;
    %pushi/vec4 0, 0, 1;
    %store/vec4 v0x55e454cbe790_0, 0, 1;
    %jmp T_1.7;
T_1.6 ;
    %pushi/vec4 1, 0, 1;
    %store/vec4 v0x55e454cbe790_0, 0, 1;
T_1.7 ;
    %jmp T_1.3;
T_1.3 ;
    %pop/vec4 1;
    %jmp T_1;
    .thread T_1, $push;
    .scope S_0x55e454cbe970;
T_2 ;
    %wait E_0x55e454c58c80;
    %pushi/vec4 0, 0, 1;
    %store/vec4 v0x55e454cbee00_0, 0, 1;
    %load/vec4 v0x55e454cbeec0_0;
    %dup/vec4;
    %pushi/vec4 1, 0, 1;
    %cmp/u;
    %jmp/1 T_2.0, 6;
    %dup/vec4;
    %pushi/vec4 0, 0, 1;
    %cmp/u;
    %jmp/1 T_2.1, 6;
    %pushi/vec4 0, 0, 1;
    %store/vec4 v0x55e454cbee00_0, 0, 1;
    %jmp T_2.3;
T_2.0 ;
    %load/vec4 v0x55e454cbed20_0;
    %pad/u 32;
    %cmpi/e 0, 0, 32;
    %jmp/0xz  T_2.4, 4;
    %pushi/vec4 1, 0, 1;
    %store/vec4 v0x55e454cbee00_0, 0, 1;
    %jmp T_2.5;
T_2.4 ;
    %pushi/vec4 0, 0, 1;
    %store/vec4 v0x55e454cbee00_0, 0, 1;
T_2.5 ;
    %jmp T_2.3;
T_2.1 ;
    %load/vec4 v0x55e454cbed20_0;
    %pad/u 32;
    %cmpi/e 0, 0, 32;
    %jmp/0xz  T_2.6, 4;
    %pushi/vec4 0, 0, 1;
    %store/vec4 v0x55e454cbee00_0, 0, 1;
    %jmp T_2.7;
T_2.6 ;
    %pushi/vec4 1, 0, 1;
    %store/vec4 v0x55e454cbee00_0, 0, 1;
T_2.7 ;
    %jmp T_2.3;
T_2.3 ;
    %pop/vec4 1;
    %jmp T_2;
    .thread T_2, $push;
    .scope S_0x55e454c995f0;
T_3 ;
    %vpi_call 2 10 "$monitor", "time=%0d, A = %b, P = %b", $time, v0x55e454cbf380_0, v0x55e454cbf470_0 {0 0 0};
    %pushi/vec4 0, 0, 3;
    %store/vec4 v0x55e454cbf380_0, 0, 3;
    %delay 5, 0;
    %pushi/vec4 1, 0, 3;
    %store/vec4 v0x55e454cbf380_0, 0, 3;
    %delay 5, 0;
    %pushi/vec4 2, 0, 3;
    %store/vec4 v0x55e454cbf380_0, 0, 3;
    %delay 5, 0;
    %pushi/vec4 3, 0, 3;
    %store/vec4 v0x55e454cbf380_0, 0, 3;
    %delay 5, 0;
    %pushi/vec4 4, 0, 3;
    %store/vec4 v0x55e454cbf380_0, 0, 3;
    %delay 5, 0;
    %pushi/vec4 5, 0, 3;
    %store/vec4 v0x55e454cbf380_0, 0, 3;
    %delay 5, 0;
    %pushi/vec4 6, 0, 3;
    %store/vec4 v0x55e454cbf380_0, 0, 3;
    %delay 5, 0;
    %pushi/vec4 7, 0, 3;
    %store/vec4 v0x55e454cbf380_0, 0, 3;
    %end;
    .thread T_3;
# The file index is used to find the file name in the following table.
:file_names 5;
    "N/A";
    "<interactive>";
    "tb.v";
    "./FSM_driver.v";
    "./FSM.v";
