#! /usr/bin/vvp
:ivl_version "10.1 (stable)";
:ivl_delay_selection "TYPICAL";
:vpi_time_precision + 0;
:vpi_module "system";
:vpi_module "vhdl_sys";
:vpi_module "v2005_math";
:vpi_module "va_math";
S_0x55dddf6ed550 .scope module, "FSM_tb" "FSM_tb" 2 3;
 .timescale 0 0;
v0x55dddf710bb0_0 .var "a", 7 0;
v0x55dddf710c70_0 .net "b", 7 0, L_0x55dddf6cee20;  1 drivers
S_0x55dddf6ed6d0 .scope module, "D1" "fsm_driver" 2 7, 3 2 0, S_0x55dddf6ed550;
 .timescale 0 0;
    .port_info 0 /INPUT 8 "a"
    .port_info 1 /OUTPUT 8 "c"
L_0x55dddf6ceaf0 .functor OR 8, v0x55dddf70d8c0_0, v0x55dddf70e280_0, C4<00000000>, C4<00000000>;
L_0x55dddf6cec00 .functor OR 8, L_0x55dddf6ceaf0, v0x55dddf70ec50_0, C4<00000000>, C4<00000000>;
L_0x55dddf6ced10 .functor OR 8, L_0x55dddf6cec00, v0x55dddf70f610_0, C4<00000000>, C4<00000000>;
L_0x55dddf6cee20 .functor OR 8, L_0x55dddf6ced10, v0x55dddf710020_0, C4<00000000>, C4<00000000>;
v0x55dddf710320_0 .net *"_s10", 7 0, L_0x55dddf6ceaf0;  1 drivers
v0x55dddf710400_0 .net *"_s12", 7 0, L_0x55dddf6cec00;  1 drivers
v0x55dddf7104e0_0 .net *"_s14", 7 0, L_0x55dddf6ced10;  1 drivers
v0x55dddf7105d0_0 .net "a", 7 0, v0x55dddf710bb0_0;  1 drivers
v0x55dddf710690_0 .net "b1", 7 0, v0x55dddf70d8c0_0;  1 drivers
v0x55dddf710750_0 .net "b2", 7 0, v0x55dddf70e280_0;  1 drivers
v0x55dddf710820_0 .net "b3", 7 0, v0x55dddf70ec50_0;  1 drivers
v0x55dddf7108f0_0 .net "b4", 7 0, v0x55dddf70f610_0;  1 drivers
v0x55dddf7109c0_0 .net "b5", 7 0, v0x55dddf710020_0;  1 drivers
v0x55dddf710a90_0 .net "c", 7 0, L_0x55dddf6cee20;  alias, 1 drivers
S_0x55dddf6ed850 .scope module, "d1" "fsm_sub" 3 8, 4 66 0, S_0x55dddf6ed6d0;
 .timescale 0 0;
    .port_info 0 /INPUT 8 "a"
    .port_info 1 /OUTPUT 8 "b"
    .port_info 2 /INPUT 3 "sin"
P_0x55dddf6ed9d0 .param/l "s1" 0 4 73, C4<000>;
P_0x55dddf6eda10 .param/l "s2" 0 4 73, C4<001>;
P_0x55dddf6eda50 .param/l "s3" 0 4 73, C4<010>;
P_0x55dddf6eda90 .param/l "s4" 0 4 73, C4<011>;
P_0x55dddf6edad0 .param/l "s5" 0 4 73, C4<100>;
v0x55dddf6edd00_0 .net "a", 7 0, v0x55dddf710bb0_0;  alias, 1 drivers
v0x55dddf70d8c0_0 .var "b", 7 0;
L_0x7f7f7a9bd018 .functor BUFT 1, C4<000>, C4<0>, C4<0>, C4<0>;
v0x55dddf70d9a0_0 .net "sin", 2 0, L_0x7f7f7a9bd018;  1 drivers
v0x55dddf70da60_0 .var "state", 2 0;
E_0x55dddf6d3a20 .event edge, v0x55dddf70d9a0_0, v0x55dddf70da60_0, v0x55dddf6edd00_0;
S_0x55dddf70dbc0 .scope module, "d2" "fsm_sub" 3 11, 4 66 0, S_0x55dddf6ed6d0;
 .timescale 0 0;
    .port_info 0 /INPUT 8 "a"
    .port_info 1 /OUTPUT 8 "b"
    .port_info 2 /INPUT 3 "sin"
P_0x55dddf70dd90 .param/l "s1" 0 4 73, C4<000>;
P_0x55dddf70ddd0 .param/l "s2" 0 4 73, C4<001>;
P_0x55dddf70de10 .param/l "s3" 0 4 73, C4<010>;
P_0x55dddf70de50 .param/l "s4" 0 4 73, C4<011>;
P_0x55dddf70de90 .param/l "s5" 0 4 73, C4<100>;
v0x55dddf70e1a0_0 .net "a", 7 0, v0x55dddf710bb0_0;  alias, 1 drivers
v0x55dddf70e280_0 .var "b", 7 0;
L_0x7f7f7a9bd060 .functor BUFT 1, C4<001>, C4<0>, C4<0>, C4<0>;
v0x55dddf70e340_0 .net "sin", 2 0, L_0x7f7f7a9bd060;  1 drivers
v0x55dddf70e400_0 .var "state", 2 0;
E_0x55dddf6d6390 .event edge, v0x55dddf70e340_0, v0x55dddf70e400_0, v0x55dddf6edd00_0;
S_0x55dddf70e560 .scope module, "d3" "fsm_sub" 3 14, 4 66 0, S_0x55dddf6ed6d0;
 .timescale 0 0;
    .port_info 0 /INPUT 8 "a"
    .port_info 1 /OUTPUT 8 "b"
    .port_info 2 /INPUT 3 "sin"
P_0x55dddf70e730 .param/l "s1" 0 4 73, C4<000>;
P_0x55dddf70e770 .param/l "s2" 0 4 73, C4<001>;
P_0x55dddf70e7b0 .param/l "s3" 0 4 73, C4<010>;
P_0x55dddf70e7f0 .param/l "s4" 0 4 73, C4<011>;
P_0x55dddf70e830 .param/l "s5" 0 4 73, C4<100>;
v0x55dddf70eb20_0 .net "a", 7 0, v0x55dddf710bb0_0;  alias, 1 drivers
v0x55dddf70ec50_0 .var "b", 7 0;
L_0x7f7f7a9bd0a8 .functor BUFT 1, C4<010>, C4<0>, C4<0>, C4<0>;
v0x55dddf70ed30_0 .net "sin", 2 0, L_0x7f7f7a9bd0a8;  1 drivers
v0x55dddf70edf0_0 .var "state", 2 0;
E_0x55dddf6d6680 .event edge, v0x55dddf70ed30_0, v0x55dddf70edf0_0, v0x55dddf6edd00_0;
S_0x55dddf70ef50 .scope module, "d4" "fsm_sub" 3 17, 4 66 0, S_0x55dddf6ed6d0;
 .timescale 0 0;
    .port_info 0 /INPUT 8 "a"
    .port_info 1 /OUTPUT 8 "b"
    .port_info 2 /INPUT 3 "sin"
P_0x55dddf70f120 .param/l "s1" 0 4 73, C4<000>;
P_0x55dddf70f160 .param/l "s2" 0 4 73, C4<001>;
P_0x55dddf70f1a0 .param/l "s3" 0 4 73, C4<010>;
P_0x55dddf70f1e0 .param/l "s4" 0 4 73, C4<011>;
P_0x55dddf70f220 .param/l "s5" 0 4 73, C4<100>;
v0x55dddf70f530_0 .net "a", 7 0, v0x55dddf710bb0_0;  alias, 1 drivers
v0x55dddf70f610_0 .var "b", 7 0;
L_0x7f7f7a9bd0f0 .functor BUFT 1, C4<011>, C4<0>, C4<0>, C4<0>;
v0x55dddf70f6f0_0 .net "sin", 2 0, L_0x7f7f7a9bd0f0;  1 drivers
v0x55dddf70f7b0_0 .var "state", 2 0;
E_0x55dddf6eb560 .event edge, v0x55dddf70f6f0_0, v0x55dddf70f7b0_0, v0x55dddf6edd00_0;
S_0x55dddf70f910 .scope module, "d5" "fsm_sub" 3 20, 4 66 0, S_0x55dddf6ed6d0;
 .timescale 0 0;
    .port_info 0 /INPUT 8 "a"
    .port_info 1 /OUTPUT 8 "b"
    .port_info 2 /INPUT 3 "sin"
P_0x55dddf70fb30 .param/l "s1" 0 4 73, C4<000>;
P_0x55dddf70fb70 .param/l "s2" 0 4 73, C4<001>;
P_0x55dddf70fbb0 .param/l "s3" 0 4 73, C4<010>;
P_0x55dddf70fbf0 .param/l "s4" 0 4 73, C4<011>;
P_0x55dddf70fc30 .param/l "s5" 0 4 73, C4<100>;
v0x55dddf70ff40_0 .net "a", 7 0, v0x55dddf710bb0_0;  alias, 1 drivers
v0x55dddf710020_0 .var "b", 7 0;
L_0x7f7f7a9bd138 .functor BUFT 1, C4<100>, C4<0>, C4<0>, C4<0>;
v0x55dddf710100_0 .net "sin", 2 0, L_0x7f7f7a9bd138;  1 drivers
v0x55dddf7101c0_0 .var "state", 2 0;
E_0x55dddf6ecad0 .event edge, v0x55dddf710100_0, v0x55dddf7101c0_0, v0x55dddf6edd00_0;
    .scope S_0x55dddf6ed850;
T_0 ;
    %wait E_0x55dddf6d3a20;
    %load/vec4 v0x55dddf70d9a0_0;
    %store/vec4 v0x55dddf70da60_0, 0, 3;
    %pushi/vec4 0, 0, 8;
    %store/vec4 v0x55dddf70d8c0_0, 0, 8;
    %load/vec4 v0x55dddf70da60_0;
    %dup/vec4;
    %pushi/vec4 0, 0, 3;
    %cmp/u;
    %jmp/1 T_0.0, 6;
    %dup/vec4;
    %pushi/vec4 1, 0, 3;
    %cmp/u;
    %jmp/1 T_0.1, 6;
    %dup/vec4;
    %pushi/vec4 2, 0, 3;
    %cmp/u;
    %jmp/1 T_0.2, 6;
    %dup/vec4;
    %pushi/vec4 3, 0, 3;
    %cmp/u;
    %jmp/1 T_0.3, 6;
    %dup/vec4;
    %pushi/vec4 4, 0, 3;
    %cmp/u;
    %jmp/1 T_0.4, 6;
    %pushi/vec4 0, 0, 8;
    %cassign/vec4 v0x55dddf70d8c0_0;
    %jmp T_0.6;
T_0.0 ;
    %load/vec4 v0x55dddf6edd00_0;
    %parti/s 4, 4, 4;
    %cmpi/e 10, 0, 4;
    %jmp/0xz  T_0.7, 4;
    %pushi/vec4 16, 0, 8;
    %cassign/vec4 v0x55dddf70d8c0_0;
T_0.7 ;
    %jmp T_0.6;
T_0.1 ;
    %load/vec4 v0x55dddf6edd00_0;
    %parti/s 4, 3, 3;
    %cmpi/e 10, 0, 4;
    %jmp/0xz  T_0.9, 4;
    %pushi/vec4 8, 0, 8;
    %cassign/vec4 v0x55dddf70d8c0_0;
T_0.9 ;
    %jmp T_0.6;
T_0.2 ;
    %load/vec4 v0x55dddf6edd00_0;
    %parti/s 4, 2, 3;
    %cmpi/e 10, 0, 4;
    %jmp/0xz  T_0.11, 4;
    %pushi/vec4 4, 0, 8;
    %cassign/vec4 v0x55dddf70d8c0_0;
T_0.11 ;
    %jmp T_0.6;
T_0.3 ;
    %load/vec4 v0x55dddf6edd00_0;
    %parti/s 4, 1, 2;
    %cmpi/e 10, 0, 4;
    %jmp/0xz  T_0.13, 4;
    %pushi/vec4 2, 0, 8;
    %cassign/vec4 v0x55dddf70d8c0_0;
T_0.13 ;
    %jmp T_0.6;
T_0.4 ;
    %load/vec4 v0x55dddf6edd00_0;
    %parti/s 4, 0, 2;
    %cmpi/e 10, 0, 4;
    %jmp/0xz  T_0.15, 4;
    %pushi/vec4 1, 0, 8;
    %cassign/vec4 v0x55dddf70d8c0_0;
T_0.15 ;
    %jmp T_0.6;
T_0.6 ;
    %pop/vec4 1;
    %jmp T_0;
    .thread T_0, $push;
    .scope S_0x55dddf70dbc0;
T_1 ;
    %wait E_0x55dddf6d6390;
    %load/vec4 v0x55dddf70e340_0;
    %store/vec4 v0x55dddf70e400_0, 0, 3;
    %pushi/vec4 0, 0, 8;
    %store/vec4 v0x55dddf70e280_0, 0, 8;
    %load/vec4 v0x55dddf70e400_0;
    %dup/vec4;
    %pushi/vec4 0, 0, 3;
    %cmp/u;
    %jmp/1 T_1.0, 6;
    %dup/vec4;
    %pushi/vec4 1, 0, 3;
    %cmp/u;
    %jmp/1 T_1.1, 6;
    %dup/vec4;
    %pushi/vec4 2, 0, 3;
    %cmp/u;
    %jmp/1 T_1.2, 6;
    %dup/vec4;
    %pushi/vec4 3, 0, 3;
    %cmp/u;
    %jmp/1 T_1.3, 6;
    %dup/vec4;
    %pushi/vec4 4, 0, 3;
    %cmp/u;
    %jmp/1 T_1.4, 6;
    %pushi/vec4 0, 0, 8;
    %cassign/vec4 v0x55dddf70e280_0;
    %jmp T_1.6;
T_1.0 ;
    %load/vec4 v0x55dddf70e1a0_0;
    %parti/s 4, 4, 4;
    %cmpi/e 10, 0, 4;
    %jmp/0xz  T_1.7, 4;
    %pushi/vec4 16, 0, 8;
    %cassign/vec4 v0x55dddf70e280_0;
T_1.7 ;
    %jmp T_1.6;
T_1.1 ;
    %load/vec4 v0x55dddf70e1a0_0;
    %parti/s 4, 3, 3;
    %cmpi/e 10, 0, 4;
    %jmp/0xz  T_1.9, 4;
    %pushi/vec4 8, 0, 8;
    %cassign/vec4 v0x55dddf70e280_0;
T_1.9 ;
    %jmp T_1.6;
T_1.2 ;
    %load/vec4 v0x55dddf70e1a0_0;
    %parti/s 4, 2, 3;
    %cmpi/e 10, 0, 4;
    %jmp/0xz  T_1.11, 4;
    %pushi/vec4 4, 0, 8;
    %cassign/vec4 v0x55dddf70e280_0;
T_1.11 ;
    %jmp T_1.6;
T_1.3 ;
    %load/vec4 v0x55dddf70e1a0_0;
    %parti/s 4, 1, 2;
    %cmpi/e 10, 0, 4;
    %jmp/0xz  T_1.13, 4;
    %pushi/vec4 2, 0, 8;
    %cassign/vec4 v0x55dddf70e280_0;
T_1.13 ;
    %jmp T_1.6;
T_1.4 ;
    %load/vec4 v0x55dddf70e1a0_0;
    %parti/s 4, 0, 2;
    %cmpi/e 10, 0, 4;
    %jmp/0xz  T_1.15, 4;
    %pushi/vec4 1, 0, 8;
    %cassign/vec4 v0x55dddf70e280_0;
T_1.15 ;
    %jmp T_1.6;
T_1.6 ;
    %pop/vec4 1;
    %jmp T_1;
    .thread T_1, $push;
    .scope S_0x55dddf70e560;
T_2 ;
    %wait E_0x55dddf6d6680;
    %load/vec4 v0x55dddf70ed30_0;
    %store/vec4 v0x55dddf70edf0_0, 0, 3;
    %pushi/vec4 0, 0, 8;
    %store/vec4 v0x55dddf70ec50_0, 0, 8;
    %load/vec4 v0x55dddf70edf0_0;
    %dup/vec4;
    %pushi/vec4 0, 0, 3;
    %cmp/u;
    %jmp/1 T_2.0, 6;
    %dup/vec4;
    %pushi/vec4 1, 0, 3;
    %cmp/u;
    %jmp/1 T_2.1, 6;
    %dup/vec4;
    %pushi/vec4 2, 0, 3;
    %cmp/u;
    %jmp/1 T_2.2, 6;
    %dup/vec4;
    %pushi/vec4 3, 0, 3;
    %cmp/u;
    %jmp/1 T_2.3, 6;
    %dup/vec4;
    %pushi/vec4 4, 0, 3;
    %cmp/u;
    %jmp/1 T_2.4, 6;
    %pushi/vec4 0, 0, 8;
    %cassign/vec4 v0x55dddf70ec50_0;
    %jmp T_2.6;
T_2.0 ;
    %load/vec4 v0x55dddf70eb20_0;
    %parti/s 4, 4, 4;
    %cmpi/e 10, 0, 4;
    %jmp/0xz  T_2.7, 4;
    %pushi/vec4 16, 0, 8;
    %cassign/vec4 v0x55dddf70ec50_0;
T_2.7 ;
    %jmp T_2.6;
T_2.1 ;
    %load/vec4 v0x55dddf70eb20_0;
    %parti/s 4, 3, 3;
    %cmpi/e 10, 0, 4;
    %jmp/0xz  T_2.9, 4;
    %pushi/vec4 8, 0, 8;
    %cassign/vec4 v0x55dddf70ec50_0;
T_2.9 ;
    %jmp T_2.6;
T_2.2 ;
    %load/vec4 v0x55dddf70eb20_0;
    %parti/s 4, 2, 3;
    %cmpi/e 10, 0, 4;
    %jmp/0xz  T_2.11, 4;
    %pushi/vec4 4, 0, 8;
    %cassign/vec4 v0x55dddf70ec50_0;
T_2.11 ;
    %jmp T_2.6;
T_2.3 ;
    %load/vec4 v0x55dddf70eb20_0;
    %parti/s 4, 1, 2;
    %cmpi/e 10, 0, 4;
    %jmp/0xz  T_2.13, 4;
    %pushi/vec4 2, 0, 8;
    %cassign/vec4 v0x55dddf70ec50_0;
T_2.13 ;
    %jmp T_2.6;
T_2.4 ;
    %load/vec4 v0x55dddf70eb20_0;
    %parti/s 4, 0, 2;
    %cmpi/e 10, 0, 4;
    %jmp/0xz  T_2.15, 4;
    %pushi/vec4 1, 0, 8;
    %cassign/vec4 v0x55dddf70ec50_0;
T_2.15 ;
    %jmp T_2.6;
T_2.6 ;
    %pop/vec4 1;
    %jmp T_2;
    .thread T_2, $push;
    .scope S_0x55dddf70ef50;
T_3 ;
    %wait E_0x55dddf6eb560;
    %load/vec4 v0x55dddf70f6f0_0;
    %store/vec4 v0x55dddf70f7b0_0, 0, 3;
    %pushi/vec4 0, 0, 8;
    %store/vec4 v0x55dddf70f610_0, 0, 8;
    %load/vec4 v0x55dddf70f7b0_0;
    %dup/vec4;
    %pushi/vec4 0, 0, 3;
    %cmp/u;
    %jmp/1 T_3.0, 6;
    %dup/vec4;
    %pushi/vec4 1, 0, 3;
    %cmp/u;
    %jmp/1 T_3.1, 6;
    %dup/vec4;
    %pushi/vec4 2, 0, 3;
    %cmp/u;
    %jmp/1 T_3.2, 6;
    %dup/vec4;
    %pushi/vec4 3, 0, 3;
    %cmp/u;
    %jmp/1 T_3.3, 6;
    %dup/vec4;
    %pushi/vec4 4, 0, 3;
    %cmp/u;
    %jmp/1 T_3.4, 6;
    %pushi/vec4 0, 0, 8;
    %cassign/vec4 v0x55dddf70f610_0;
    %jmp T_3.6;
T_3.0 ;
    %load/vec4 v0x55dddf70f530_0;
    %parti/s 4, 4, 4;
    %cmpi/e 10, 0, 4;
    %jmp/0xz  T_3.7, 4;
    %pushi/vec4 16, 0, 8;
    %cassign/vec4 v0x55dddf70f610_0;
T_3.7 ;
    %jmp T_3.6;
T_3.1 ;
    %load/vec4 v0x55dddf70f530_0;
    %parti/s 4, 3, 3;
    %cmpi/e 10, 0, 4;
    %jmp/0xz  T_3.9, 4;
    %pushi/vec4 8, 0, 8;
    %cassign/vec4 v0x55dddf70f610_0;
T_3.9 ;
    %jmp T_3.6;
T_3.2 ;
    %load/vec4 v0x55dddf70f530_0;
    %parti/s 4, 2, 3;
    %cmpi/e 10, 0, 4;
    %jmp/0xz  T_3.11, 4;
    %pushi/vec4 4, 0, 8;
    %cassign/vec4 v0x55dddf70f610_0;
T_3.11 ;
    %jmp T_3.6;
T_3.3 ;
    %load/vec4 v0x55dddf70f530_0;
    %parti/s 4, 1, 2;
    %cmpi/e 10, 0, 4;
    %jmp/0xz  T_3.13, 4;
    %pushi/vec4 2, 0, 8;
    %cassign/vec4 v0x55dddf70f610_0;
T_3.13 ;
    %jmp T_3.6;
T_3.4 ;
    %load/vec4 v0x55dddf70f530_0;
    %parti/s 4, 0, 2;
    %cmpi/e 10, 0, 4;
    %jmp/0xz  T_3.15, 4;
    %pushi/vec4 1, 0, 8;
    %cassign/vec4 v0x55dddf70f610_0;
T_3.15 ;
    %jmp T_3.6;
T_3.6 ;
    %pop/vec4 1;
    %jmp T_3;
    .thread T_3, $push;
    .scope S_0x55dddf70f910;
T_4 ;
    %wait E_0x55dddf6ecad0;
    %load/vec4 v0x55dddf710100_0;
    %store/vec4 v0x55dddf7101c0_0, 0, 3;
    %pushi/vec4 0, 0, 8;
    %store/vec4 v0x55dddf710020_0, 0, 8;
    %load/vec4 v0x55dddf7101c0_0;
    %dup/vec4;
    %pushi/vec4 0, 0, 3;
    %cmp/u;
    %jmp/1 T_4.0, 6;
    %dup/vec4;
    %pushi/vec4 1, 0, 3;
    %cmp/u;
    %jmp/1 T_4.1, 6;
    %dup/vec4;
    %pushi/vec4 2, 0, 3;
    %cmp/u;
    %jmp/1 T_4.2, 6;
    %dup/vec4;
    %pushi/vec4 3, 0, 3;
    %cmp/u;
    %jmp/1 T_4.3, 6;
    %dup/vec4;
    %pushi/vec4 4, 0, 3;
    %cmp/u;
    %jmp/1 T_4.4, 6;
    %pushi/vec4 0, 0, 8;
    %cassign/vec4 v0x55dddf710020_0;
    %jmp T_4.6;
T_4.0 ;
    %load/vec4 v0x55dddf70ff40_0;
    %parti/s 4, 4, 4;
    %cmpi/e 10, 0, 4;
    %jmp/0xz  T_4.7, 4;
    %pushi/vec4 16, 0, 8;
    %cassign/vec4 v0x55dddf710020_0;
T_4.7 ;
    %jmp T_4.6;
T_4.1 ;
    %load/vec4 v0x55dddf70ff40_0;
    %parti/s 4, 3, 3;
    %cmpi/e 10, 0, 4;
    %jmp/0xz  T_4.9, 4;
    %pushi/vec4 8, 0, 8;
    %cassign/vec4 v0x55dddf710020_0;
T_4.9 ;
    %jmp T_4.6;
T_4.2 ;
    %load/vec4 v0x55dddf70ff40_0;
    %parti/s 4, 2, 3;
    %cmpi/e 10, 0, 4;
    %jmp/0xz  T_4.11, 4;
    %pushi/vec4 4, 0, 8;
    %cassign/vec4 v0x55dddf710020_0;
T_4.11 ;
    %jmp T_4.6;
T_4.3 ;
    %load/vec4 v0x55dddf70ff40_0;
    %parti/s 4, 1, 2;
    %cmpi/e 10, 0, 4;
    %jmp/0xz  T_4.13, 4;
    %pushi/vec4 2, 0, 8;
    %cassign/vec4 v0x55dddf710020_0;
T_4.13 ;
    %jmp T_4.6;
T_4.4 ;
    %load/vec4 v0x55dddf70ff40_0;
    %parti/s 4, 0, 2;
    %cmpi/e 10, 0, 4;
    %jmp/0xz  T_4.15, 4;
    %pushi/vec4 1, 0, 8;
    %cassign/vec4 v0x55dddf710020_0;
T_4.15 ;
    %jmp T_4.6;
T_4.6 ;
    %pop/vec4 1;
    %jmp T_4;
    .thread T_4, $push;
    .scope S_0x55dddf6ed550;
T_5 ;
    %vpi_call 2 11 "$monitor", $time, " A = %b, B = %b", v0x55dddf710bb0_0, v0x55dddf710c70_0 {0 0 0};
    %pushi/vec4 8, 0, 8;
    %store/vec4 v0x55dddf710bb0_0, 0, 8;
    %delay 5, 0;
    %pushi/vec4 23, 0, 8;
    %store/vec4 v0x55dddf710bb0_0, 0, 8;
    %delay 5, 0;
    %pushi/vec4 39, 0, 8;
    %store/vec4 v0x55dddf710bb0_0, 0, 8;
    %delay 5, 0;
    %pushi/vec4 110, 0, 8;
    %store/vec4 v0x55dddf710bb0_0, 0, 8;
    %delay 5, 0;
    %pushi/vec4 74, 0, 8;
    %store/vec4 v0x55dddf710bb0_0, 0, 8;
    %delay 5, 0;
    %pushi/vec4 65, 0, 8;
    %store/vec4 v0x55dddf710bb0_0, 0, 8;
    %delay 5, 0;
    %pushi/vec4 23, 0, 8;
    %store/vec4 v0x55dddf710bb0_0, 0, 8;
    %delay 5, 0;
    %pushi/vec4 42, 0, 8;
    %store/vec4 v0x55dddf710bb0_0, 0, 8;
    %delay 5, 0;
    %pushi/vec4 200, 0, 8;
    %store/vec4 v0x55dddf710bb0_0, 0, 8;
    %delay 5, 0;
    %pushi/vec4 123, 0, 8;
    %store/vec4 v0x55dddf710bb0_0, 0, 8;
    %delay 5, 0;
    %pushi/vec4 96, 0, 8;
    %store/vec4 v0x55dddf710bb0_0, 0, 8;
    %delay 5, 0;
    %pushi/vec4 75, 0, 8;
    %store/vec4 v0x55dddf710bb0_0, 0, 8;
    %delay 5, 0;
    %pushi/vec4 33, 0, 8;
    %store/vec4 v0x55dddf710bb0_0, 0, 8;
    %delay 5, 0;
    %pushi/vec4 74, 0, 8;
    %store/vec4 v0x55dddf710bb0_0, 0, 8;
    %delay 5, 0;
    %pushi/vec4 34, 0, 8;
    %store/vec4 v0x55dddf710bb0_0, 0, 8;
    %delay 5, 0;
    %vpi_call 2 27 "$finish" {0 0 0};
    %end;
    .thread T_5;
# The file index is used to find the file name in the following table.
:file_names 5;
    "N/A";
    "<interactive>";
    "FSM_driver_tb.v";
    "./FSM_driver.v";
    "./FSM.v";
